This file contains any messages produced by compilers while
running configure, to aid debugging if configure makes a mistake.

It was created by ViennaRNA configure 2.7.0, which was
generated by GNU Autoconf 2.72.  Invocation command line was

  $ ./configure --disable-lto

## --------- ##
## Platform. ##
## --------- ##

hostname = 10-17-61-211.dynapool.wireless.nyu.edu
uname -m = arm64
uname -r = 23.3.0
uname -s = Darwin
uname -v = Darwin Kernel Version 23.3.0: Wed Dec 20 21:31:00 PST 2023; root:xnu-10002.81.5~7/RELEASE_ARM64_T6020

/usr/bin/uname -p = arm
/bin/uname -X     = unknown

/bin/arch              = unknown
/usr/bin/arch -k       = unknown
/usr/convex/getsysinfo = unknown
/usr/bin/hostinfo      = Mach kernel version:
	 Darwin Kernel Version 23.3.0: Wed Dec 20 21:31:00 PST 2023; root:xnu-10002.81.5~7/RELEASE_ARM64_T6020
Kernel configured for up to 10 processors.
10 processors are physically available.
10 processors are logically available.
Processor type: arm64e (ARM64E)
Processors active: 0 1 2 3 4 5 6 7 8 9
Primary memory available: 16.00 gigabytes
Default processor set: 593 tasks, 2481 threads, 10 processors
Load average: 2.32, Mach factor: 7.66
/bin/machine           = unknown
/usr/bin/oslevel       = unknown
/bin/universe          = unknown

PATH: /Users/mateusaragao/.vscode/extensions/ms-python.python-2024.2.1/pythonFiles/deactivate/zsh/
PATH: /Users/mateusaragao/interpretable-splicing-visualization/myenv/bin/
PATH: /opt/homebrew/bin/
PATH: /opt/homebrew/sbin/
PATH: /Users/mateusaragao/.vscode/extensions/ms-python.python-2024.2.1/pythonFiles/deactivate/zsh/
PATH: /Users/mateusaragao/interpretable-splicing-visualization/myenv/bin/
PATH: /Library/Frameworks/Python.framework/Versions/3.10/bin/
PATH: /opt/homebrew/bin/
PATH: /opt/homebrew/sbin/
PATH: /Library/Frameworks/Python.framework/Versions/3.11/bin/
PATH: /usr/local/bin/
PATH: /System/Cryptexes/App/usr/bin/
PATH: /usr/bin/
PATH: /bin/
PATH: /usr/sbin/
PATH: /sbin/
PATH: /var/run/com.apple.security.cryptexd/codex.system/bootstrap/usr/local/bin/
PATH: /var/run/com.apple.security.cryptexd/codex.system/bootstrap/usr/bin/
PATH: /var/run/com.apple.security.cryptexd/codex.system/bootstrap/usr/appleinternal/bin/
PATH: /Library/Apple/usr/bin/
PATH: /usr/local/go/bin/
PATH: /Users/mateusaragao/.vscode/extensions/ms-python.python-2024.2.1/pythonFiles/deactivate/zsh/
PATH: /Users/mateusaragao/interpretable-splicing-visualization/myenv/bin/
PATH: /opt/homebrew/Caskroom/miniconda/base/bin/
PATH: /opt/homebrew/Caskroom/miniconda/base/condabin/
PATH: /opt/homebrew/bin/
PATH: /opt/homebrew/sbin/
PATH: /Library/Frameworks/Python.framework/Versions/3.10/bin/
PATH: /Library/Frameworks/Python.framework/Versions/3.11/bin/


## ----------- ##
## Core tests. ##
## ----------- ##

configure:3478: looking for aux files: tap-driver.sh ltmain.sh ar-lib config.guess config.sub missing install-sh compile
configure:3491:  trying ./config/
configure:3520:   ./config/tap-driver.sh found
configure:3520:   ./config/ltmain.sh found
configure:3520:   ./config/ar-lib found
configure:3520:   ./config/config.guess found
configure:3520:   ./config/config.sub found
configure:3520:   ./config/missing found
configure:3502:   ./config/install-sh found
configure:3520:   ./config/compile found
configure:3741: checking for gcc
configure:3762: found /usr/bin/gcc
configure:3774: result: gcc
configure:4133: checking for C compiler version
configure:4142: gcc --version >&5
Apple clang version 15.0.0 (clang-1500.1.0.2.5)
Target: arm64-apple-darwin23.3.0
Thread model: posix
InstalledDir: /Applications/Xcode.app/Contents/Developer/Toolchains/XcodeDefault.xctoolchain/usr/bin
configure:4153: $? = 0
configure:4142: gcc -v >&5
Apple clang version 15.0.0 (clang-1500.1.0.2.5)
Target: arm64-apple-darwin23.3.0
Thread model: posix
InstalledDir: /Applications/Xcode.app/Contents/Developer/Toolchains/XcodeDefault.xctoolchain/usr/bin
configure:4153: $? = 0
configure:4142: gcc -V >&5
clang: error: argument to '-V' is missing (expected 1 value)
clang: error: no input files
configure:4153: $? = 1
configure:4142: gcc -qversion >&5
clang: error: unknown argument '-qversion'; did you mean '--version'?
clang: error: no input files
configure:4153: $? = 1
configure:4142: gcc -version >&5
clang: error: unknown argument '-version'; did you mean '--version'?
clang: error: no input files
configure:4153: $? = 1
configure:4173: checking whether the C compiler works
configure:4195: gcc    conftest.c  >&5
configure:4199: $? = 0
configure:4250: result: yes
configure:4254: checking for C compiler default output file name
configure:4256: result: a.out
configure:4262: checking for suffix of executables
configure:4269: gcc -o conftest    conftest.c  >&5
configure:4273: $? = 0
configure:4297: result: 
configure:4321: checking whether we are cross compiling
configure:4329: gcc -o conftest    conftest.c  >&5
configure:4333: $? = 0
configure:4340: ./conftest
configure:4344: $? = 0
configure:4359: result: no
configure:4365: checking for suffix of object files
configure:4388: gcc -c   conftest.c >&5
configure:4392: $? = 0
configure:4416: result: o
configure:4420: checking whether the compiler supports GNU C
configure:4440: gcc -c   conftest.c >&5
configure:4440: $? = 0
configure:4452: result: yes
configure:4463: checking whether gcc accepts -g
configure:4484: gcc -c -g  conftest.c >&5
configure:4484: $? = 0
configure:4531: result: yes
configure:4551: checking for gcc option to enable C11 features
configure:4566: gcc  -c -g -O2  conftest.c >&5
configure:4566: $? = 0
configure:4585: result: none needed
configure:4709: checking whether gcc understands -c and -o together
configure:4732: gcc -c conftest.c -o conftest2.o
configure:4735: $? = 0
configure:4732: gcc -c conftest.c -o conftest2.o
configure:4735: $? = 0
configure:4748: result: yes
configure:4770: checking for stdio.h
configure:4770: gcc -c -g -O2  conftest.c >&5
configure:4770: $? = 0
configure:4770: result: yes
configure:4770: checking for stdlib.h
configure:4770: gcc -c -g -O2  conftest.c >&5
configure:4770: $? = 0
configure:4770: result: yes
configure:4770: checking for string.h
configure:4770: gcc -c -g -O2  conftest.c >&5
configure:4770: $? = 0
configure:4770: result: yes
configure:4770: checking for inttypes.h
configure:4770: gcc -c -g -O2  conftest.c >&5
configure:4770: $? = 0
configure:4770: result: yes
configure:4770: checking for stdint.h
configure:4770: gcc -c -g -O2  conftest.c >&5
configure:4770: $? = 0
configure:4770: result: yes
configure:4770: checking for strings.h
configure:4770: gcc -c -g -O2  conftest.c >&5
configure:4770: $? = 0
configure:4770: result: yes
configure:4770: checking for sys/stat.h
configure:4770: gcc -c -g -O2  conftest.c >&5
configure:4770: $? = 0
configure:4770: result: yes
configure:4770: checking for sys/types.h
configure:4770: gcc -c -g -O2  conftest.c >&5
configure:4770: $? = 0
configure:4770: result: yes
configure:4770: checking for unistd.h
configure:4770: gcc -c -g -O2  conftest.c >&5
configure:4770: $? = 0
configure:4770: result: yes
configure:4770: checking for wchar.h
configure:4770: gcc -c -g -O2  conftest.c >&5
configure:4770: $? = 0
configure:4770: result: yes
configure:4770: checking for minix/config.h
configure:4770: gcc -c -g -O2  conftest.c >&5
conftest.c:47:10: fatal error: 'minix/config.h' file not found
#include <minix/config.h>
         ^~~~~~~~~~~~~~~~
1 error generated.
configure:4770: $? = 1
configure: failed program was:
| /* confdefs.h */
| #define PACKAGE_NAME "ViennaRNA"
| #define PACKAGE_TARNAME "ViennaRNA"
| #define PACKAGE_VERSION "2.7.0"
| #define PACKAGE_STRING "ViennaRNA 2.7.0"
| #define PACKAGE_BUGREPORT "rna@tbi.univie.ac.at"
| #define PACKAGE_URL "https://www.tbi.univie.ac.at/RNA"
| #define HAVE_STDIO_H 1
| #define HAVE_STDLIB_H 1
| #define HAVE_STRING_H 1
| #define HAVE_INTTYPES_H 1
| #define HAVE_STDINT_H 1
| #define HAVE_STRINGS_H 1
| #define HAVE_SYS_STAT_H 1
| #define HAVE_SYS_TYPES_H 1
| #define HAVE_UNISTD_H 1
| #define HAVE_WCHAR_H 1
| /* end confdefs.h.  */
| #include <stddef.h>
| #ifdef HAVE_STDIO_H
| # include <stdio.h>
| #endif
| #ifdef HAVE_STDLIB_H
| # include <stdlib.h>
| #endif
| #ifdef HAVE_STRING_H
| # include <string.h>
| #endif
| #ifdef HAVE_INTTYPES_H
| # include <inttypes.h>
| #endif
| #ifdef HAVE_STDINT_H
| # include <stdint.h>
| #endif
| #ifdef HAVE_STRINGS_H
| # include <strings.h>
| #endif
| #ifdef HAVE_SYS_TYPES_H
| # include <sys/types.h>
| #endif
| #ifdef HAVE_SYS_STAT_H
| # include <sys/stat.h>
| #endif
| #ifdef HAVE_UNISTD_H
| # include <unistd.h>
| #endif
| #include <minix/config.h>
configure:4770: result: no
configure:4801: checking whether it is safe to define __EXTENSIONS__
configure:4820: gcc -c -g -O2  conftest.c >&5
configure:4820: $? = 0
configure:4830: result: yes
configure:4833: checking whether _XOPEN_SOURCE should be defined
configure:4855: gcc -c -g -O2  conftest.c >&5
configure:4855: $? = 0
configure:4884: result: no
configure:4953: checking whether make supports nested variables
configure:4972: result: yes
configure:4996: checking for a BSD-compatible install
configure:5070: result: /usr/bin/install -c
configure:5081: checking whether sleep supports fractional seconds
configure:5097: result: yes
configure:5100: checking filesystem timestamp resolution
configure:5235: result: 2
configure:5240: checking whether build environment is sane
configure:5281: result: yes
configure:5448: checking for a race-free mkdir -p
configure:5491: result: mkdir -p
configure:5498: checking for gawk
configure:5534: result: no
configure:5498: checking for mawk
configure:5534: result: no
configure:5498: checking for nawk
configure:5534: result: no
configure:5498: checking for awk
configure:5519: found /usr/bin/awk
configure:5531: result: awk
configure:5542: checking whether make sets $(MAKE)
configure:5566: result: yes
configure:5588: checking whether make supports the include directive
configure:5603: make -f confmf.GNU && cat confinc.out
this is the am__doit target
configure:5606: $? = 0
configure:5625: result: yes (GNU style)
configure:5658: checking xargs -n works
configure:5674: result: yes
configure:5759: checking whether UID '501' is supported by ustar format
configure:5765: result: yes
configure:5772: checking whether GID '20' is supported by ustar format
configure:5778: result: yes
configure:5786: checking how to create a ustar tar archive
configure:5797: tar --version
bsdtar 3.5.3 - libarchive 3.5.3 zlib/1.2.12 liblzma/5.0.5 bz2lib/1.0.8 
configure:5800: $? = 0
configure:5840: tardir=conftest.dir && eval tar --format=ustar -chf - "$tardir" >conftest.tar
configure:5843: $? = 0
configure:5847: tar -xf - <conftest.tar
configure:5850: $? = 0
configure:5852: cat conftest.dir/file
GrepMe
configure:5855: $? = 0
configure:5870: result: gnutar
configure:5879: checking dependency style of gcc
configure:5992: result: gcc3
configure:6030: checking if malloc debugging is wanted
configure:6049: result: no
configure:6065: checking build system type
configure:6081: result: aarch64-apple-darwin23.3.0
configure:6101: checking host system type
configure:6116: result: aarch64-apple-darwin23.3.0
configure:6207: checking for g++
configure:6228: found /usr/bin/g++
configure:6240: result: g++
configure:6267: checking for C++ compiler version
configure:6276: g++ --version >&5
Apple clang version 15.0.0 (clang-1500.1.0.2.5)
Target: arm64-apple-darwin23.3.0
Thread model: posix
InstalledDir: /Applications/Xcode.app/Contents/Developer/Toolchains/XcodeDefault.xctoolchain/usr/bin
configure:6287: $? = 0
configure:6276: g++ -v >&5
Apple clang version 15.0.0 (clang-1500.1.0.2.5)
Target: arm64-apple-darwin23.3.0
Thread model: posix
InstalledDir: /Applications/Xcode.app/Contents/Developer/Toolchains/XcodeDefault.xctoolchain/usr/bin
configure:6287: $? = 0
configure:6276: g++ -V >&5
clang: error: argument to '-V' is missing (expected 1 value)
clang: error: no input files
configure:6287: $? = 1
configure:6276: g++ -qversion >&5
clang: error: unknown argument '-qversion'; did you mean '--version'?
clang: error: no input files
configure:6287: $? = 1
configure:6291: checking whether the compiler supports GNU C++
configure:6311: g++ -c   conftest.cpp >&5
configure:6311: $? = 0
configure:6323: result: yes
configure:6334: checking whether g++ accepts -g
configure:6355: g++ -c -g  conftest.cpp >&5
configure:6355: $? = 0
configure:6402: result: yes
configure:6422: checking for g++ option to enable C++11 features
configure:6437: g++  -c -g -O2  conftest.cpp >&5
conftest.cpp:85:3: error: "Compiler does not advertise C++11 conformance"
# error "Compiler does not advertise C++11 conformance"
  ^
conftest.cpp:90:3: error: unknown type name 'constexpr'
  constexpr int get_val() { return 20; }
  ^
conftest.cpp:102:17: error: delegating constructors are permitted only in C++11
    delegate(): delegate(2354) {}
                ^~~~~~~~
conftest.cpp:113:26: warning: 'override' keyword is a C++11 extension [-Wc++11-extensions]
    virtual int getval() override final { return this->n * 2; }
                         ^
conftest.cpp:113:35: warning: 'final' keyword is a C++11 extension [-Wc++11-extensions]
    virtual int getval() override final { return this->n * 2; }
                                  ^
conftest.cpp:120:16: warning: defaulted function definitions are a C++11 extension [-Wc++11-extensions]
    nocopy() = default;
               ^
conftest.cpp:121:29: warning: deleted function definitions are a C++11 extension [-Wc++11-extensions]
    nocopy(const nocopy&) = delete;
                            ^
conftest.cpp:122:41: warning: deleted function definitions are a C++11 extension [-Wc++11-extensions]
    nocopy & operator=(const nocopy&) = delete;
                                        ^
conftest.cpp:134:25: warning: 'auto' type specifier is a C++11 extension [-Wc++11-extensions]
  template <typename V> auto sum(V first) -> V
                        ^
conftest.cpp:134:25: error: 'auto' not allowed in function return type
  template <typename V> auto sum(V first) -> V
                        ^~~~
conftest.cpp:134:42: error: expected ';' at end of declaration
  template <typename V> auto sum(V first) -> V
                                         ^
                                         ;
conftest.cpp:134:43: error: cannot use arrow operator on a type
  template <typename V> auto sum(V first) -> V
                                          ^
conftest.cpp:138:33: warning: variadic templates are a C++11 extension [-Wc++11-extensions]
  template <typename V, typename... Args> auto sum(V first, Args... rest) -> V
                                ^
conftest.cpp:138:43: warning: 'auto' type specifier is a C++11 extension [-Wc++11-extensions]
  template <typename V, typename... Args> auto sum(V first, Args... rest) -> V
                                          ^
conftest.cpp:138:43: error: 'auto' not allowed in function return type
  template <typename V, typename... Args> auto sum(V first, Args... rest) -> V
                                          ^~~~
conftest.cpp:138:74: error: expected ';' at end of declaration
  template <typename V, typename... Args> auto sum(V first, Args... rest) -> V
                                                                         ^
                                                                         ;
conftest.cpp:138:75: error: cannot use arrow operator on a type
  template <typename V, typename... Args> auto sum(V first, Args... rest) -> V
                                                                          ^
conftest.cpp:162:3: warning: 'auto' type specifier is a C++11 extension [-Wc++11-extensions]
  auto a1 = 6538;
  ^
conftest.cpp:163:3: warning: 'auto' type specifier is a C++11 extension [-Wc++11-extensions]
  auto a2 = 48573953.4;
  ^
conftest.cpp:164:3: warning: 'auto' type specifier is a C++11 extension [-Wc++11-extensions]
  auto a3 = "String literal";
  ^
conftest.cpp:167:8: warning: 'auto' type specifier is a C++11 extension [-Wc++11-extensions]
  for (auto i = a3; *i; ++i) { total += *i; }
       ^
conftest.cpp:183:8: warning: 'auto' type specifier is a C++11 extension [-Wc++11-extensions]
  for (auto &x : array) { x += 23; }
       ^
conftest.cpp:183:16: warning: range-based for loop is a C++11 extension [-Wc++11-extensions]
  for (auto &x : array) { x += 23; }
               ^
conftest.cpp:188:17: error: expected expression
  assert (eval ([](int x) { return x*2; }, 21) == 42);
                ^
conftest.cpp:190:17: error: expected expression
  assert (eval ([&](double x) { return d += x; }, 3.0) == 5.0);
                ^
conftest.cpp:192:17: error: expected expression
  assert (eval ([=](double x) mutable { return d += x; }, 4.0) == 9.0);
                ^
conftest.cpp:198:3: warning: 'auto' type specifier is a C++11 extension [-Wc++11-extensions]
  auto a = sum(1);
  ^
conftest.cpp:198:12: error: no matching function for call to 'sum'
  auto a = sum(1);
           ^~~
conftest.cpp:199:3: warning: 'auto' type specifier is a C++11 extension [-Wc++11-extensions]
  auto b = sum(1, 2);
  ^
conftest.cpp:199:12: error: no matching function for call to 'sum'
  auto b = sum(1, 2);
           ^~~
conftest.cpp:200:3: warning: 'auto' type specifier is a C++11 extension [-Wc++11-extensions]
  auto c = sum(1.0, 2.0, 3.0);
  ^
conftest.cpp:200:12: error: no matching function for call to 'sum'
  auto c = sum(1.0, 2.0, 3.0);
           ^~~
conftest.cpp:205:25: warning: empty parentheses interpreted as a function declaration [-Wvexing-parse]
  cxx11test::delegate d2();
                        ^~
conftest.cpp:205:25: note: remove parentheses to declare a variable
  cxx11test::delegate d2();
                        ^~
conftest.cpp:218:16: error: found '<::' after a template name which forms the digraph '<:' (aka '[') and a ':', did you mean '< ::'?
  test_template<::test_template<int>> v(test_template<int>(12));
               ^~~
               < ::
conftest.cpp:218:36: error: a space is required between consecutive right angle brackets (use '> >')
  test_template<::test_template<int>> v(test_template<int>(12));
                                   ^~
                                   > >
conftest.cpp:222:22: error: use of undeclared identifier 'u8'
  char const *utf8 = u8"UTF-8 string \u2500";
                     ^
conftest.cpp:222:24: error: expected ';' at end of declaration
  char const *utf8 = u8"UTF-8 string \u2500";
                       ^
                       ;
fatal error: too many errors emitted, stopping now [-ferror-limit=]
18 warnings and 20 errors generated.
configure:6437: $? = 1
configure: failed program was:
| /* confdefs.h */
| #define PACKAGE_NAME "ViennaRNA"
| #define PACKAGE_TARNAME "ViennaRNA"
| #define PACKAGE_VERSION "2.7.0"
| #define PACKAGE_STRING "ViennaRNA 2.7.0"
| #define PACKAGE_BUGREPORT "rna@tbi.univie.ac.at"
| #define PACKAGE_URL "https://www.tbi.univie.ac.at/RNA"
| #define HAVE_STDIO_H 1
| #define HAVE_STDLIB_H 1
| #define HAVE_STRING_H 1
| #define HAVE_INTTYPES_H 1
| #define HAVE_STDINT_H 1
| #define HAVE_STRINGS_H 1
| #define HAVE_SYS_STAT_H 1
| #define HAVE_SYS_TYPES_H 1
| #define HAVE_UNISTD_H 1
| #define HAVE_WCHAR_H 1
| #define STDC_HEADERS 1
| #define _ALL_SOURCE 1
| #define _DARWIN_C_SOURCE 1
| #define _GNU_SOURCE 1
| #define _HPUX_ALT_XOPEN_SOCKET_API 1
| #define _NETBSD_SOURCE 1
| #define _OPENBSD_SOURCE 1
| #define _POSIX_PTHREAD_SEMANTICS 1
| #define __STDC_WANT_IEC_60559_ATTRIBS_EXT__ 1
| #define __STDC_WANT_IEC_60559_BFP_EXT__ 1
| #define __STDC_WANT_IEC_60559_DFP_EXT__ 1
| #define __STDC_WANT_IEC_60559_EXT__ 1
| #define __STDC_WANT_IEC_60559_FUNCS_EXT__ 1
| #define __STDC_WANT_IEC_60559_TYPES_EXT__ 1
| #define __STDC_WANT_LIB_EXT2__ 1
| #define __STDC_WANT_MATH_SPEC_FUNCS__ 1
| #define _TANDEM_SOURCE 1
| #define __EXTENSIONS__ 1
| #define PACKAGE "ViennaRNA"
| #define VERSION "2.7.0"
| /* end confdefs.h.  */
| 
| // Does the compiler advertise C++98 conformance?
| #if !defined __cplusplus || __cplusplus < 199711L
| # error "Compiler does not advertise C++98 conformance"
| #endif
| 
| // These inclusions are to reject old compilers that
| // lack the unsuffixed header files.
| #include <cstdlib>
| #include <exception>
| 
| // <cassert> and <cstring> are *not* freestanding headers in C++98.
| extern void assert (int);
| namespace std {
|   extern int strcmp (const char *, const char *);
| }
| 
| // Namespaces, exceptions, and templates were all added after "C++ 2.0".
| using std::exception;
| using std::strcmp;
| 
| namespace {
| 
| void test_exception_syntax()
| {
|   try {
|     throw "test";
|   } catch (const char *s) {
|     // Extra parentheses suppress a warning when building autoconf itself,
|     // due to lint rules shared with more typical C programs.
|     assert (!(strcmp) (s, "test"));
|   }
| }
| 
| template <typename T> struct test_template
| {
|   T const val;
|   explicit test_template(T t) : val(t) {}
|   template <typename U> T add(U u) { return static_cast<T>(u) + val; }
| };
| 
| } // anonymous namespace
| 
| 
| // Does the compiler advertise C++ 2011 conformance?
| #if !defined __cplusplus || __cplusplus < 201103L
| # error "Compiler does not advertise C++11 conformance"
| #endif
| 
| namespace cxx11test
| {
|   constexpr int get_val() { return 20; }
| 
|   struct testinit
|   {
|     int i;
|     double d;
|   };
| 
|   class delegate
|   {
|   public:
|     delegate(int n) : n(n) {}
|     delegate(): delegate(2354) {}
| 
|     virtual int getval() { return this->n; };
|   protected:
|     int n;
|   };
| 
|   class overridden : public delegate
|   {
|   public:
|     overridden(int n): delegate(n) {}
|     virtual int getval() override final { return this->n * 2; }
|   };
| 
|   class nocopy
|   {
|   public:
|     nocopy(int i): i(i) {}
|     nocopy() = default;
|     nocopy(const nocopy&) = delete;
|     nocopy & operator=(const nocopy&) = delete;
|   private:
|     int i;
|   };
| 
|   // for testing lambda expressions
|   template <typename Ret, typename Fn> Ret eval(Fn f, Ret v)
|   {
|     return f(v);
|   }
| 
|   // for testing variadic templates and trailing return types
|   template <typename V> auto sum(V first) -> V
|   {
|     return first;
|   }
|   template <typename V, typename... Args> auto sum(V first, Args... rest) -> V
|   {
|     return first + sum(rest...);
|   }
| }
| 
| 
| int
| main (int argc, char **argv)
| {
|   int ok = 0;
|   
|   assert (argc);
|   assert (! argv[0]);
| {
|   test_exception_syntax ();
|   test_template<double> tt (2.0);
|   assert (tt.add (4) == 6.0);
|   assert (true && !false);
| }
| 
|   
| {
|   // Test auto and decltype
|   auto a1 = 6538;
|   auto a2 = 48573953.4;
|   auto a3 = "String literal";
| 
|   int total = 0;
|   for (auto i = a3; *i; ++i) { total += *i; }
| 
|   decltype(a2) a4 = 34895.034;
| }
| {
|   // Test constexpr
|   short sa[cxx11test::get_val()] = { 0 };
| }
| {
|   // Test initializer lists
|   cxx11test::testinit il = { 4323, 435234.23544 };
| }
| {
|   // Test range-based for
|   int array[] = {9, 7, 13, 15, 4, 18, 12, 10, 5, 3,
|                  14, 19, 17, 8, 6, 20, 16, 2, 11, 1};
|   for (auto &x : array) { x += 23; }
| }
| {
|   // Test lambda expressions
|   using cxx11test::eval;
|   assert (eval ([](int x) { return x*2; }, 21) == 42);
|   double d = 2.0;
|   assert (eval ([&](double x) { return d += x; }, 3.0) == 5.0);
|   assert (d == 5.0);
|   assert (eval ([=](double x) mutable { return d += x; }, 4.0) == 9.0);
|   assert (d == 5.0);
| }
| {
|   // Test use of variadic templates
|   using cxx11test::sum;
|   auto a = sum(1);
|   auto b = sum(1, 2);
|   auto c = sum(1.0, 2.0, 3.0);
| }
| {
|   // Test constructor delegation
|   cxx11test::delegate d1;
|   cxx11test::delegate d2();
|   cxx11test::delegate d3(45);
| }
| {
|   // Test override and final
|   cxx11test::overridden o1(55464);
| }
| {
|   // Test nullptr
|   char *c = nullptr;
| }
| {
|   // Test template brackets
|   test_template<::test_template<int>> v(test_template<int>(12));
| }
| {
|   // Unicode literals
|   char const *utf8 = u8"UTF-8 string \u2500";
|   char16_t const *utf16 = u"UTF-8 string \u2500";
|   char32_t const *utf32 = U"UTF-32 string \u2500";
| }
| 
|   return ok;
| }
| 
configure:6437: g++ -std=gnu++11 -c -g -O2  conftest.cpp >&5
conftest.cpp:205:25: warning: empty parentheses interpreted as a function declaration [-Wvexing-parse]
  cxx11test::delegate d2();
                        ^~
conftest.cpp:205:25: note: remove parentheses to declare a variable
  cxx11test::delegate d2();
                        ^~
1 warning generated.
configure:6437: $? = 0
configure:6459: result: -std=gnu++11
configure:6527: checking dependency style of g++ -std=gnu++11
configure:6640: result: gcc3
configure:6660: checking how to run the C++ preprocessor
configure:6682: g++ -std=gnu++11 -E  conftest.cpp
configure:6682: $? = 0
configure:6698: g++ -std=gnu++11 -E  conftest.cpp
conftest.cpp:39:10: fatal error: 'ac_nonexistent.h' file not found
#include <ac_nonexistent.h>
         ^~~~~~~~~~~~~~~~~~
1 error generated.
configure:6698: $? = 1
configure: failed program was:
| /* confdefs.h */
| #define PACKAGE_NAME "ViennaRNA"
| #define PACKAGE_TARNAME "ViennaRNA"
| #define PACKAGE_VERSION "2.7.0"
| #define PACKAGE_STRING "ViennaRNA 2.7.0"
| #define PACKAGE_BUGREPORT "rna@tbi.univie.ac.at"
| #define PACKAGE_URL "https://www.tbi.univie.ac.at/RNA"
| #define HAVE_STDIO_H 1
| #define HAVE_STDLIB_H 1
| #define HAVE_STRING_H 1
| #define HAVE_INTTYPES_H 1
| #define HAVE_STDINT_H 1
| #define HAVE_STRINGS_H 1
| #define HAVE_SYS_STAT_H 1
| #define HAVE_SYS_TYPES_H 1
| #define HAVE_UNISTD_H 1
| #define HAVE_WCHAR_H 1
| #define STDC_HEADERS 1
| #define _ALL_SOURCE 1
| #define _DARWIN_C_SOURCE 1
| #define _GNU_SOURCE 1
| #define _HPUX_ALT_XOPEN_SOCKET_API 1
| #define _NETBSD_SOURCE 1
| #define _OPENBSD_SOURCE 1
| #define _POSIX_PTHREAD_SEMANTICS 1
| #define __STDC_WANT_IEC_60559_ATTRIBS_EXT__ 1
| #define __STDC_WANT_IEC_60559_BFP_EXT__ 1
| #define __STDC_WANT_IEC_60559_DFP_EXT__ 1
| #define __STDC_WANT_IEC_60559_EXT__ 1
| #define __STDC_WANT_IEC_60559_FUNCS_EXT__ 1
| #define __STDC_WANT_IEC_60559_TYPES_EXT__ 1
| #define __STDC_WANT_LIB_EXT2__ 1
| #define __STDC_WANT_MATH_SPEC_FUNCS__ 1
| #define _TANDEM_SOURCE 1
| #define __EXTENSIONS__ 1
| #define PACKAGE "ViennaRNA"
| #define VERSION "2.7.0"
| /* end confdefs.h.  */
| #include <ac_nonexistent.h>
configure:6727: result: g++ -std=gnu++11 -E
configure:6741: g++ -std=gnu++11 -E  conftest.cpp
configure:6741: $? = 0
configure:6757: g++ -std=gnu++11 -E  conftest.cpp
conftest.cpp:39:10: fatal error: 'ac_nonexistent.h' file not found
#include <ac_nonexistent.h>
         ^~~~~~~~~~~~~~~~~~
1 error generated.
configure:6757: $? = 1
configure: failed program was:
| /* confdefs.h */
| #define PACKAGE_NAME "ViennaRNA"
| #define PACKAGE_TARNAME "ViennaRNA"
| #define PACKAGE_VERSION "2.7.0"
| #define PACKAGE_STRING "ViennaRNA 2.7.0"
| #define PACKAGE_BUGREPORT "rna@tbi.univie.ac.at"
| #define PACKAGE_URL "https://www.tbi.univie.ac.at/RNA"
| #define HAVE_STDIO_H 1
| #define HAVE_STDLIB_H 1
| #define HAVE_STRING_H 1
| #define HAVE_INTTYPES_H 1
| #define HAVE_STDINT_H 1
| #define HAVE_STRINGS_H 1
| #define HAVE_SYS_STAT_H 1
| #define HAVE_SYS_TYPES_H 1
| #define HAVE_UNISTD_H 1
| #define HAVE_WCHAR_H 1
| #define STDC_HEADERS 1
| #define _ALL_SOURCE 1
| #define _DARWIN_C_SOURCE 1
| #define _GNU_SOURCE 1
| #define _HPUX_ALT_XOPEN_SOCKET_API 1
| #define _NETBSD_SOURCE 1
| #define _OPENBSD_SOURCE 1
| #define _POSIX_PTHREAD_SEMANTICS 1
| #define __STDC_WANT_IEC_60559_ATTRIBS_EXT__ 1
| #define __STDC_WANT_IEC_60559_BFP_EXT__ 1
| #define __STDC_WANT_IEC_60559_DFP_EXT__ 1
| #define __STDC_WANT_IEC_60559_EXT__ 1
| #define __STDC_WANT_IEC_60559_FUNCS_EXT__ 1
| #define __STDC_WANT_IEC_60559_TYPES_EXT__ 1
| #define __STDC_WANT_LIB_EXT2__ 1
| #define __STDC_WANT_MATH_SPEC_FUNCS__ 1
| #define _TANDEM_SOURCE 1
| #define __EXTENSIONS__ 1
| #define PACKAGE "ViennaRNA"
| #define VERSION "2.7.0"
| /* end confdefs.h.  */
| #include <ac_nonexistent.h>
configure:6843: checking for gcc
configure:6876: result: gcc
configure:7235: checking for C compiler version
configure:7244: gcc --version >&5
Apple clang version 15.0.0 (clang-1500.1.0.2.5)
Target: arm64-apple-darwin23.3.0
Thread model: posix
InstalledDir: /Applications/Xcode.app/Contents/Developer/Toolchains/XcodeDefault.xctoolchain/usr/bin
configure:7255: $? = 0
configure:7244: gcc -v >&5
Apple clang version 15.0.0 (clang-1500.1.0.2.5)
Target: arm64-apple-darwin23.3.0
Thread model: posix
InstalledDir: /Applications/Xcode.app/Contents/Developer/Toolchains/XcodeDefault.xctoolchain/usr/bin
configure:7255: $? = 0
configure:7244: gcc -V >&5
clang: error: argument to '-V' is missing (expected 1 value)
clang: error: no input files
configure:7255: $? = 1
configure:7244: gcc -qversion >&5
clang: error: unknown argument '-qversion'; did you mean '--version'?
clang: error: no input files
configure:7255: $? = 1
configure:7244: gcc -version >&5
clang: error: unknown argument '-version'; did you mean '--version'?
clang: error: no input files
configure:7255: $? = 1
configure:7259: checking whether the compiler supports GNU C
configure:7291: result: yes
configure:7302: checking whether gcc accepts -g
configure:7370: result: yes
configure:7390: checking for gcc option to enable C11 features
configure:7424: result: none needed
configure:7548: checking whether gcc understands -c and -o together
configure:7587: result: yes
configure:7609: checking how to run the C preprocessor
configure:7635: gcc -E  conftest.c
configure:7635: $? = 0
configure:7651: gcc -E  conftest.c
conftest.c:39:10: fatal error: 'ac_nonexistent.h' file not found
#include <ac_nonexistent.h>
         ^~~~~~~~~~~~~~~~~~
1 error generated.
configure:7651: $? = 1
configure: failed program was:
| /* confdefs.h */
| #define PACKAGE_NAME "ViennaRNA"
| #define PACKAGE_TARNAME "ViennaRNA"
| #define PACKAGE_VERSION "2.7.0"
| #define PACKAGE_STRING "ViennaRNA 2.7.0"
| #define PACKAGE_BUGREPORT "rna@tbi.univie.ac.at"
| #define PACKAGE_URL "https://www.tbi.univie.ac.at/RNA"
| #define HAVE_STDIO_H 1
| #define HAVE_STDLIB_H 1
| #define HAVE_STRING_H 1
| #define HAVE_INTTYPES_H 1
| #define HAVE_STDINT_H 1
| #define HAVE_STRINGS_H 1
| #define HAVE_SYS_STAT_H 1
| #define HAVE_SYS_TYPES_H 1
| #define HAVE_UNISTD_H 1
| #define HAVE_WCHAR_H 1
| #define STDC_HEADERS 1
| #define _ALL_SOURCE 1
| #define _DARWIN_C_SOURCE 1
| #define _GNU_SOURCE 1
| #define _HPUX_ALT_XOPEN_SOCKET_API 1
| #define _NETBSD_SOURCE 1
| #define _OPENBSD_SOURCE 1
| #define _POSIX_PTHREAD_SEMANTICS 1
| #define __STDC_WANT_IEC_60559_ATTRIBS_EXT__ 1
| #define __STDC_WANT_IEC_60559_BFP_EXT__ 1
| #define __STDC_WANT_IEC_60559_DFP_EXT__ 1
| #define __STDC_WANT_IEC_60559_EXT__ 1
| #define __STDC_WANT_IEC_60559_FUNCS_EXT__ 1
| #define __STDC_WANT_IEC_60559_TYPES_EXT__ 1
| #define __STDC_WANT_LIB_EXT2__ 1
| #define __STDC_WANT_MATH_SPEC_FUNCS__ 1
| #define _TANDEM_SOURCE 1
| #define __EXTENSIONS__ 1
| #define PACKAGE "ViennaRNA"
| #define VERSION "2.7.0"
| /* end confdefs.h.  */
| #include <ac_nonexistent.h>
configure:7680: result: gcc -E
configure:7694: gcc -E  conftest.c
configure:7694: $? = 0
configure:7710: gcc -E  conftest.c
conftest.c:39:10: fatal error: 'ac_nonexistent.h' file not found
#include <ac_nonexistent.h>
         ^~~~~~~~~~~~~~~~~~
1 error generated.
configure:7710: $? = 1
configure: failed program was:
| /* confdefs.h */
| #define PACKAGE_NAME "ViennaRNA"
| #define PACKAGE_TARNAME "ViennaRNA"
| #define PACKAGE_VERSION "2.7.0"
| #define PACKAGE_STRING "ViennaRNA 2.7.0"
| #define PACKAGE_BUGREPORT "rna@tbi.univie.ac.at"
| #define PACKAGE_URL "https://www.tbi.univie.ac.at/RNA"
| #define HAVE_STDIO_H 1
| #define HAVE_STDLIB_H 1
| #define HAVE_STRING_H 1
| #define HAVE_INTTYPES_H 1
| #define HAVE_STDINT_H 1
| #define HAVE_STRINGS_H 1
| #define HAVE_SYS_STAT_H 1
| #define HAVE_SYS_TYPES_H 1
| #define HAVE_UNISTD_H 1
| #define HAVE_WCHAR_H 1
| #define STDC_HEADERS 1
| #define _ALL_SOURCE 1
| #define _DARWIN_C_SOURCE 1
| #define _GNU_SOURCE 1
| #define _HPUX_ALT_XOPEN_SOCKET_API 1
| #define _NETBSD_SOURCE 1
| #define _OPENBSD_SOURCE 1
| #define _POSIX_PTHREAD_SEMANTICS 1
| #define __STDC_WANT_IEC_60559_ATTRIBS_EXT__ 1
| #define __STDC_WANT_IEC_60559_BFP_EXT__ 1
| #define __STDC_WANT_IEC_60559_DFP_EXT__ 1
| #define __STDC_WANT_IEC_60559_EXT__ 1
| #define __STDC_WANT_IEC_60559_FUNCS_EXT__ 1
| #define __STDC_WANT_IEC_60559_TYPES_EXT__ 1
| #define __STDC_WANT_LIB_EXT2__ 1
| #define __STDC_WANT_MATH_SPEC_FUNCS__ 1
| #define _TANDEM_SOURCE 1
| #define __EXTENSIONS__ 1
| #define PACKAGE "ViennaRNA"
| #define VERSION "2.7.0"
| /* end confdefs.h.  */
| #include <ac_nonexistent.h>
configure:7801: checking for g77
configure:7837: result: no
configure:7801: checking for xlf
configure:7837: result: no
configure:7801: checking for f77
configure:7837: result: no
configure:7801: checking for frt
configure:7837: result: no
configure:7801: checking for pgf77
configure:7837: result: no
configure:7801: checking for cf77
configure:7837: result: no
configure:7801: checking for fort77
configure:7837: result: no
configure:7801: checking for fl32
configure:7837: result: no
configure:7801: checking for af77
configure:7837: result: no
configure:7801: checking for xlf90
configure:7837: result: no
configure:7801: checking for f90
configure:7837: result: no
configure:7801: checking for pgf90
configure:7837: result: no
configure:7801: checking for pghpf
configure:7837: result: no
configure:7801: checking for epcf90
configure:7837: result: no
configure:7801: checking for gfortran
configure:7822: found /opt/homebrew/bin/gfortran
configure:7834: result: gfortran
configure:7860: checking for Fortran 77 compiler version
configure:7869: gfortran --version >&5
GNU Fortran (Homebrew GCC 14.1.0_1) 14.1.0
Copyright (C) 2024 Free Software Foundation, Inc.
This is free software; see the source for copying conditions.  There is NO
warranty; not even for MERCHANTABILITY or FITNESS FOR A PARTICULAR PURPOSE.

configure:7880: $? = 0
configure:7869: gfortran -v >&5
Using built-in specs.
COLLECT_GCC=gfortran
COLLECT_LTO_WRAPPER=/opt/homebrew/Cellar/gcc/14.1.0_1/bin/../libexec/gcc/aarch64-apple-darwin23/14/lto-wrapper
Target: aarch64-apple-darwin23
Configured with: ../configure --prefix=/opt/homebrew/opt/gcc --libdir=/opt/homebrew/opt/gcc/lib/gcc/current --disable-nls --enable-checking=release --with-gcc-major-version-only --enable-languages=c,c++,objc,obj-c++,fortran --program-suffix=-14 --with-gmp=/opt/homebrew/opt/gmp --with-mpfr=/opt/homebrew/opt/mpfr --with-mpc=/opt/homebrew/opt/libmpc --with-isl=/opt/homebrew/opt/isl --with-zstd=/opt/homebrew/opt/zstd --with-pkgversion='Homebrew GCC 14.1.0_1' --with-bugurl=https://github.com/Homebrew/homebrew-core/issues --with-system-zlib --build=aarch64-apple-darwin23 --with-sysroot=/Library/Developer/CommandLineTools/SDKs/MacOSX14.sdk
Thread model: posix
Supported LTO compression algorithms: zlib zstd
gcc version 14.1.0 (Homebrew GCC 14.1.0_1) 
configure:7880: $? = 0
configure:7869: gfortran -V >&5
gfortran: error: unrecognized command-line option '-V'
gfortran: fatal error: no input files
compilation terminated.
configure:7880: $? = 1
configure:7869: gfortran -qversion >&5
gfortran: error: unrecognized command-line option '-qversion'; did you mean '--version'?
gfortran: fatal error: no input files
compilation terminated.
configure:7880: $? = 1
configure:7889: checking whether the compiler supports GNU Fortran 77
configure:7903: gfortran -c  conftest.F >&5
configure:7903: $? = 0
configure:7915: result: yes
configure:7923: checking whether gfortran accepts -g
configure:7935: gfortran -c -g conftest.f >&5
configure:7935: $? = 0
configure:7946: result: yes
configure:7987: checking whether make sets $(MAKE)
configure:8011: result: yes
configure:8021: checking for a sed that does not truncate output
configure:8093: result: /usr/bin/sed
configure:8102: checking for gawk
configure:8135: result: awk
configure:8146: checking for grep that handles long lines and -e
configure:8212: result: /usr/bin/grep
configure:8217: checking for egrep
configure:8287: result: /usr/bin/grep -E
configure:8294: checking for fgrep
configure:8364: result: /usr/bin/grep -F
configure:8371: checking whether ln -s works
configure:8375: result: yes
configure:8439: checking for ar
configure:8460: found /usr/bin/ar
configure:8472: result: ar
configure:8499: checking the archiver (ar) interface
configure:8516: gcc -c -g -O2  conftest.c >&5
configure:8516: $? = 0
configure:8519: ar cr libconftest.a conftest.o >&5
configure:8522: $? = 0
configure:8551: result: ar
configure:8619: checking how to print strings
configure:8646: result: printf
configure:8667: checking for a sed that does not truncate output
configure:8739: result: /usr/bin/sed
configure:8789: checking for ld used by gcc
configure:8858: result: /Applications/Xcode.app/Contents/Developer/Toolchains/XcodeDefault.xctoolchain/usr/bin/ld
configure:8865: checking if the linker (/Applications/Xcode.app/Contents/Developer/Toolchains/XcodeDefault.xctoolchain/usr/bin/ld) is GNU ld
configure:8882: result: no
configure:8894: checking for BSD- or MS-compatible name lister (nm)
configure:8950: result: /usr/bin/nm -B
configure:9092: checking the name lister (/usr/bin/nm -B) interface
configure:9100: gcc -c -g -O2  conftest.c >&5
configure:9103: /usr/bin/nm -B "conftest.o"
configure:9106: output
0000000000000274 S _some_variable
0000000000000000 t ltmp0
0000000000000274 s ltmp1
configure:9114: result: BSD nm
configure:9118: checking the maximum length of command line arguments
configure:9251: result: 786432
configure:9299: checking how to convert aarch64-apple-darwin23.3.0 file names to aarch64-apple-darwin23.3.0 format
configure:9341: result: func_convert_file_noop
configure:9348: checking how to convert aarch64-apple-darwin23.3.0 file names to toolchain format
configure:9370: result: func_convert_file_noop
configure:9377: checking for /Applications/Xcode.app/Contents/Developer/Toolchains/XcodeDefault.xctoolchain/usr/bin/ld option to reload object files
configure:9386: result: -r
configure:9419: checking for file
configure:9440: found /usr/bin/file
configure:9453: result: file
configure:9516: checking for objdump
configure:9537: found /usr/bin/objdump
configure:9549: result: objdump
configure:9581: checking how to recognize dependent libraries
configure:9782: result: pass_all
configure:9873: checking for dlltool
configure:9909: result: no
configure:9939: checking how to associate runtime and link libraries
configure:9968: result: printf %s\n
configure:10120: checking for archiver @FILE support
configure:10138: gcc -c -g -O2  conftest.c >&5
configure:10138: $? = 0
configure:10142: ar cr libconftest.a @conftest.lst >&5
ar: @conftest.lst: No such file or directory
configure:10145: $? = 1
configure:10166: result: no
configure:10230: checking for strip
configure:10251: found /usr/bin/strip
configure:10263: result: strip
configure:10341: checking for ranlib
configure:10362: found /usr/bin/ranlib
configure:10374: result: ranlib
configure:10469: checking command to parse /usr/bin/nm -B output from gcc object
configure:10623: gcc -c -g -O2  conftest.c >&5
configure:10626: $? = 0
configure:10630: /usr/bin/nm -B conftest.o \| /usr/bin/sed -n -e 's/^.*[ ]\([ABCDGIRSTW][ABCDGIRSTW]*\)[ ][ ]*\([_A-Za-z][_A-Za-z0-9]*\)$/\1 \2 \2/p' | /usr/bin/sed '/ __gnu_lto/d' \> conftest.nm
configure:10633: $? = 0
cannot find nm_test_var in conftest.nm
configure:10623: gcc -c -g -O2  conftest.c >&5
configure:10626: $? = 0
configure:10630: /usr/bin/nm -B conftest.o \| /usr/bin/sed -n -e 's/^.*[ ]\([ABCDGIRSTW][ABCDGIRSTW]*\)[ ][ ]*_\([_A-Za-z][_A-Za-z0-9]*\)$/\1 _\2 \2/p' | /usr/bin/sed '/ __gnu_lto/d' \> conftest.nm
configure:10633: $? = 0
configure:10699: gcc -o conftest -g -O2   conftest.c conftstm.o >&5
configure:10702: $? = 0
configure:10741: result: ok
configure:10788: checking for sysroot
configure:10822: result: no
configure:10829: checking for a working dd
configure:10874: result: /bin/dd
configure:10878: checking how to truncate binary pipes
configure:10895: result: /bin/dd bs=4096 count=1
configure:11235: checking for mt
configure:11271: result: no
configure:11291: checking if : is a manifest tool
configure:11298: : '-?'
configure:11307: result: no
configure:11369: checking for dsymutil
configure:11390: found /usr/bin/dsymutil
configure:11402: result: dsymutil
configure:11473: checking for nmedit
configure:11494: found /usr/bin/nmedit
configure:11506: result: nmedit
configure:11577: checking for lipo
configure:11598: found /usr/bin/lipo
configure:11610: result: lipo
configure:11681: checking for otool
configure:11702: found /usr/bin/otool
configure:11714: result: otool
configure:11785: checking for otool64
configure:11821: result: no
configure:11866: checking for -single_module linker flag
gcc -g -O2  -o libconftest.dylib -dynamiclib -Wl,-single_module conftest.c
ld: warning: -single_module is obsolete
configure:11901: result: no
configure:11906: checking for -no_fixup_chains linker flag
configure:11925: gcc -o conftest -g -O2   -Wl,-no_fixup_chains conftest.c  >&5
configure:11925: $? = 0
configure:11940: result: yes
configure:11943: checking for -exported_symbols_list linker flag
configure:11964: gcc -o conftest -g -O2   -Wl,-exported_symbols_list,conftest.sym conftest.c  >&5
configure:11964: $? = 0
configure:11977: result: yes
configure:11980: checking for -force_load linker flag
gcc -g -O2 -c -o conftest.o conftest.c
ar cr libconftest.a conftest.o
ranlib libconftest.a
gcc -g -O2  -o conftest conftest.c -Wl,-force_load,./libconftest.a
configure:12014: result: yes
configure:12085: checking for dlfcn.h
configure:12085: gcc -c -g -O2  conftest.c >&5
configure:12085: $? = 0
configure:12085: result: yes
configure:12398: checking for objdir
configure:12415: result: .libs
configure:12681: checking if gcc supports -fno-rtti -fno-exceptions
configure:12700: gcc -c -g -O2  -fno-rtti -fno-exceptions conftest.c >&5
configure:12704: $? = 0
configure:12718: result: yes
configure:13082: checking for gcc option to produce PIC
configure:13091: result: -fno-common -DPIC
configure:13099: checking if gcc PIC flag -fno-common -DPIC works
configure:13118: gcc -c -g -O2  -fno-common -DPIC -DPIC conftest.c >&5
configure:13122: $? = 0
configure:13136: result: yes
configure:13165: checking if gcc static flag -static works
configure:13195: result: no
configure:13210: checking if gcc supports -c -o file.o
configure:13232: gcc -c -g -O2  -o out/conftest2.o conftest.c >&5
configure:13236: $? = 0
configure:13259: result: yes
configure:13267: checking if gcc supports -c -o file.o
configure:13316: result: yes
configure:13349: checking whether the gcc linker (/Applications/Xcode.app/Contents/Developer/Toolchains/XcodeDefault.xctoolchain/usr/bin/ld) supports shared libraries
configure:14622: result: yes
configure:14864: checking dynamic linker characteristics
configure:15701: result: darwin23.3.0 dyld
configure:15823: checking how to hardcode library paths into programs
configure:15848: result: immediate
configure:16448: checking whether stripping libraries is possible
configure:16465: result: yes
configure:16499: checking if libtool supports shared libraries
configure:16501: result: yes
configure:16504: checking whether to build shared libraries
configure:16529: result: yes
configure:16532: checking whether to build static libraries
configure:16536: result: yes
configure:16559: checking how to run the C++ preprocessor
configure:16626: result: g++ -std=gnu++11 -E
configure:16640: g++ -std=gnu++11 -E  conftest.cpp
configure:16640: $? = 0
configure:16656: g++ -std=gnu++11 -E  conftest.cpp
conftest.cpp:42:10: fatal error: 'ac_nonexistent.h' file not found
#include <ac_nonexistent.h>
         ^~~~~~~~~~~~~~~~~~
1 error generated.
configure:16656: $? = 1
configure: failed program was:
| /* confdefs.h */
| #define PACKAGE_NAME "ViennaRNA"
| #define PACKAGE_TARNAME "ViennaRNA"
| #define PACKAGE_VERSION "2.7.0"
| #define PACKAGE_STRING "ViennaRNA 2.7.0"
| #define PACKAGE_BUGREPORT "rna@tbi.univie.ac.at"
| #define PACKAGE_URL "https://www.tbi.univie.ac.at/RNA"
| #define HAVE_STDIO_H 1
| #define HAVE_STDLIB_H 1
| #define HAVE_STRING_H 1
| #define HAVE_INTTYPES_H 1
| #define HAVE_STDINT_H 1
| #define HAVE_STRINGS_H 1
| #define HAVE_SYS_STAT_H 1
| #define HAVE_SYS_TYPES_H 1
| #define HAVE_UNISTD_H 1
| #define HAVE_WCHAR_H 1
| #define STDC_HEADERS 1
| #define _ALL_SOURCE 1
| #define _DARWIN_C_SOURCE 1
| #define _GNU_SOURCE 1
| #define _HPUX_ALT_XOPEN_SOCKET_API 1
| #define _NETBSD_SOURCE 1
| #define _OPENBSD_SOURCE 1
| #define _POSIX_PTHREAD_SEMANTICS 1
| #define __STDC_WANT_IEC_60559_ATTRIBS_EXT__ 1
| #define __STDC_WANT_IEC_60559_BFP_EXT__ 1
| #define __STDC_WANT_IEC_60559_DFP_EXT__ 1
| #define __STDC_WANT_IEC_60559_EXT__ 1
| #define __STDC_WANT_IEC_60559_FUNCS_EXT__ 1
| #define __STDC_WANT_IEC_60559_TYPES_EXT__ 1
| #define __STDC_WANT_LIB_EXT2__ 1
| #define __STDC_WANT_MATH_SPEC_FUNCS__ 1
| #define _TANDEM_SOURCE 1
| #define __EXTENSIONS__ 1
| #define PACKAGE "ViennaRNA"
| #define VERSION "2.7.0"
| #define UNUSED __attribute__ ((unused))
| #define HAVE_DLFCN_H 1
| #define LT_OBJDIR ".libs/"
| /* end confdefs.h.  */
| #include <ac_nonexistent.h>
configure:16824: checking for ld used by g++ -std=gnu++11
configure:16893: result: /Applications/Xcode.app/Contents/Developer/Toolchains/XcodeDefault.xctoolchain/usr/bin/ld
configure:16900: checking if the linker (/Applications/Xcode.app/Contents/Developer/Toolchains/XcodeDefault.xctoolchain/usr/bin/ld) is GNU ld
configure:16917: result: no
configure:16971: checking whether the g++ -std=gnu++11 linker (/Applications/Xcode.app/Contents/Developer/Toolchains/XcodeDefault.xctoolchain/usr/bin/ld) supports shared libraries
configure:18051: result: yes
configure:18087: g++ -std=gnu++11 -c -g -O2  conftest.cpp >&5
configure:18090: $? = 0
configure:18572: checking for g++ -std=gnu++11 option to produce PIC
configure:18581: result: -fno-common -DPIC
configure:18589: checking if g++ -std=gnu++11 PIC flag -fno-common -DPIC works
configure:18608: g++ -std=gnu++11 -c -g -O2  -fno-common -DPIC -DPIC conftest.cpp >&5
configure:18612: $? = 0
configure:18626: result: yes
configure:18649: checking if g++ -std=gnu++11 static flag -static works
configure:18679: result: no
configure:18691: checking if g++ -std=gnu++11 supports -c -o file.o
configure:18713: g++ -std=gnu++11 -c -g -O2  -o out/conftest2.o conftest.cpp >&5
configure:18717: $? = 0
configure:18740: result: yes
configure:18745: checking if g++ -std=gnu++11 supports -c -o file.o
configure:18794: result: yes
configure:18824: checking whether the g++ -std=gnu++11 linker (/Applications/Xcode.app/Contents/Developer/Toolchains/XcodeDefault.xctoolchain/usr/bin/ld) supports shared libraries
configure:18864: result: yes
configure:19007: checking dynamic linker characteristics
configure:19771: result: darwin23.3.0 dyld
configure:19836: checking how to hardcode library paths into programs
configure:19861: result: immediate
configure:20002: checking if libtool supports shared libraries
configure:20004: result: yes
configure:20007: checking whether to build shared libraries
configure:20031: result: yes
configure:20034: checking whether to build static libraries
configure:20038: result: yes
configure:20396: checking for gfortran option to produce PIC
configure:20405: result: -fno-common
configure:20413: checking if gfortran PIC flag -fno-common works
configure:20432: gfortran -c -g -O2 -fno-common conftest.f >&5
configure:20436: $? = 0
configure:20450: result: yes
configure:20473: checking if gfortran static flag -static works
configure:20503: result: no
configure:20515: checking if gfortran supports -c -o file.o
configure:20537: gfortran -c -g -O2 -o out/conftest2.o conftest.f >&5
configure:20541: $? = 0
configure:20564: result: yes
configure:20569: checking if gfortran supports -c -o file.o
configure:20618: result: yes
configure:20648: checking whether the gfortran linker (/Applications/Xcode.app/Contents/Developer/Toolchains/XcodeDefault.xctoolchain/usr/bin/ld) supports shared libraries
configure:21869: result: yes
configure:22012: checking dynamic linker characteristics
configure:22770: result: darwin23.3.0 dyld
configure:22835: checking how to hardcode library paths into programs
configure:22860: result: immediate
configure:22915: checking for exp in -lm
configure:22944: gcc -o conftest -g -O2   conftest.c -lm   >&5
conftest.c:52:6: warning: incompatible redeclaration of library function 'exp' [-Wincompatible-library-redeclaration]
char exp (void);
     ^
conftest.c:52:6: note: 'exp' is a builtin with type 'double (double)'
1 warning generated.
configure:22944: $? = 0
configure:22956: result: yes
configure:22968: checking for _Bool
configure:22968: gcc -c -g -O2  conftest.c >&5
configure:22968: $? = 0
configure:22968: gcc -c -g -O2  conftest.c >&5
conftest.c:74:20: error: expected expression
if (sizeof ((_Bool)))
                   ^
1 error generated.
configure:22968: $? = 1
configure: failed program was:
| /* confdefs.h */
| #define PACKAGE_NAME "ViennaRNA"
| #define PACKAGE_TARNAME "ViennaRNA"
| #define PACKAGE_VERSION "2.7.0"
| #define PACKAGE_STRING "ViennaRNA 2.7.0"
| #define PACKAGE_BUGREPORT "rna@tbi.univie.ac.at"
| #define PACKAGE_URL "https://www.tbi.univie.ac.at/RNA"
| #define HAVE_STDIO_H 1
| #define HAVE_STDLIB_H 1
| #define HAVE_STRING_H 1
| #define HAVE_INTTYPES_H 1
| #define HAVE_STDINT_H 1
| #define HAVE_STRINGS_H 1
| #define HAVE_SYS_STAT_H 1
| #define HAVE_SYS_TYPES_H 1
| #define HAVE_UNISTD_H 1
| #define HAVE_WCHAR_H 1
| #define STDC_HEADERS 1
| #define _ALL_SOURCE 1
| #define _DARWIN_C_SOURCE 1
| #define _GNU_SOURCE 1
| #define _HPUX_ALT_XOPEN_SOCKET_API 1
| #define _NETBSD_SOURCE 1
| #define _OPENBSD_SOURCE 1
| #define _POSIX_PTHREAD_SEMANTICS 1
| #define __STDC_WANT_IEC_60559_ATTRIBS_EXT__ 1
| #define __STDC_WANT_IEC_60559_BFP_EXT__ 1
| #define __STDC_WANT_IEC_60559_DFP_EXT__ 1
| #define __STDC_WANT_IEC_60559_EXT__ 1
| #define __STDC_WANT_IEC_60559_FUNCS_EXT__ 1
| #define __STDC_WANT_IEC_60559_TYPES_EXT__ 1
| #define __STDC_WANT_LIB_EXT2__ 1
| #define __STDC_WANT_MATH_SPEC_FUNCS__ 1
| #define _TANDEM_SOURCE 1
| #define __EXTENSIONS__ 1
| #define PACKAGE "ViennaRNA"
| #define VERSION "2.7.0"
| #define UNUSED __attribute__ ((unused))
| #define HAVE_DLFCN_H 1
| #define LT_OBJDIR ".libs/"
| #define HAVE_LIBM 1
| /* end confdefs.h.  */
| #include <stddef.h>
| #ifdef HAVE_STDIO_H
| # include <stdio.h>
| #endif
| #ifdef HAVE_STDLIB_H
| # include <stdlib.h>
| #endif
| #ifdef HAVE_STRING_H
| # include <string.h>
| #endif
| #ifdef HAVE_INTTYPES_H
| # include <inttypes.h>
| #endif
| #ifdef HAVE_STDINT_H
| # include <stdint.h>
| #endif
| #ifdef HAVE_STRINGS_H
| # include <strings.h>
| #endif
| #ifdef HAVE_SYS_TYPES_H
| # include <sys/types.h>
| #endif
| #ifdef HAVE_SYS_STAT_H
| # include <sys/stat.h>
| #endif
| #ifdef HAVE_UNISTD_H
| # include <unistd.h>
| #endif
| int
| main (void)
| {
| if (sizeof ((_Bool)))
| 	    return 0;
|   ;
|   return 0;
| }
configure:22968: result: yes
configure:22977: checking for stdbool.h that conforms to C99 or later
configure:23052: gcc -c -g -O2  conftest.c >&5
conftest.c:98:25: warning: address of 's' will always evaluate to 'true' [-Wpointer-bool-conversion]
             bool ps = &s;
                  ~~    ^
conftest.c:105:40: warning: address of array 'o' will always evaluate to 'true' [-Wpointer-bool-conversion]
                                      ~^
conftest.c:105:35: warning: address of array 'n' will always evaluate to 'true' [-Wpointer-bool-conversion]
                                 ~^
conftest.c:105:30: warning: address of array 'm' will always evaluate to 'true' [-Wpointer-bool-conversion]
                            ~^
conftest.c:105:25: warning: address of array 'l' will always evaluate to 'true' [-Wpointer-bool-conversion]
                       ~^
conftest.c:104:68: warning: address of array 'k' will always evaluate to 'true' [-Wpointer-bool-conversion]
             return (!b + !c + !d + !e + !f + !g + !h + !i + !j + !k
                                                                  ~^
conftest.c:104:63: warning: address of array 'j' will always evaluate to 'true' [-Wpointer-bool-conversion]
             return (!b + !c + !d + !e + !f + !g + !h + !i + !j + !k
                                                             ~^
conftest.c:104:58: warning: address of array 'i' will always evaluate to 'true' [-Wpointer-bool-conversion]
             return (!b + !c + !d + !e + !f + !g + !h + !i + !j + !k
                                                        ~^
conftest.c:104:33: warning: address of array 'd' will always evaluate to 'true' [-Wpointer-bool-conversion]
             return (!b + !c + !d + !e + !f + !g + !h + !i + !j + !k
                               ~^
conftest.c:104:28: warning: address of array 'c' will always evaluate to 'true' [-Wpointer-bool-conversion]
             return (!b + !c + !d + !e + !f + !g + !h + !i + !j + !k
                          ~^
conftest.c:104:23: warning: address of array 'b' will always evaluate to 'true' [-Wpointer-bool-conversion]
             return (!b + !c + !d + !e + !f + !g + !h + !i + !j + !k
                     ~^
11 warnings generated.
configure:23052: $? = 0
configure:23062: result: yes
configure:23071: checking for malloc.h
configure:23071: gcc -c -g -O2  conftest.c >&5
conftest.c:73:10: fatal error: 'malloc.h' file not found
#include <malloc.h>
         ^~~~~~~~~~
1 error generated.
configure:23071: $? = 1
configure: failed program was:
| /* confdefs.h */
| #define PACKAGE_NAME "ViennaRNA"
| #define PACKAGE_TARNAME "ViennaRNA"
| #define PACKAGE_VERSION "2.7.0"
| #define PACKAGE_STRING "ViennaRNA 2.7.0"
| #define PACKAGE_BUGREPORT "rna@tbi.univie.ac.at"
| #define PACKAGE_URL "https://www.tbi.univie.ac.at/RNA"
| #define HAVE_STDIO_H 1
| #define HAVE_STDLIB_H 1
| #define HAVE_STRING_H 1
| #define HAVE_INTTYPES_H 1
| #define HAVE_STDINT_H 1
| #define HAVE_STRINGS_H 1
| #define HAVE_SYS_STAT_H 1
| #define HAVE_SYS_TYPES_H 1
| #define HAVE_UNISTD_H 1
| #define HAVE_WCHAR_H 1
| #define STDC_HEADERS 1
| #define _ALL_SOURCE 1
| #define _DARWIN_C_SOURCE 1
| #define _GNU_SOURCE 1
| #define _HPUX_ALT_XOPEN_SOCKET_API 1
| #define _NETBSD_SOURCE 1
| #define _OPENBSD_SOURCE 1
| #define _POSIX_PTHREAD_SEMANTICS 1
| #define __STDC_WANT_IEC_60559_ATTRIBS_EXT__ 1
| #define __STDC_WANT_IEC_60559_BFP_EXT__ 1
| #define __STDC_WANT_IEC_60559_DFP_EXT__ 1
| #define __STDC_WANT_IEC_60559_EXT__ 1
| #define __STDC_WANT_IEC_60559_FUNCS_EXT__ 1
| #define __STDC_WANT_IEC_60559_TYPES_EXT__ 1
| #define __STDC_WANT_LIB_EXT2__ 1
| #define __STDC_WANT_MATH_SPEC_FUNCS__ 1
| #define _TANDEM_SOURCE 1
| #define __EXTENSIONS__ 1
| #define PACKAGE "ViennaRNA"
| #define VERSION "2.7.0"
| #define UNUSED __attribute__ ((unused))
| #define HAVE_DLFCN_H 1
| #define LT_OBJDIR ".libs/"
| #define HAVE_LIBM 1
| #define HAVE__BOOL 1
| #define HAVE_STDBOOL_H 1
| /* end confdefs.h.  */
| #include <stddef.h>
| #ifdef HAVE_STDIO_H
| # include <stdio.h>
| #endif
| #ifdef HAVE_STDLIB_H
| # include <stdlib.h>
| #endif
| #ifdef HAVE_STRING_H
| # include <string.h>
| #endif
| #ifdef HAVE_INTTYPES_H
| # include <inttypes.h>
| #endif
| #ifdef HAVE_STDINT_H
| # include <stdint.h>
| #endif
| #ifdef HAVE_STRINGS_H
| # include <strings.h>
| #endif
| #ifdef HAVE_SYS_TYPES_H
| # include <sys/types.h>
| #endif
| #ifdef HAVE_SYS_STAT_H
| # include <sys/stat.h>
| #endif
| #ifdef HAVE_UNISTD_H
| # include <unistd.h>
| #endif
| #include <malloc.h>
configure:23071: result: no
configure:23077: checking for float.h
configure:23077: gcc -c -g -O2  conftest.c >&5
configure:23077: $? = 0
configure:23077: result: yes
configure:23083: checking for limits.h
configure:23083: gcc -c -g -O2  conftest.c >&5
configure:23083: $? = 0
configure:23083: result: yes
configure:23089: checking for stdlib.h
configure:23089: result: yes
configure:23095: checking for string.h
configure:23095: result: yes
configure:23101: checking for strings.h
configure:23101: result: yes
configure:23107: checking for unistd.h
configure:23107: result: yes
configure:23113: checking for math.h
configure:23113: gcc -c -g -O2  conftest.c >&5
configure:23113: $? = 0
configure:23113: result: yes
configure:23119: checking for stdarg.h
configure:23119: gcc -c -g -O2  conftest.c >&5
configure:23119: $? = 0
configure:23119: result: yes
configure:23127: checking for GNU libc compatible malloc
configure:23159: gcc -o conftest -g -O2   conftest.c -lm  >&5
configure:23159: $? = 0
configure:23159: ./conftest
configure:23159: $? = 0
configure:23173: result: yes
configure:23196: checking for GNU libc compatible realloc
configure:23228: gcc -o conftest -g -O2   conftest.c -lm  >&5
configure:23228: $? = 0
configure:23228: ./conftest
configure:23228: $? = 0
configure:23242: result: yes
configure:23265: checking for working strtod
configure:23305: gcc -o conftest -g -O2   conftest.c -lm  >&5
configure:23305: $? = 0
configure:23305: ./conftest
configure:23305: $? = 0
configure:23319: result: yes
configure:23391: checking for floor
configure:23391: gcc -o conftest -g -O2   conftest.c -lm  >&5
conftest.c:71:6: warning: incompatible redeclaration of library function 'floor' [-Wincompatible-library-redeclaration]
char floor (void);
     ^
conftest.c:71:6: note: 'floor' is a builtin with type 'double (double)'
1 warning generated.
configure:23391: $? = 0
configure:23391: result: yes
configure:23397: checking for strdup
configure:23397: gcc -o conftest -g -O2   conftest.c -lm  >&5
conftest.c:72:6: warning: incompatible redeclaration of library function 'strdup' [-Wincompatible-library-redeclaration]
char strdup (void);
     ^
conftest.c:72:6: note: 'strdup' is a builtin with type 'char *(const char *)'
1 warning generated.
configure:23397: $? = 0
configure:23397: result: yes
configure:23403: checking for strstr
configure:23403: gcc -o conftest -g -O2   conftest.c -lm  >&5
conftest.c:73:6: warning: incompatible redeclaration of library function 'strstr' [-Wincompatible-library-redeclaration]
char strstr (void);
     ^
conftest.c:73:6: note: 'strstr' is a builtin with type 'char *(const char *, const char *)'
1 warning generated.
configure:23403: $? = 0
configure:23403: result: yes
configure:23409: checking for strchr
configure:23409: gcc -o conftest -g -O2   conftest.c -lm  >&5
conftest.c:74:6: warning: incompatible redeclaration of library function 'strchr' [-Wincompatible-library-redeclaration]
char strchr (void);
     ^
conftest.c:74:6: note: 'strchr' is a builtin with type 'char *(const char *, int)'
1 warning generated.
configure:23409: $? = 0
configure:23409: result: yes
configure:23415: checking for strrchr
configure:23415: gcc -o conftest -g -O2   conftest.c -lm  >&5
conftest.c:75:6: warning: incompatible redeclaration of library function 'strrchr' [-Wincompatible-library-redeclaration]
char strrchr (void);
     ^
conftest.c:75:6: note: 'strrchr' is a builtin with type 'char *(const char *, int)'
1 warning generated.
configure:23415: $? = 0
configure:23415: result: yes
configure:23421: checking for strstr
configure:23421: result: yes
configure:23427: checking for strtol
configure:23427: gcc -o conftest -g -O2   conftest.c -lm  >&5
conftest.c:77:6: warning: incompatible redeclaration of library function 'strtol' [-Wincompatible-library-redeclaration]
char strtol (void);
     ^
conftest.c:77:6: note: 'strtol' is a builtin with type 'long (const char *, char **, int)'
1 warning generated.
configure:23427: $? = 0
configure:23427: result: yes
configure:23433: checking for strtoul
configure:23433: gcc -o conftest -g -O2   conftest.c -lm  >&5
conftest.c:78:6: warning: incompatible redeclaration of library function 'strtoul' [-Wincompatible-library-redeclaration]
char strtoul (void);
     ^
conftest.c:78:6: note: 'strtoul' is a builtin with type 'unsigned long (const char *, char **, int)'
1 warning generated.
configure:23433: $? = 0
configure:23433: result: yes
configure:23439: checking for pow
configure:23439: gcc -o conftest -g -O2   conftest.c -lm  >&5
conftest.c:79:6: warning: incompatible redeclaration of library function 'pow' [-Wincompatible-library-redeclaration]
char pow (void);
     ^
conftest.c:79:6: note: 'pow' is a builtin with type 'double (double, double)'
1 warning generated.
configure:23439: $? = 0
configure:23439: result: yes
configure:23445: checking for rint
configure:23445: gcc -o conftest -g -O2   conftest.c -lm  >&5
conftest.c:80:6: warning: incompatible redeclaration of library function 'rint' [-Wincompatible-library-redeclaration]
char rint (void);
     ^
conftest.c:80:6: note: 'rint' is a builtin with type 'double (double)'
1 warning generated.
configure:23445: $? = 0
configure:23445: result: yes
configure:23451: checking for sqrt
configure:23451: gcc -o conftest -g -O2   conftest.c -lm  >&5
conftest.c:81:6: warning: incompatible redeclaration of library function 'sqrt' [-Wincompatible-library-redeclaration]
char sqrt (void);
     ^
conftest.c:81:6: note: 'sqrt' is a builtin with type 'double (double)'
1 warning generated.
configure:23451: $? = 0
configure:23451: result: yes
configure:23457: checking for erand48
configure:23457: gcc -o conftest -g -O2   conftest.c -lm  >&5
configure:23457: $? = 0
configure:23457: result: yes
configure:23463: checking for memset
configure:23463: gcc -o conftest -g -O2   conftest.c -lm  >&5
conftest.c:83:6: warning: incompatible redeclaration of library function 'memset' [-Wincompatible-library-redeclaration]
char memset (void);
     ^
conftest.c:83:6: note: 'memset' is a builtin with type 'void *(void *, int, unsigned long)'
1 warning generated.
configure:23463: $? = 0
configure:23463: result: yes
configure:23469: checking for memmove
configure:23469: gcc -o conftest -g -O2   conftest.c -lm  >&5
conftest.c:84:6: warning: incompatible redeclaration of library function 'memmove' [-Wincompatible-library-redeclaration]
char memmove (void);
     ^
conftest.c:84:6: note: 'memmove' is a builtin with type 'void *(void *, const void *, unsigned long)'
1 warning generated.
configure:23469: $? = 0
configure:23469: result: yes
configure:23475: checking for erand48
configure:23475: result: yes
configure:23481: checking for asprintf
configure:23481: gcc -o conftest -g -O2   conftest.c -lm  >&5
conftest.c:97:18: warning: format string missing [-Wformat]
return asprintf ();
       ~~~~~~~~  ^
1 warning generated.
configure:23481: $? = 0
configure:23481: result: yes
configure:23487: checking for vasprintf
configure:23487: gcc -o conftest -g -O2   conftest.c -lm  >&5
conftest.c:98:19: warning: format string missing [-Wformat]
return vasprintf ();
       ~~~~~~~~~  ^
1 warning generated.
configure:23487: $? = 0
configure:23487: result: yes
configure:23495: checking for an ANSI C-conforming const
configure:23562: gcc -c -g -O2  conftest.c >&5
configure:23562: $? = 0
configure:23572: result: yes
configure:23580: checking for size_t
configure:23580: gcc -c -g -O2  conftest.c >&5
configure:23580: $? = 0
configure:23580: gcc -c -g -O2  conftest.c >&5
conftest.c:103:21: error: expected expression
if (sizeof ((size_t)))
                    ^
1 error generated.
configure:23580: $? = 1
configure: failed program was:
| /* confdefs.h */
| #define PACKAGE_NAME "ViennaRNA"
| #define PACKAGE_TARNAME "ViennaRNA"
| #define PACKAGE_VERSION "2.7.0"
| #define PACKAGE_STRING "ViennaRNA 2.7.0"
| #define PACKAGE_BUGREPORT "rna@tbi.univie.ac.at"
| #define PACKAGE_URL "https://www.tbi.univie.ac.at/RNA"
| #define HAVE_STDIO_H 1
| #define HAVE_STDLIB_H 1
| #define HAVE_STRING_H 1
| #define HAVE_INTTYPES_H 1
| #define HAVE_STDINT_H 1
| #define HAVE_STRINGS_H 1
| #define HAVE_SYS_STAT_H 1
| #define HAVE_SYS_TYPES_H 1
| #define HAVE_UNISTD_H 1
| #define HAVE_WCHAR_H 1
| #define STDC_HEADERS 1
| #define _ALL_SOURCE 1
| #define _DARWIN_C_SOURCE 1
| #define _GNU_SOURCE 1
| #define _HPUX_ALT_XOPEN_SOCKET_API 1
| #define _NETBSD_SOURCE 1
| #define _OPENBSD_SOURCE 1
| #define _POSIX_PTHREAD_SEMANTICS 1
| #define __STDC_WANT_IEC_60559_ATTRIBS_EXT__ 1
| #define __STDC_WANT_IEC_60559_BFP_EXT__ 1
| #define __STDC_WANT_IEC_60559_DFP_EXT__ 1
| #define __STDC_WANT_IEC_60559_EXT__ 1
| #define __STDC_WANT_IEC_60559_FUNCS_EXT__ 1
| #define __STDC_WANT_IEC_60559_TYPES_EXT__ 1
| #define __STDC_WANT_LIB_EXT2__ 1
| #define __STDC_WANT_MATH_SPEC_FUNCS__ 1
| #define _TANDEM_SOURCE 1
| #define __EXTENSIONS__ 1
| #define PACKAGE "ViennaRNA"
| #define VERSION "2.7.0"
| #define UNUSED __attribute__ ((unused))
| #define HAVE_DLFCN_H 1
| #define LT_OBJDIR ".libs/"
| #define HAVE_LIBM 1
| #define HAVE__BOOL 1
| #define HAVE_STDBOOL_H 1
| #define HAVE_FLOAT_H 1
| #define HAVE_LIMITS_H 1
| #define HAVE_STDLIB_H 1
| #define HAVE_STRING_H 1
| #define HAVE_STRINGS_H 1
| #define HAVE_UNISTD_H 1
| #define HAVE_MATH_H 1
| #define HAVE_STDARG_H 1
| #define HAVE_MALLOC 1
| #define HAVE_REALLOC 1
| #define HAVE_FLOOR 1
| #define HAVE_STRDUP 1
| #define HAVE_STRSTR 1
| #define HAVE_STRCHR 1
| #define HAVE_STRRCHR 1
| #define HAVE_STRSTR 1
| #define HAVE_STRTOL 1
| #define HAVE_STRTOUL 1
| #define HAVE_POW 1
| #define HAVE_RINT 1
| #define HAVE_SQRT 1
| #define HAVE_ERAND48 1
| #define HAVE_MEMSET 1
| #define HAVE_MEMMOVE 1
| #define HAVE_ERAND48 1
| #define HAVE_ASPRINTF 1
| #define HAVE_VASPRINTF 1
| /* end confdefs.h.  */
| #include <stddef.h>
| #ifdef HAVE_STDIO_H
| # include <stdio.h>
| #endif
| #ifdef HAVE_STDLIB_H
| # include <stdlib.h>
| #endif
| #ifdef HAVE_STRING_H
| # include <string.h>
| #endif
| #ifdef HAVE_INTTYPES_H
| # include <inttypes.h>
| #endif
| #ifdef HAVE_STDINT_H
| # include <stdint.h>
| #endif
| #ifdef HAVE_STRINGS_H
| # include <strings.h>
| #endif
| #ifdef HAVE_SYS_TYPES_H
| # include <sys/types.h>
| #endif
| #ifdef HAVE_SYS_STAT_H
| # include <sys/stat.h>
| #endif
| #ifdef HAVE_UNISTD_H
| # include <unistd.h>
| #endif
| int
| main (void)
| {
| if (sizeof ((size_t)))
| 	    return 0;
|   ;
|   return 0;
| }
configure:23580: result: yes
configure:23591: checking for inline
configure:23608: gcc -c -g -O2  conftest.c >&5
configure:23608: $? = 0
configure:23618: result: inline
configure:23636: checking for _Generic
configure:23656: gcc -c -g -O2  conftest.c >&5
conftest.c:79:17: warning: expression with side effects has no effect in an unevaluated context [-Wunevaluated-expression]
           _Generic (a = 1, default: a) = 3;
                       ^
1 warning generated.
configure:23656: $? = 0
configure:23666: result: yes
configure:23677: checking for egrep -e
configure:23807: result: /usr/bin/grep -E
configure:23815: checking for pdflatex
configure:23852: result: no
configure:23862: checking for bibtex
configure:23899: result: no
configure:23909: checking for makeindex
configure:23946: result: no
configure:24022: checking for pkg-config
configure:24045: found /opt/homebrew/bin/pkg-config
configure:24058: result: /opt/homebrew/bin/pkg-config
configure:24083: checking pkg-config is at least version 0.9.0
configure:24086: result: yes
configure:24098: checking for C compiler vendor
configure:24158: gcc -c -g -O2  conftest.c >&5
conftest.c:79:7: error: use of undeclared identifier 'thisisanerror'
      thisisanerror;
      ^
1 error generated.
configure:24158: $? = 1
configure: failed program was:
| /* confdefs.h */
| #define PACKAGE_NAME "ViennaRNA"
| #define PACKAGE_TARNAME "ViennaRNA"
| #define PACKAGE_VERSION "2.7.0"
| #define PACKAGE_STRING "ViennaRNA 2.7.0"
| #define PACKAGE_BUGREPORT "rna@tbi.univie.ac.at"
| #define PACKAGE_URL "https://www.tbi.univie.ac.at/RNA"
| #define HAVE_STDIO_H 1
| #define HAVE_STDLIB_H 1
| #define HAVE_STRING_H 1
| #define HAVE_INTTYPES_H 1
| #define HAVE_STDINT_H 1
| #define HAVE_STRINGS_H 1
| #define HAVE_SYS_STAT_H 1
| #define HAVE_SYS_TYPES_H 1
| #define HAVE_UNISTD_H 1
| #define HAVE_WCHAR_H 1
| #define STDC_HEADERS 1
| #define _ALL_SOURCE 1
| #define _DARWIN_C_SOURCE 1
| #define _GNU_SOURCE 1
| #define _HPUX_ALT_XOPEN_SOCKET_API 1
| #define _NETBSD_SOURCE 1
| #define _OPENBSD_SOURCE 1
| #define _POSIX_PTHREAD_SEMANTICS 1
| #define __STDC_WANT_IEC_60559_ATTRIBS_EXT__ 1
| #define __STDC_WANT_IEC_60559_BFP_EXT__ 1
| #define __STDC_WANT_IEC_60559_DFP_EXT__ 1
| #define __STDC_WANT_IEC_60559_EXT__ 1
| #define __STDC_WANT_IEC_60559_FUNCS_EXT__ 1
| #define __STDC_WANT_IEC_60559_TYPES_EXT__ 1
| #define __STDC_WANT_LIB_EXT2__ 1
| #define __STDC_WANT_MATH_SPEC_FUNCS__ 1
| #define _TANDEM_SOURCE 1
| #define __EXTENSIONS__ 1
| #define PACKAGE "ViennaRNA"
| #define VERSION "2.7.0"
| #define UNUSED __attribute__ ((unused))
| #define HAVE_DLFCN_H 1
| #define LT_OBJDIR ".libs/"
| #define HAVE_LIBM 1
| #define HAVE__BOOL 1
| #define HAVE_STDBOOL_H 1
| #define HAVE_FLOAT_H 1
| #define HAVE_LIMITS_H 1
| #define HAVE_STDLIB_H 1
| #define HAVE_STRING_H 1
| #define HAVE_STRINGS_H 1
| #define HAVE_UNISTD_H 1
| #define HAVE_MATH_H 1
| #define HAVE_STDARG_H 1
| #define HAVE_MALLOC 1
| #define HAVE_REALLOC 1
| #define HAVE_FLOOR 1
| #define HAVE_STRDUP 1
| #define HAVE_STRSTR 1
| #define HAVE_STRCHR 1
| #define HAVE_STRRCHR 1
| #define HAVE_STRSTR 1
| #define HAVE_STRTOL 1
| #define HAVE_STRTOUL 1
| #define HAVE_POW 1
| #define HAVE_RINT 1
| #define HAVE_SQRT 1
| #define HAVE_ERAND48 1
| #define HAVE_MEMSET 1
| #define HAVE_MEMMOVE 1
| #define HAVE_ERAND48 1
| #define HAVE_ASPRINTF 1
| #define HAVE_VASPRINTF 1
| #define HAVE_C__GENERIC 1
| /* end confdefs.h.  */
| 
| int
| main (void)
| {
| 
| #if !(defined(__ICC) || defined(__ECC) || defined(__INTEL_COMPILER))
|       thisisanerror;
| #endif
| 
|   ;
|   return 0;
| }
configure:24158: gcc -c -g -O2  conftest.c >&5
conftest.c:79:7: error: use of undeclared identifier 'thisisanerror'
      thisisanerror;
      ^
1 error generated.
configure:24158: $? = 1
configure: failed program was:
| /* confdefs.h */
| #define PACKAGE_NAME "ViennaRNA"
| #define PACKAGE_TARNAME "ViennaRNA"
| #define PACKAGE_VERSION "2.7.0"
| #define PACKAGE_STRING "ViennaRNA 2.7.0"
| #define PACKAGE_BUGREPORT "rna@tbi.univie.ac.at"
| #define PACKAGE_URL "https://www.tbi.univie.ac.at/RNA"
| #define HAVE_STDIO_H 1
| #define HAVE_STDLIB_H 1
| #define HAVE_STRING_H 1
| #define HAVE_INTTYPES_H 1
| #define HAVE_STDINT_H 1
| #define HAVE_STRINGS_H 1
| #define HAVE_SYS_STAT_H 1
| #define HAVE_SYS_TYPES_H 1
| #define HAVE_UNISTD_H 1
| #define HAVE_WCHAR_H 1
| #define STDC_HEADERS 1
| #define _ALL_SOURCE 1
| #define _DARWIN_C_SOURCE 1
| #define _GNU_SOURCE 1
| #define _HPUX_ALT_XOPEN_SOCKET_API 1
| #define _NETBSD_SOURCE 1
| #define _OPENBSD_SOURCE 1
| #define _POSIX_PTHREAD_SEMANTICS 1
| #define __STDC_WANT_IEC_60559_ATTRIBS_EXT__ 1
| #define __STDC_WANT_IEC_60559_BFP_EXT__ 1
| #define __STDC_WANT_IEC_60559_DFP_EXT__ 1
| #define __STDC_WANT_IEC_60559_EXT__ 1
| #define __STDC_WANT_IEC_60559_FUNCS_EXT__ 1
| #define __STDC_WANT_IEC_60559_TYPES_EXT__ 1
| #define __STDC_WANT_LIB_EXT2__ 1
| #define __STDC_WANT_MATH_SPEC_FUNCS__ 1
| #define _TANDEM_SOURCE 1
| #define __EXTENSIONS__ 1
| #define PACKAGE "ViennaRNA"
| #define VERSION "2.7.0"
| #define UNUSED __attribute__ ((unused))
| #define HAVE_DLFCN_H 1
| #define LT_OBJDIR ".libs/"
| #define HAVE_LIBM 1
| #define HAVE__BOOL 1
| #define HAVE_STDBOOL_H 1
| #define HAVE_FLOAT_H 1
| #define HAVE_LIMITS_H 1
| #define HAVE_STDLIB_H 1
| #define HAVE_STRING_H 1
| #define HAVE_STRINGS_H 1
| #define HAVE_UNISTD_H 1
| #define HAVE_MATH_H 1
| #define HAVE_STDARG_H 1
| #define HAVE_MALLOC 1
| #define HAVE_REALLOC 1
| #define HAVE_FLOOR 1
| #define HAVE_STRDUP 1
| #define HAVE_STRSTR 1
| #define HAVE_STRCHR 1
| #define HAVE_STRRCHR 1
| #define HAVE_STRSTR 1
| #define HAVE_STRTOL 1
| #define HAVE_STRTOUL 1
| #define HAVE_POW 1
| #define HAVE_RINT 1
| #define HAVE_SQRT 1
| #define HAVE_ERAND48 1
| #define HAVE_MEMSET 1
| #define HAVE_MEMMOVE 1
| #define HAVE_ERAND48 1
| #define HAVE_ASPRINTF 1
| #define HAVE_VASPRINTF 1
| #define HAVE_C__GENERIC 1
| /* end confdefs.h.  */
| 
| int
| main (void)
| {
| 
| #if !(defined(__xlc__) || defined(__xlC__) || defined(__IBMC__) || defined(__IBMCPP__) || defined(__ibmxl__))
|       thisisanerror;
| #endif
| 
|   ;
|   return 0;
| }
configure:24158: gcc -c -g -O2  conftest.c >&5
conftest.c:79:7: error: use of undeclared identifier 'thisisanerror'
      thisisanerror;
      ^
1 error generated.
configure:24158: $? = 1
configure: failed program was:
| /* confdefs.h */
| #define PACKAGE_NAME "ViennaRNA"
| #define PACKAGE_TARNAME "ViennaRNA"
| #define PACKAGE_VERSION "2.7.0"
| #define PACKAGE_STRING "ViennaRNA 2.7.0"
| #define PACKAGE_BUGREPORT "rna@tbi.univie.ac.at"
| #define PACKAGE_URL "https://www.tbi.univie.ac.at/RNA"
| #define HAVE_STDIO_H 1
| #define HAVE_STDLIB_H 1
| #define HAVE_STRING_H 1
| #define HAVE_INTTYPES_H 1
| #define HAVE_STDINT_H 1
| #define HAVE_STRINGS_H 1
| #define HAVE_SYS_STAT_H 1
| #define HAVE_SYS_TYPES_H 1
| #define HAVE_UNISTD_H 1
| #define HAVE_WCHAR_H 1
| #define STDC_HEADERS 1
| #define _ALL_SOURCE 1
| #define _DARWIN_C_SOURCE 1
| #define _GNU_SOURCE 1
| #define _HPUX_ALT_XOPEN_SOCKET_API 1
| #define _NETBSD_SOURCE 1
| #define _OPENBSD_SOURCE 1
| #define _POSIX_PTHREAD_SEMANTICS 1
| #define __STDC_WANT_IEC_60559_ATTRIBS_EXT__ 1
| #define __STDC_WANT_IEC_60559_BFP_EXT__ 1
| #define __STDC_WANT_IEC_60559_DFP_EXT__ 1
| #define __STDC_WANT_IEC_60559_EXT__ 1
| #define __STDC_WANT_IEC_60559_FUNCS_EXT__ 1
| #define __STDC_WANT_IEC_60559_TYPES_EXT__ 1
| #define __STDC_WANT_LIB_EXT2__ 1
| #define __STDC_WANT_MATH_SPEC_FUNCS__ 1
| #define _TANDEM_SOURCE 1
| #define __EXTENSIONS__ 1
| #define PACKAGE "ViennaRNA"
| #define VERSION "2.7.0"
| #define UNUSED __attribute__ ((unused))
| #define HAVE_DLFCN_H 1
| #define LT_OBJDIR ".libs/"
| #define HAVE_LIBM 1
| #define HAVE__BOOL 1
| #define HAVE_STDBOOL_H 1
| #define HAVE_FLOAT_H 1
| #define HAVE_LIMITS_H 1
| #define HAVE_STDLIB_H 1
| #define HAVE_STRING_H 1
| #define HAVE_STRINGS_H 1
| #define HAVE_UNISTD_H 1
| #define HAVE_MATH_H 1
| #define HAVE_STDARG_H 1
| #define HAVE_MALLOC 1
| #define HAVE_REALLOC 1
| #define HAVE_FLOOR 1
| #define HAVE_STRDUP 1
| #define HAVE_STRSTR 1
| #define HAVE_STRCHR 1
| #define HAVE_STRRCHR 1
| #define HAVE_STRSTR 1
| #define HAVE_STRTOL 1
| #define HAVE_STRTOUL 1
| #define HAVE_POW 1
| #define HAVE_RINT 1
| #define HAVE_SQRT 1
| #define HAVE_ERAND48 1
| #define HAVE_MEMSET 1
| #define HAVE_MEMMOVE 1
| #define HAVE_ERAND48 1
| #define HAVE_ASPRINTF 1
| #define HAVE_VASPRINTF 1
| #define HAVE_C__GENERIC 1
| /* end confdefs.h.  */
| 
| int
| main (void)
| {
| 
| #if !(defined(__PATHCC__) || defined(__PATHSCALE__))
|       thisisanerror;
| #endif
| 
|   ;
|   return 0;
| }
configure:24158: gcc -c -g -O2  conftest.c >&5
configure:24158: $? = 0
configure:24169: result: clang
configure:24179: checking for perl
configure:24202: found /opt/homebrew/bin/perl
configure:24215: result: /opt/homebrew/bin/perl
configure:24244: checking whether C compiler accepts -fno-strict-aliasing
configure:24264: gcc -c -g -O2  -fno-strict-aliasing  conftest.c >&5
configure:24264: $? = 0
configure:24275: result: yes
configure:24305: : RNA_CFLAGS="$RNA_CFLAGS"
configure:24308: $? = 0
configure:24333: checking whether C++ compiler accepts -fno-strict-aliasing
configure:24353: g++ -std=gnu++11 -c -g -O2  -fno-strict-aliasing  conftest.cpp >&5
configure:24353: $? = 0
configure:24364: result: yes
configure:24394: : RNA_CXXFLAGS="$RNA_CXXFLAGS"
configure:24397: $? = 0
configure:24416: checking whether the linker accepts -fno-strict-aliasing
configure:24436: gcc -o conftest -g -O2    -fno-strict-aliasing conftest.c -lm  >&5
configure:24436: $? = 0
configure:24448: result: yes
configure:24478: : RNA_LDFLAGS="$RNA_LDFLAGS"
configure:24481: $? = 0
configure:24557: checking whether the C compiler allows unnamed unions of unnamed structs
configure:24581: gcc -o conftest -g -O2   conftest.c -lm  >&5
configure:24581: $? = 0
configure:24581: ./conftest
configure:24581: $? = 0
configure:24600: result: yes
configure:24606: checking whether the C++ compiler allows unnamed unions of unnamed structs
configure:24631: g++ -std=gnu++11 -o conftest -g -O2   conftest.cpp -lm  >&5
configure:24631: $? = 0
configure:24631: ./conftest
configure:24631: $? = 0
configure:24650: result: yes
configure:26847: checking for ./src/libsvm-3.35/svm.cpp
configure:26850: result: yes
configure:26847: checking for ./src/libsvm-3.35/svm.h
configure:26850: result: yes
configure:26971: checking for cblas_dgemm in -lgslcblas
configure:27000: gcc -o conftest -g -O2   conftest.c -lgslcblas  -lm  >&5
ld: library 'gslcblas' not found
clang: error: linker command failed with exit code 1 (use -v to see invocation)
configure:27000: $? = 1
configure: failed program was:
| /* confdefs.h */
| #define PACKAGE_NAME "ViennaRNA"
| #define PACKAGE_TARNAME "ViennaRNA"
| #define PACKAGE_VERSION "2.7.0"
| #define PACKAGE_STRING "ViennaRNA 2.7.0"
| #define PACKAGE_BUGREPORT "rna@tbi.univie.ac.at"
| #define PACKAGE_URL "https://www.tbi.univie.ac.at/RNA"
| #define HAVE_STDIO_H 1
| #define HAVE_STDLIB_H 1
| #define HAVE_STRING_H 1
| #define HAVE_INTTYPES_H 1
| #define HAVE_STDINT_H 1
| #define HAVE_STRINGS_H 1
| #define HAVE_SYS_STAT_H 1
| #define HAVE_SYS_TYPES_H 1
| #define HAVE_UNISTD_H 1
| #define HAVE_WCHAR_H 1
| #define STDC_HEADERS 1
| #define _ALL_SOURCE 1
| #define _DARWIN_C_SOURCE 1
| #define _GNU_SOURCE 1
| #define _HPUX_ALT_XOPEN_SOCKET_API 1
| #define _NETBSD_SOURCE 1
| #define _OPENBSD_SOURCE 1
| #define _POSIX_PTHREAD_SEMANTICS 1
| #define __STDC_WANT_IEC_60559_ATTRIBS_EXT__ 1
| #define __STDC_WANT_IEC_60559_BFP_EXT__ 1
| #define __STDC_WANT_IEC_60559_DFP_EXT__ 1
| #define __STDC_WANT_IEC_60559_EXT__ 1
| #define __STDC_WANT_IEC_60559_FUNCS_EXT__ 1
| #define __STDC_WANT_IEC_60559_TYPES_EXT__ 1
| #define __STDC_WANT_LIB_EXT2__ 1
| #define __STDC_WANT_MATH_SPEC_FUNCS__ 1
| #define _TANDEM_SOURCE 1
| #define __EXTENSIONS__ 1
| #define PACKAGE "ViennaRNA"
| #define VERSION "2.7.0"
| #define UNUSED __attribute__ ((unused))
| #define HAVE_DLFCN_H 1
| #define LT_OBJDIR ".libs/"
| #define HAVE_LIBM 1
| #define HAVE__BOOL 1
| #define HAVE_STDBOOL_H 1
| #define HAVE_FLOAT_H 1
| #define HAVE_LIMITS_H 1
| #define HAVE_STDLIB_H 1
| #define HAVE_STRING_H 1
| #define HAVE_STRINGS_H 1
| #define HAVE_UNISTD_H 1
| #define HAVE_MATH_H 1
| #define HAVE_STDARG_H 1
| #define HAVE_MALLOC 1
| #define HAVE_REALLOC 1
| #define HAVE_FLOOR 1
| #define HAVE_STRDUP 1
| #define HAVE_STRSTR 1
| #define HAVE_STRCHR 1
| #define HAVE_STRRCHR 1
| #define HAVE_STRSTR 1
| #define HAVE_STRTOL 1
| #define HAVE_STRTOUL 1
| #define HAVE_POW 1
| #define HAVE_RINT 1
| #define HAVE_SQRT 1
| #define HAVE_ERAND48 1
| #define HAVE_MEMSET 1
| #define HAVE_MEMMOVE 1
| #define HAVE_ERAND48 1
| #define HAVE_ASPRINTF 1
| #define HAVE_VASPRINTF 1
| #define HAVE_C__GENERIC 1
| #define VRNA_WITH_SVM 1
| /* end confdefs.h.  */
| 
| /* Override any GCC internal prototype to avoid an error.
|    Use char because int might match the return type of a GCC
|    builtin and then its argument prototype would still apply.
|    The 'extern "C"' is for builds by C++ compilers;
|    although this is not generally supported in C code supporting it here
|    has little cost and some practical benefit (sr 110532).  */
| #ifdef __cplusplus
| extern "C"
| #endif
| char cblas_dgemm (void);
| int
| main (void)
| {
| return cblas_dgemm ();
|   ;
|   return 0;
| }
configure:27012: result: no
configure:27022: checking for gsl_blas_dgemm in -lgsl
configure:27051: gcc -o conftest -g -O2   conftest.c -lgsl  -lm  >&5
ld: library 'gsl' not found
clang: error: linker command failed with exit code 1 (use -v to see invocation)
configure:27051: $? = 1
configure: failed program was:
| /* confdefs.h */
| #define PACKAGE_NAME "ViennaRNA"
| #define PACKAGE_TARNAME "ViennaRNA"
| #define PACKAGE_VERSION "2.7.0"
| #define PACKAGE_STRING "ViennaRNA 2.7.0"
| #define PACKAGE_BUGREPORT "rna@tbi.univie.ac.at"
| #define PACKAGE_URL "https://www.tbi.univie.ac.at/RNA"
| #define HAVE_STDIO_H 1
| #define HAVE_STDLIB_H 1
| #define HAVE_STRING_H 1
| #define HAVE_INTTYPES_H 1
| #define HAVE_STDINT_H 1
| #define HAVE_STRINGS_H 1
| #define HAVE_SYS_STAT_H 1
| #define HAVE_SYS_TYPES_H 1
| #define HAVE_UNISTD_H 1
| #define HAVE_WCHAR_H 1
| #define STDC_HEADERS 1
| #define _ALL_SOURCE 1
| #define _DARWIN_C_SOURCE 1
| #define _GNU_SOURCE 1
| #define _HPUX_ALT_XOPEN_SOCKET_API 1
| #define _NETBSD_SOURCE 1
| #define _OPENBSD_SOURCE 1
| #define _POSIX_PTHREAD_SEMANTICS 1
| #define __STDC_WANT_IEC_60559_ATTRIBS_EXT__ 1
| #define __STDC_WANT_IEC_60559_BFP_EXT__ 1
| #define __STDC_WANT_IEC_60559_DFP_EXT__ 1
| #define __STDC_WANT_IEC_60559_EXT__ 1
| #define __STDC_WANT_IEC_60559_FUNCS_EXT__ 1
| #define __STDC_WANT_IEC_60559_TYPES_EXT__ 1
| #define __STDC_WANT_LIB_EXT2__ 1
| #define __STDC_WANT_MATH_SPEC_FUNCS__ 1
| #define _TANDEM_SOURCE 1
| #define __EXTENSIONS__ 1
| #define PACKAGE "ViennaRNA"
| #define VERSION "2.7.0"
| #define UNUSED __attribute__ ((unused))
| #define HAVE_DLFCN_H 1
| #define LT_OBJDIR ".libs/"
| #define HAVE_LIBM 1
| #define HAVE__BOOL 1
| #define HAVE_STDBOOL_H 1
| #define HAVE_FLOAT_H 1
| #define HAVE_LIMITS_H 1
| #define HAVE_STDLIB_H 1
| #define HAVE_STRING_H 1
| #define HAVE_STRINGS_H 1
| #define HAVE_UNISTD_H 1
| #define HAVE_MATH_H 1
| #define HAVE_STDARG_H 1
| #define HAVE_MALLOC 1
| #define HAVE_REALLOC 1
| #define HAVE_FLOOR 1
| #define HAVE_STRDUP 1
| #define HAVE_STRSTR 1
| #define HAVE_STRCHR 1
| #define HAVE_STRRCHR 1
| #define HAVE_STRSTR 1
| #define HAVE_STRTOL 1
| #define HAVE_STRTOUL 1
| #define HAVE_POW 1
| #define HAVE_RINT 1
| #define HAVE_SQRT 1
| #define HAVE_ERAND48 1
| #define HAVE_MEMSET 1
| #define HAVE_MEMMOVE 1
| #define HAVE_ERAND48 1
| #define HAVE_ASPRINTF 1
| #define HAVE_VASPRINTF 1
| #define HAVE_C__GENERIC 1
| #define VRNA_WITH_SVM 1
| /* end confdefs.h.  */
| 
| /* Override any GCC internal prototype to avoid an error.
|    Use char because int might match the return type of a GCC
|    builtin and then its argument prototype would still apply.
|    The 'extern "C"' is for builds by C++ compilers;
|    although this is not generally supported in C code supporting it here
|    has little cost and some practical benefit (sr 110532).  */
| #ifdef __cplusplus
| extern "C"
| #endif
| char gsl_blas_dgemm (void);
| int
| main (void)
| {
| return gsl_blas_dgemm ();
|   ;
|   return 0;
| }
configure:27063: result: no
configure:27075: WARNING: "Can't find libgsl. Falling back to default implementation."
configure:27270: checking for OpenMP flag of C compiler
configure:27316: gcc -o conftest -g -O2 -fopenmp   conftest.c -lm  >&5
clang: error: unsupported option '-fopenmp'
clang: error: unsupported option '-fopenmp'
configure:27316: $? = 1
configure: failed program was:
| /* confdefs.h */
| #define PACKAGE_NAME "ViennaRNA"
| #define PACKAGE_TARNAME "ViennaRNA"
| #define PACKAGE_VERSION "2.7.0"
| #define PACKAGE_STRING "ViennaRNA 2.7.0"
| #define PACKAGE_BUGREPORT "rna@tbi.univie.ac.at"
| #define PACKAGE_URL "https://www.tbi.univie.ac.at/RNA"
| #define HAVE_STDIO_H 1
| #define HAVE_STDLIB_H 1
| #define HAVE_STRING_H 1
| #define HAVE_INTTYPES_H 1
| #define HAVE_STDINT_H 1
| #define HAVE_STRINGS_H 1
| #define HAVE_SYS_STAT_H 1
| #define HAVE_SYS_TYPES_H 1
| #define HAVE_UNISTD_H 1
| #define HAVE_WCHAR_H 1
| #define STDC_HEADERS 1
| #define _ALL_SOURCE 1
| #define _DARWIN_C_SOURCE 1
| #define _GNU_SOURCE 1
| #define _HPUX_ALT_XOPEN_SOCKET_API 1
| #define _NETBSD_SOURCE 1
| #define _OPENBSD_SOURCE 1
| #define _POSIX_PTHREAD_SEMANTICS 1
| #define __STDC_WANT_IEC_60559_ATTRIBS_EXT__ 1
| #define __STDC_WANT_IEC_60559_BFP_EXT__ 1
| #define __STDC_WANT_IEC_60559_DFP_EXT__ 1
| #define __STDC_WANT_IEC_60559_EXT__ 1
| #define __STDC_WANT_IEC_60559_FUNCS_EXT__ 1
| #define __STDC_WANT_IEC_60559_TYPES_EXT__ 1
| #define __STDC_WANT_LIB_EXT2__ 1
| #define __STDC_WANT_MATH_SPEC_FUNCS__ 1
| #define _TANDEM_SOURCE 1
| #define __EXTENSIONS__ 1
| #define PACKAGE "ViennaRNA"
| #define VERSION "2.7.0"
| #define UNUSED __attribute__ ((unused))
| #define HAVE_DLFCN_H 1
| #define LT_OBJDIR ".libs/"
| #define HAVE_LIBM 1
| #define HAVE__BOOL 1
| #define HAVE_STDBOOL_H 1
| #define HAVE_FLOAT_H 1
| #define HAVE_LIMITS_H 1
| #define HAVE_STDLIB_H 1
| #define HAVE_STRING_H 1
| #define HAVE_STRINGS_H 1
| #define HAVE_UNISTD_H 1
| #define HAVE_MATH_H 1
| #define HAVE_STDARG_H 1
| #define HAVE_MALLOC 1
| #define HAVE_REALLOC 1
| #define HAVE_FLOOR 1
| #define HAVE_STRDUP 1
| #define HAVE_STRSTR 1
| #define HAVE_STRCHR 1
| #define HAVE_STRRCHR 1
| #define HAVE_STRSTR 1
| #define HAVE_STRTOL 1
| #define HAVE_STRTOUL 1
| #define HAVE_POW 1
| #define HAVE_RINT 1
| #define HAVE_SQRT 1
| #define HAVE_ERAND48 1
| #define HAVE_MEMSET 1
| #define HAVE_MEMMOVE 1
| #define HAVE_ERAND48 1
| #define HAVE_ASPRINTF 1
| #define HAVE_VASPRINTF 1
| #define HAVE_C__GENERIC 1
| #define VRNA_WITH_SVM 1
| /* end confdefs.h.  */
| 
| #include <omp.h>
| 
| static void
| parallel_fill(int * data, int n)
| {
|   int i;
| #pragma omp parallel for
|   for (i = 0; i < n; ++i)
|     data[i] = i;
| }
| 
| int
| main()
| {
|   int arr[100000];
|   omp_set_num_threads(2);
|   parallel_fill(arr, 100000);
|   return 0;
| }
| 
configure:27316: gcc -o conftest -g -O2 -openmp   conftest.c -lm  >&5
conftest.c:75:10: fatal error: 'omp.h' file not found
#include <omp.h>
         ^~~~~~~
1 error generated.
configure:27316: $? = 1
configure: failed program was:
| /* confdefs.h */
| #define PACKAGE_NAME "ViennaRNA"
| #define PACKAGE_TARNAME "ViennaRNA"
| #define PACKAGE_VERSION "2.7.0"
| #define PACKAGE_STRING "ViennaRNA 2.7.0"
| #define PACKAGE_BUGREPORT "rna@tbi.univie.ac.at"
| #define PACKAGE_URL "https://www.tbi.univie.ac.at/RNA"
| #define HAVE_STDIO_H 1
| #define HAVE_STDLIB_H 1
| #define HAVE_STRING_H 1
| #define HAVE_INTTYPES_H 1
| #define HAVE_STDINT_H 1
| #define HAVE_STRINGS_H 1
| #define HAVE_SYS_STAT_H 1
| #define HAVE_SYS_TYPES_H 1
| #define HAVE_UNISTD_H 1
| #define HAVE_WCHAR_H 1
| #define STDC_HEADERS 1
| #define _ALL_SOURCE 1
| #define _DARWIN_C_SOURCE 1
| #define _GNU_SOURCE 1
| #define _HPUX_ALT_XOPEN_SOCKET_API 1
| #define _NETBSD_SOURCE 1
| #define _OPENBSD_SOURCE 1
| #define _POSIX_PTHREAD_SEMANTICS 1
| #define __STDC_WANT_IEC_60559_ATTRIBS_EXT__ 1
| #define __STDC_WANT_IEC_60559_BFP_EXT__ 1
| #define __STDC_WANT_IEC_60559_DFP_EXT__ 1
| #define __STDC_WANT_IEC_60559_EXT__ 1
| #define __STDC_WANT_IEC_60559_FUNCS_EXT__ 1
| #define __STDC_WANT_IEC_60559_TYPES_EXT__ 1
| #define __STDC_WANT_LIB_EXT2__ 1
| #define __STDC_WANT_MATH_SPEC_FUNCS__ 1
| #define _TANDEM_SOURCE 1
| #define __EXTENSIONS__ 1
| #define PACKAGE "ViennaRNA"
| #define VERSION "2.7.0"
| #define UNUSED __attribute__ ((unused))
| #define HAVE_DLFCN_H 1
| #define LT_OBJDIR ".libs/"
| #define HAVE_LIBM 1
| #define HAVE__BOOL 1
| #define HAVE_STDBOOL_H 1
| #define HAVE_FLOAT_H 1
| #define HAVE_LIMITS_H 1
| #define HAVE_STDLIB_H 1
| #define HAVE_STRING_H 1
| #define HAVE_STRINGS_H 1
| #define HAVE_UNISTD_H 1
| #define HAVE_MATH_H 1
| #define HAVE_STDARG_H 1
| #define HAVE_MALLOC 1
| #define HAVE_REALLOC 1
| #define HAVE_FLOOR 1
| #define HAVE_STRDUP 1
| #define HAVE_STRSTR 1
| #define HAVE_STRCHR 1
| #define HAVE_STRRCHR 1
| #define HAVE_STRSTR 1
| #define HAVE_STRTOL 1
| #define HAVE_STRTOUL 1
| #define HAVE_POW 1
| #define HAVE_RINT 1
| #define HAVE_SQRT 1
| #define HAVE_ERAND48 1
| #define HAVE_MEMSET 1
| #define HAVE_MEMMOVE 1
| #define HAVE_ERAND48 1
| #define HAVE_ASPRINTF 1
| #define HAVE_VASPRINTF 1
| #define HAVE_C__GENERIC 1
| #define VRNA_WITH_SVM 1
| /* end confdefs.h.  */
| 
| #include <omp.h>
| 
| static void
| parallel_fill(int * data, int n)
| {
|   int i;
| #pragma omp parallel for
|   for (i = 0; i < n; ++i)
|     data[i] = i;
| }
| 
| int
| main()
| {
|   int arr[100000];
|   omp_set_num_threads(2);
|   parallel_fill(arr, 100000);
|   return 0;
| }
| 
configure:27316: gcc -o conftest -g -O2 -qopenmp   conftest.c -lm  >&5
clang: error: unknown argument '-qopenmp'; did you mean '-fopenmp'?
configure:27316: $? = 1
configure: failed program was:
| /* confdefs.h */
| #define PACKAGE_NAME "ViennaRNA"
| #define PACKAGE_TARNAME "ViennaRNA"
| #define PACKAGE_VERSION "2.7.0"
| #define PACKAGE_STRING "ViennaRNA 2.7.0"
| #define PACKAGE_BUGREPORT "rna@tbi.univie.ac.at"
| #define PACKAGE_URL "https://www.tbi.univie.ac.at/RNA"
| #define HAVE_STDIO_H 1
| #define HAVE_STDLIB_H 1
| #define HAVE_STRING_H 1
| #define HAVE_INTTYPES_H 1
| #define HAVE_STDINT_H 1
| #define HAVE_STRINGS_H 1
| #define HAVE_SYS_STAT_H 1
| #define HAVE_SYS_TYPES_H 1
| #define HAVE_UNISTD_H 1
| #define HAVE_WCHAR_H 1
| #define STDC_HEADERS 1
| #define _ALL_SOURCE 1
| #define _DARWIN_C_SOURCE 1
| #define _GNU_SOURCE 1
| #define _HPUX_ALT_XOPEN_SOCKET_API 1
| #define _NETBSD_SOURCE 1
| #define _OPENBSD_SOURCE 1
| #define _POSIX_PTHREAD_SEMANTICS 1
| #define __STDC_WANT_IEC_60559_ATTRIBS_EXT__ 1
| #define __STDC_WANT_IEC_60559_BFP_EXT__ 1
| #define __STDC_WANT_IEC_60559_DFP_EXT__ 1
| #define __STDC_WANT_IEC_60559_EXT__ 1
| #define __STDC_WANT_IEC_60559_FUNCS_EXT__ 1
| #define __STDC_WANT_IEC_60559_TYPES_EXT__ 1
| #define __STDC_WANT_LIB_EXT2__ 1
| #define __STDC_WANT_MATH_SPEC_FUNCS__ 1
| #define _TANDEM_SOURCE 1
| #define __EXTENSIONS__ 1
| #define PACKAGE "ViennaRNA"
| #define VERSION "2.7.0"
| #define UNUSED __attribute__ ((unused))
| #define HAVE_DLFCN_H 1
| #define LT_OBJDIR ".libs/"
| #define HAVE_LIBM 1
| #define HAVE__BOOL 1
| #define HAVE_STDBOOL_H 1
| #define HAVE_FLOAT_H 1
| #define HAVE_LIMITS_H 1
| #define HAVE_STDLIB_H 1
| #define HAVE_STRING_H 1
| #define HAVE_STRINGS_H 1
| #define HAVE_UNISTD_H 1
| #define HAVE_MATH_H 1
| #define HAVE_STDARG_H 1
| #define HAVE_MALLOC 1
| #define HAVE_REALLOC 1
| #define HAVE_FLOOR 1
| #define HAVE_STRDUP 1
| #define HAVE_STRSTR 1
| #define HAVE_STRCHR 1
| #define HAVE_STRRCHR 1
| #define HAVE_STRSTR 1
| #define HAVE_STRTOL 1
| #define HAVE_STRTOUL 1
| #define HAVE_POW 1
| #define HAVE_RINT 1
| #define HAVE_SQRT 1
| #define HAVE_ERAND48 1
| #define HAVE_MEMSET 1
| #define HAVE_MEMMOVE 1
| #define HAVE_ERAND48 1
| #define HAVE_ASPRINTF 1
| #define HAVE_VASPRINTF 1
| #define HAVE_C__GENERIC 1
| #define VRNA_WITH_SVM 1
| /* end confdefs.h.  */
| 
| #include <omp.h>
| 
| static void
| parallel_fill(int * data, int n)
| {
|   int i;
| #pragma omp parallel for
|   for (i = 0; i < n; ++i)
|     data[i] = i;
| }
| 
| int
| main()
| {
|   int arr[100000];
|   omp_set_num_threads(2);
|   parallel_fill(arr, 100000);
|   return 0;
| }
| 
configure:27316: gcc -o conftest -g -O2 -mp   conftest.c -lm  >&5
clang: error: unknown argument: '-mp'
configure:27316: $? = 1
configure: failed program was:
| /* confdefs.h */
| #define PACKAGE_NAME "ViennaRNA"
| #define PACKAGE_TARNAME "ViennaRNA"
| #define PACKAGE_VERSION "2.7.0"
| #define PACKAGE_STRING "ViennaRNA 2.7.0"
| #define PACKAGE_BUGREPORT "rna@tbi.univie.ac.at"
| #define PACKAGE_URL "https://www.tbi.univie.ac.at/RNA"
| #define HAVE_STDIO_H 1
| #define HAVE_STDLIB_H 1
| #define HAVE_STRING_H 1
| #define HAVE_INTTYPES_H 1
| #define HAVE_STDINT_H 1
| #define HAVE_STRINGS_H 1
| #define HAVE_SYS_STAT_H 1
| #define HAVE_SYS_TYPES_H 1
| #define HAVE_UNISTD_H 1
| #define HAVE_WCHAR_H 1
| #define STDC_HEADERS 1
| #define _ALL_SOURCE 1
| #define _DARWIN_C_SOURCE 1
| #define _GNU_SOURCE 1
| #define _HPUX_ALT_XOPEN_SOCKET_API 1
| #define _NETBSD_SOURCE 1
| #define _OPENBSD_SOURCE 1
| #define _POSIX_PTHREAD_SEMANTICS 1
| #define __STDC_WANT_IEC_60559_ATTRIBS_EXT__ 1
| #define __STDC_WANT_IEC_60559_BFP_EXT__ 1
| #define __STDC_WANT_IEC_60559_DFP_EXT__ 1
| #define __STDC_WANT_IEC_60559_EXT__ 1
| #define __STDC_WANT_IEC_60559_FUNCS_EXT__ 1
| #define __STDC_WANT_IEC_60559_TYPES_EXT__ 1
| #define __STDC_WANT_LIB_EXT2__ 1
| #define __STDC_WANT_MATH_SPEC_FUNCS__ 1
| #define _TANDEM_SOURCE 1
| #define __EXTENSIONS__ 1
| #define PACKAGE "ViennaRNA"
| #define VERSION "2.7.0"
| #define UNUSED __attribute__ ((unused))
| #define HAVE_DLFCN_H 1
| #define LT_OBJDIR ".libs/"
| #define HAVE_LIBM 1
| #define HAVE__BOOL 1
| #define HAVE_STDBOOL_H 1
| #define HAVE_FLOAT_H 1
| #define HAVE_LIMITS_H 1
| #define HAVE_STDLIB_H 1
| #define HAVE_STRING_H 1
| #define HAVE_STRINGS_H 1
| #define HAVE_UNISTD_H 1
| #define HAVE_MATH_H 1
| #define HAVE_STDARG_H 1
| #define HAVE_MALLOC 1
| #define HAVE_REALLOC 1
| #define HAVE_FLOOR 1
| #define HAVE_STRDUP 1
| #define HAVE_STRSTR 1
| #define HAVE_STRCHR 1
| #define HAVE_STRRCHR 1
| #define HAVE_STRSTR 1
| #define HAVE_STRTOL 1
| #define HAVE_STRTOUL 1
| #define HAVE_POW 1
| #define HAVE_RINT 1
| #define HAVE_SQRT 1
| #define HAVE_ERAND48 1
| #define HAVE_MEMSET 1
| #define HAVE_MEMMOVE 1
| #define HAVE_ERAND48 1
| #define HAVE_ASPRINTF 1
| #define HAVE_VASPRINTF 1
| #define HAVE_C__GENERIC 1
| #define VRNA_WITH_SVM 1
| /* end confdefs.h.  */
| 
| #include <omp.h>
| 
| static void
| parallel_fill(int * data, int n)
| {
|   int i;
| #pragma omp parallel for
|   for (i = 0; i < n; ++i)
|     data[i] = i;
| }
| 
| int
| main()
| {
|   int arr[100000];
|   omp_set_num_threads(2);
|   parallel_fill(arr, 100000);
|   return 0;
| }
| 
configure:27316: gcc -o conftest -g -O2 -xopenmp   conftest.c -lm  >&5
clang: error: language not recognized: 'openmp'
configure:27316: $? = 1
configure: failed program was:
| /* confdefs.h */
| #define PACKAGE_NAME "ViennaRNA"
| #define PACKAGE_TARNAME "ViennaRNA"
| #define PACKAGE_VERSION "2.7.0"
| #define PACKAGE_STRING "ViennaRNA 2.7.0"
| #define PACKAGE_BUGREPORT "rna@tbi.univie.ac.at"
| #define PACKAGE_URL "https://www.tbi.univie.ac.at/RNA"
| #define HAVE_STDIO_H 1
| #define HAVE_STDLIB_H 1
| #define HAVE_STRING_H 1
| #define HAVE_INTTYPES_H 1
| #define HAVE_STDINT_H 1
| #define HAVE_STRINGS_H 1
| #define HAVE_SYS_STAT_H 1
| #define HAVE_SYS_TYPES_H 1
| #define HAVE_UNISTD_H 1
| #define HAVE_WCHAR_H 1
| #define STDC_HEADERS 1
| #define _ALL_SOURCE 1
| #define _DARWIN_C_SOURCE 1
| #define _GNU_SOURCE 1
| #define _HPUX_ALT_XOPEN_SOCKET_API 1
| #define _NETBSD_SOURCE 1
| #define _OPENBSD_SOURCE 1
| #define _POSIX_PTHREAD_SEMANTICS 1
| #define __STDC_WANT_IEC_60559_ATTRIBS_EXT__ 1
| #define __STDC_WANT_IEC_60559_BFP_EXT__ 1
| #define __STDC_WANT_IEC_60559_DFP_EXT__ 1
| #define __STDC_WANT_IEC_60559_EXT__ 1
| #define __STDC_WANT_IEC_60559_FUNCS_EXT__ 1
| #define __STDC_WANT_IEC_60559_TYPES_EXT__ 1
| #define __STDC_WANT_LIB_EXT2__ 1
| #define __STDC_WANT_MATH_SPEC_FUNCS__ 1
| #define _TANDEM_SOURCE 1
| #define __EXTENSIONS__ 1
| #define PACKAGE "ViennaRNA"
| #define VERSION "2.7.0"
| #define UNUSED __attribute__ ((unused))
| #define HAVE_DLFCN_H 1
| #define LT_OBJDIR ".libs/"
| #define HAVE_LIBM 1
| #define HAVE__BOOL 1
| #define HAVE_STDBOOL_H 1
| #define HAVE_FLOAT_H 1
| #define HAVE_LIMITS_H 1
| #define HAVE_STDLIB_H 1
| #define HAVE_STRING_H 1
| #define HAVE_STRINGS_H 1
| #define HAVE_UNISTD_H 1
| #define HAVE_MATH_H 1
| #define HAVE_STDARG_H 1
| #define HAVE_MALLOC 1
| #define HAVE_REALLOC 1
| #define HAVE_FLOOR 1
| #define HAVE_STRDUP 1
| #define HAVE_STRSTR 1
| #define HAVE_STRCHR 1
| #define HAVE_STRRCHR 1
| #define HAVE_STRSTR 1
| #define HAVE_STRTOL 1
| #define HAVE_STRTOUL 1
| #define HAVE_POW 1
| #define HAVE_RINT 1
| #define HAVE_SQRT 1
| #define HAVE_ERAND48 1
| #define HAVE_MEMSET 1
| #define HAVE_MEMMOVE 1
| #define HAVE_ERAND48 1
| #define HAVE_ASPRINTF 1
| #define HAVE_VASPRINTF 1
| #define HAVE_C__GENERIC 1
| #define VRNA_WITH_SVM 1
| /* end confdefs.h.  */
| 
| #include <omp.h>
| 
| static void
| parallel_fill(int * data, int n)
| {
|   int i;
| #pragma omp parallel for
|   for (i = 0; i < n; ++i)
|     data[i] = i;
| }
| 
| int
| main()
| {
|   int arr[100000];
|   omp_set_num_threads(2);
|   parallel_fill(arr, 100000);
|   return 0;
| }
| 
configure:27316: gcc -o conftest -g -O2 -omp   conftest.c -lm  >&5
conftest.c:75:10: fatal error: 'omp.h' file not found
#include <omp.h>
         ^~~~~~~
1 error generated.
configure:27316: $? = 1
configure: failed program was:
| /* confdefs.h */
| #define PACKAGE_NAME "ViennaRNA"
| #define PACKAGE_TARNAME "ViennaRNA"
| #define PACKAGE_VERSION "2.7.0"
| #define PACKAGE_STRING "ViennaRNA 2.7.0"
| #define PACKAGE_BUGREPORT "rna@tbi.univie.ac.at"
| #define PACKAGE_URL "https://www.tbi.univie.ac.at/RNA"
| #define HAVE_STDIO_H 1
| #define HAVE_STDLIB_H 1
| #define HAVE_STRING_H 1
| #define HAVE_INTTYPES_H 1
| #define HAVE_STDINT_H 1
| #define HAVE_STRINGS_H 1
| #define HAVE_SYS_STAT_H 1
| #define HAVE_SYS_TYPES_H 1
| #define HAVE_UNISTD_H 1
| #define HAVE_WCHAR_H 1
| #define STDC_HEADERS 1
| #define _ALL_SOURCE 1
| #define _DARWIN_C_SOURCE 1
| #define _GNU_SOURCE 1
| #define _HPUX_ALT_XOPEN_SOCKET_API 1
| #define _NETBSD_SOURCE 1
| #define _OPENBSD_SOURCE 1
| #define _POSIX_PTHREAD_SEMANTICS 1
| #define __STDC_WANT_IEC_60559_ATTRIBS_EXT__ 1
| #define __STDC_WANT_IEC_60559_BFP_EXT__ 1
| #define __STDC_WANT_IEC_60559_DFP_EXT__ 1
| #define __STDC_WANT_IEC_60559_EXT__ 1
| #define __STDC_WANT_IEC_60559_FUNCS_EXT__ 1
| #define __STDC_WANT_IEC_60559_TYPES_EXT__ 1
| #define __STDC_WANT_LIB_EXT2__ 1
| #define __STDC_WANT_MATH_SPEC_FUNCS__ 1
| #define _TANDEM_SOURCE 1
| #define __EXTENSIONS__ 1
| #define PACKAGE "ViennaRNA"
| #define VERSION "2.7.0"
| #define UNUSED __attribute__ ((unused))
| #define HAVE_DLFCN_H 1
| #define LT_OBJDIR ".libs/"
| #define HAVE_LIBM 1
| #define HAVE__BOOL 1
| #define HAVE_STDBOOL_H 1
| #define HAVE_FLOAT_H 1
| #define HAVE_LIMITS_H 1
| #define HAVE_STDLIB_H 1
| #define HAVE_STRING_H 1
| #define HAVE_STRINGS_H 1
| #define HAVE_UNISTD_H 1
| #define HAVE_MATH_H 1
| #define HAVE_STDARG_H 1
| #define HAVE_MALLOC 1
| #define HAVE_REALLOC 1
| #define HAVE_FLOOR 1
| #define HAVE_STRDUP 1
| #define HAVE_STRSTR 1
| #define HAVE_STRCHR 1
| #define HAVE_STRRCHR 1
| #define HAVE_STRSTR 1
| #define HAVE_STRTOL 1
| #define HAVE_STRTOUL 1
| #define HAVE_POW 1
| #define HAVE_RINT 1
| #define HAVE_SQRT 1
| #define HAVE_ERAND48 1
| #define HAVE_MEMSET 1
| #define HAVE_MEMMOVE 1
| #define HAVE_ERAND48 1
| #define HAVE_ASPRINTF 1
| #define HAVE_VASPRINTF 1
| #define HAVE_C__GENERIC 1
| #define VRNA_WITH_SVM 1
| /* end confdefs.h.  */
| 
| #include <omp.h>
| 
| static void
| parallel_fill(int * data, int n)
| {
|   int i;
| #pragma omp parallel for
|   for (i = 0; i < n; ++i)
|     data[i] = i;
| }
| 
| int
| main()
| {
|   int arr[100000];
|   omp_set_num_threads(2);
|   parallel_fill(arr, 100000);
|   return 0;
| }
| 
configure:27316: gcc -o conftest -g -O2 -qsmp=omp   conftest.c -lm  >&5
clang: error: unknown argument: '-qsmp=omp'
configure:27316: $? = 1
configure: failed program was:
| /* confdefs.h */
| #define PACKAGE_NAME "ViennaRNA"
| #define PACKAGE_TARNAME "ViennaRNA"
| #define PACKAGE_VERSION "2.7.0"
| #define PACKAGE_STRING "ViennaRNA 2.7.0"
| #define PACKAGE_BUGREPORT "rna@tbi.univie.ac.at"
| #define PACKAGE_URL "https://www.tbi.univie.ac.at/RNA"
| #define HAVE_STDIO_H 1
| #define HAVE_STDLIB_H 1
| #define HAVE_STRING_H 1
| #define HAVE_INTTYPES_H 1
| #define HAVE_STDINT_H 1
| #define HAVE_STRINGS_H 1
| #define HAVE_SYS_STAT_H 1
| #define HAVE_SYS_TYPES_H 1
| #define HAVE_UNISTD_H 1
| #define HAVE_WCHAR_H 1
| #define STDC_HEADERS 1
| #define _ALL_SOURCE 1
| #define _DARWIN_C_SOURCE 1
| #define _GNU_SOURCE 1
| #define _HPUX_ALT_XOPEN_SOCKET_API 1
| #define _NETBSD_SOURCE 1
| #define _OPENBSD_SOURCE 1
| #define _POSIX_PTHREAD_SEMANTICS 1
| #define __STDC_WANT_IEC_60559_ATTRIBS_EXT__ 1
| #define __STDC_WANT_IEC_60559_BFP_EXT__ 1
| #define __STDC_WANT_IEC_60559_DFP_EXT__ 1
| #define __STDC_WANT_IEC_60559_EXT__ 1
| #define __STDC_WANT_IEC_60559_FUNCS_EXT__ 1
| #define __STDC_WANT_IEC_60559_TYPES_EXT__ 1
| #define __STDC_WANT_LIB_EXT2__ 1
| #define __STDC_WANT_MATH_SPEC_FUNCS__ 1
| #define _TANDEM_SOURCE 1
| #define __EXTENSIONS__ 1
| #define PACKAGE "ViennaRNA"
| #define VERSION "2.7.0"
| #define UNUSED __attribute__ ((unused))
| #define HAVE_DLFCN_H 1
| #define LT_OBJDIR ".libs/"
| #define HAVE_LIBM 1
| #define HAVE__BOOL 1
| #define HAVE_STDBOOL_H 1
| #define HAVE_FLOAT_H 1
| #define HAVE_LIMITS_H 1
| #define HAVE_STDLIB_H 1
| #define HAVE_STRING_H 1
| #define HAVE_STRINGS_H 1
| #define HAVE_UNISTD_H 1
| #define HAVE_MATH_H 1
| #define HAVE_STDARG_H 1
| #define HAVE_MALLOC 1
| #define HAVE_REALLOC 1
| #define HAVE_FLOOR 1
| #define HAVE_STRDUP 1
| #define HAVE_STRSTR 1
| #define HAVE_STRCHR 1
| #define HAVE_STRRCHR 1
| #define HAVE_STRSTR 1
| #define HAVE_STRTOL 1
| #define HAVE_STRTOUL 1
| #define HAVE_POW 1
| #define HAVE_RINT 1
| #define HAVE_SQRT 1
| #define HAVE_ERAND48 1
| #define HAVE_MEMSET 1
| #define HAVE_MEMMOVE 1
| #define HAVE_ERAND48 1
| #define HAVE_ASPRINTF 1
| #define HAVE_VASPRINTF 1
| #define HAVE_C__GENERIC 1
| #define VRNA_WITH_SVM 1
| /* end confdefs.h.  */
| 
| #include <omp.h>
| 
| static void
| parallel_fill(int * data, int n)
| {
|   int i;
| #pragma omp parallel for
|   for (i = 0; i < n; ++i)
|     data[i] = i;
| }
| 
| int
| main()
| {
|   int arr[100000];
|   omp_set_num_threads(2);
|   parallel_fill(arr, 100000);
|   return 0;
| }
| 
configure:27316: gcc -o conftest    conftest.c -lm  >&5
conftest.c:75:10: fatal error: 'omp.h' file not found
#include <omp.h>
         ^~~~~~~
1 error generated.
configure:27316: $? = 1
configure: failed program was:
| /* confdefs.h */
| #define PACKAGE_NAME "ViennaRNA"
| #define PACKAGE_TARNAME "ViennaRNA"
| #define PACKAGE_VERSION "2.7.0"
| #define PACKAGE_STRING "ViennaRNA 2.7.0"
| #define PACKAGE_BUGREPORT "rna@tbi.univie.ac.at"
| #define PACKAGE_URL "https://www.tbi.univie.ac.at/RNA"
| #define HAVE_STDIO_H 1
| #define HAVE_STDLIB_H 1
| #define HAVE_STRING_H 1
| #define HAVE_INTTYPES_H 1
| #define HAVE_STDINT_H 1
| #define HAVE_STRINGS_H 1
| #define HAVE_SYS_STAT_H 1
| #define HAVE_SYS_TYPES_H 1
| #define HAVE_UNISTD_H 1
| #define HAVE_WCHAR_H 1
| #define STDC_HEADERS 1
| #define _ALL_SOURCE 1
| #define _DARWIN_C_SOURCE 1
| #define _GNU_SOURCE 1
| #define _HPUX_ALT_XOPEN_SOCKET_API 1
| #define _NETBSD_SOURCE 1
| #define _OPENBSD_SOURCE 1
| #define _POSIX_PTHREAD_SEMANTICS 1
| #define __STDC_WANT_IEC_60559_ATTRIBS_EXT__ 1
| #define __STDC_WANT_IEC_60559_BFP_EXT__ 1
| #define __STDC_WANT_IEC_60559_DFP_EXT__ 1
| #define __STDC_WANT_IEC_60559_EXT__ 1
| #define __STDC_WANT_IEC_60559_FUNCS_EXT__ 1
| #define __STDC_WANT_IEC_60559_TYPES_EXT__ 1
| #define __STDC_WANT_LIB_EXT2__ 1
| #define __STDC_WANT_MATH_SPEC_FUNCS__ 1
| #define _TANDEM_SOURCE 1
| #define __EXTENSIONS__ 1
| #define PACKAGE "ViennaRNA"
| #define VERSION "2.7.0"
| #define UNUSED __attribute__ ((unused))
| #define HAVE_DLFCN_H 1
| #define LT_OBJDIR ".libs/"
| #define HAVE_LIBM 1
| #define HAVE__BOOL 1
| #define HAVE_STDBOOL_H 1
| #define HAVE_FLOAT_H 1
| #define HAVE_LIMITS_H 1
| #define HAVE_STDLIB_H 1
| #define HAVE_STRING_H 1
| #define HAVE_STRINGS_H 1
| #define HAVE_UNISTD_H 1
| #define HAVE_MATH_H 1
| #define HAVE_STDARG_H 1
| #define HAVE_MALLOC 1
| #define HAVE_REALLOC 1
| #define HAVE_FLOOR 1
| #define HAVE_STRDUP 1
| #define HAVE_STRSTR 1
| #define HAVE_STRCHR 1
| #define HAVE_STRRCHR 1
| #define HAVE_STRSTR 1
| #define HAVE_STRTOL 1
| #define HAVE_STRTOUL 1
| #define HAVE_POW 1
| #define HAVE_RINT 1
| #define HAVE_SQRT 1
| #define HAVE_ERAND48 1
| #define HAVE_MEMSET 1
| #define HAVE_MEMMOVE 1
| #define HAVE_ERAND48 1
| #define HAVE_ASPRINTF 1
| #define HAVE_VASPRINTF 1
| #define HAVE_C__GENERIC 1
| #define VRNA_WITH_SVM 1
| /* end confdefs.h.  */
| 
| #include <omp.h>
| 
| static void
| parallel_fill(int * data, int n)
| {
|   int i;
| #pragma omp parallel for
|   for (i = 0; i < n; ++i)
|     data[i] = i;
| }
| 
| int
| main()
| {
|   int arr[100000];
|   omp_set_num_threads(2);
|   parallel_fill(arr, 100000);
|   return 0;
| }
| 
configure:27327: result: unknown
configure:27902: checking whether gcc is Clang
configure:27930: result: yes
configure:27996: checking whether pthreads work with "-pthread" and "-lpthread"
configure:28108: gcc -o conftest -g -O2 -pthread   conftest.c -lpthread -lm  >&5
configure:28108: $? = 0
configure:28118: result: yes
configure:28167: checking whether Clang needs flag to prevent "argument unused" warning when linking with -pthread
configure:28194: gcc -o conftest -Werror -Wunknown-warning-option  -pthread -g -O2   conftest.c -lm  >&5
configure:28194: $? = 0
configure:28201: (gcc -c -Werror -Wunknown-warning-option  -pthread -g -O2  conftest.c >&5) && (echo ==== >&5) && (gcc -o conftest -Werror -Wunknown-warning-option  -pthread -g -O2   conftest.o -lm  >&5)
====
configure:28201: $? = 0
configure:28222: result: no
configure:28242: checking for joinable pthread attribute
configure:28261: gcc -o conftest -g -O2 -pthread   conftest.c -lpthread -lm  >&5
configure:28261: $? = 0
configure:28271: result: PTHREAD_CREATE_JOINABLE
configure:28284: checking whether more special flags are required for pthreads
configure:28299: result: no
configure:28308: checking for PTHREAD_PRIO_INHERIT
configure:28326: gcc -o conftest -g -O2 -pthread   conftest.c -lpthread -lm  >&5
configure:28326: $? = 0
configure:28338: result: yes
configure:29184: checking compiler support for AVX 512 instructions
configure:29220: gcc -c -g -O2 -Werror -mavx512f  conftest.c >&5
clang: error: argument unused during compilation: '-mavx512f' [-Werror,-Wunused-command-line-argument]
configure:29220: $? = 1
configure: failed program was:
| /* confdefs.h */
| #define PACKAGE_NAME "ViennaRNA"
| #define PACKAGE_TARNAME "ViennaRNA"
| #define PACKAGE_VERSION "2.7.0"
| #define PACKAGE_STRING "ViennaRNA 2.7.0"
| #define PACKAGE_BUGREPORT "rna@tbi.univie.ac.at"
| #define PACKAGE_URL "https://www.tbi.univie.ac.at/RNA"
| #define HAVE_STDIO_H 1
| #define HAVE_STDLIB_H 1
| #define HAVE_STRING_H 1
| #define HAVE_INTTYPES_H 1
| #define HAVE_STDINT_H 1
| #define HAVE_STRINGS_H 1
| #define HAVE_SYS_STAT_H 1
| #define HAVE_SYS_TYPES_H 1
| #define HAVE_UNISTD_H 1
| #define HAVE_WCHAR_H 1
| #define STDC_HEADERS 1
| #define _ALL_SOURCE 1
| #define _DARWIN_C_SOURCE 1
| #define _GNU_SOURCE 1
| #define _HPUX_ALT_XOPEN_SOCKET_API 1
| #define _NETBSD_SOURCE 1
| #define _OPENBSD_SOURCE 1
| #define _POSIX_PTHREAD_SEMANTICS 1
| #define __STDC_WANT_IEC_60559_ATTRIBS_EXT__ 1
| #define __STDC_WANT_IEC_60559_BFP_EXT__ 1
| #define __STDC_WANT_IEC_60559_DFP_EXT__ 1
| #define __STDC_WANT_IEC_60559_EXT__ 1
| #define __STDC_WANT_IEC_60559_FUNCS_EXT__ 1
| #define __STDC_WANT_IEC_60559_TYPES_EXT__ 1
| #define __STDC_WANT_LIB_EXT2__ 1
| #define __STDC_WANT_MATH_SPEC_FUNCS__ 1
| #define _TANDEM_SOURCE 1
| #define __EXTENSIONS__ 1
| #define PACKAGE "ViennaRNA"
| #define VERSION "2.7.0"
| #define UNUSED __attribute__ ((unused))
| #define HAVE_DLFCN_H 1
| #define LT_OBJDIR ".libs/"
| #define HAVE_LIBM 1
| #define HAVE__BOOL 1
| #define HAVE_STDBOOL_H 1
| #define HAVE_FLOAT_H 1
| #define HAVE_LIMITS_H 1
| #define HAVE_STDLIB_H 1
| #define HAVE_STRING_H 1
| #define HAVE_STRINGS_H 1
| #define HAVE_UNISTD_H 1
| #define HAVE_MATH_H 1
| #define HAVE_STDARG_H 1
| #define HAVE_MALLOC 1
| #define HAVE_REALLOC 1
| #define HAVE_FLOOR 1
| #define HAVE_STRDUP 1
| #define HAVE_STRSTR 1
| #define HAVE_STRCHR 1
| #define HAVE_STRRCHR 1
| #define HAVE_STRSTR 1
| #define HAVE_STRTOL 1
| #define HAVE_STRTOUL 1
| #define HAVE_POW 1
| #define HAVE_RINT 1
| #define HAVE_SQRT 1
| #define HAVE_ERAND48 1
| #define HAVE_MEMSET 1
| #define HAVE_MEMMOVE 1
| #define HAVE_ERAND48 1
| #define HAVE_ASPRINTF 1
| #define HAVE_VASPRINTF 1
| #define HAVE_C__GENERIC 1
| #define VRNA_WITH_SVM 1
| #define HAVE_PTHREAD_PRIO_INHERIT 1
| #define VRNA_WITH_PTHREADS 1
| /* end confdefs.h.  */
| 
| 
|                   #include <immintrin.h>
|                   #include <limits.h>
| 
| int
| main (void)
| {
| __m512i a = _mm512_set1_epi32(INT_MAX);
|                     __m512i b = _mm512_set1_epi32(INT_MIN);
|                     __m512i c = _mm512_set1_epi32(INT_MIN);
|                     __mmask16 mask = _kand_mask16(_mm512_cmplt_epi32_mask(a, c),
|                                                   _mm512_cmplt_epi32_mask(b, c));
| 
|                     b = _mm512_min_epi32(a, b);
|                     int e = _mm512_mask_reduce_min_epi32(mask, b);
| 
|   ;
|   return 0;
| }
| 
configure:29233: result: no
configure:29248: checking compiler support for SSE 4.1 instructions
configure:29279: gcc -c -g -O2 -Werror -msse4.1  conftest.c >&5
clang: error: argument unused during compilation: '-msse4.1' [-Werror,-Wunused-command-line-argument]
configure:29279: $? = 1
configure: failed program was:
| /* confdefs.h */
| #define PACKAGE_NAME "ViennaRNA"
| #define PACKAGE_TARNAME "ViennaRNA"
| #define PACKAGE_VERSION "2.7.0"
| #define PACKAGE_STRING "ViennaRNA 2.7.0"
| #define PACKAGE_BUGREPORT "rna@tbi.univie.ac.at"
| #define PACKAGE_URL "https://www.tbi.univie.ac.at/RNA"
| #define HAVE_STDIO_H 1
| #define HAVE_STDLIB_H 1
| #define HAVE_STRING_H 1
| #define HAVE_INTTYPES_H 1
| #define HAVE_STDINT_H 1
| #define HAVE_STRINGS_H 1
| #define HAVE_SYS_STAT_H 1
| #define HAVE_SYS_TYPES_H 1
| #define HAVE_UNISTD_H 1
| #define HAVE_WCHAR_H 1
| #define STDC_HEADERS 1
| #define _ALL_SOURCE 1
| #define _DARWIN_C_SOURCE 1
| #define _GNU_SOURCE 1
| #define _HPUX_ALT_XOPEN_SOCKET_API 1
| #define _NETBSD_SOURCE 1
| #define _OPENBSD_SOURCE 1
| #define _POSIX_PTHREAD_SEMANTICS 1
| #define __STDC_WANT_IEC_60559_ATTRIBS_EXT__ 1
| #define __STDC_WANT_IEC_60559_BFP_EXT__ 1
| #define __STDC_WANT_IEC_60559_DFP_EXT__ 1
| #define __STDC_WANT_IEC_60559_EXT__ 1
| #define __STDC_WANT_IEC_60559_FUNCS_EXT__ 1
| #define __STDC_WANT_IEC_60559_TYPES_EXT__ 1
| #define __STDC_WANT_LIB_EXT2__ 1
| #define __STDC_WANT_MATH_SPEC_FUNCS__ 1
| #define _TANDEM_SOURCE 1
| #define __EXTENSIONS__ 1
| #define PACKAGE "ViennaRNA"
| #define VERSION "2.7.0"
| #define UNUSED __attribute__ ((unused))
| #define HAVE_DLFCN_H 1
| #define LT_OBJDIR ".libs/"
| #define HAVE_LIBM 1
| #define HAVE__BOOL 1
| #define HAVE_STDBOOL_H 1
| #define HAVE_FLOAT_H 1
| #define HAVE_LIMITS_H 1
| #define HAVE_STDLIB_H 1
| #define HAVE_STRING_H 1
| #define HAVE_STRINGS_H 1
| #define HAVE_UNISTD_H 1
| #define HAVE_MATH_H 1
| #define HAVE_STDARG_H 1
| #define HAVE_MALLOC 1
| #define HAVE_REALLOC 1
| #define HAVE_FLOOR 1
| #define HAVE_STRDUP 1
| #define HAVE_STRSTR 1
| #define HAVE_STRCHR 1
| #define HAVE_STRRCHR 1
| #define HAVE_STRSTR 1
| #define HAVE_STRTOL 1
| #define HAVE_STRTOUL 1
| #define HAVE_POW 1
| #define HAVE_RINT 1
| #define HAVE_SQRT 1
| #define HAVE_ERAND48 1
| #define HAVE_MEMSET 1
| #define HAVE_MEMMOVE 1
| #define HAVE_ERAND48 1
| #define HAVE_ASPRINTF 1
| #define HAVE_VASPRINTF 1
| #define HAVE_C__GENERIC 1
| #define VRNA_WITH_SVM 1
| #define HAVE_PTHREAD_PRIO_INHERIT 1
| #define VRNA_WITH_PTHREADS 1
| /* end confdefs.h.  */
| 
| 
|                         #include <smmintrin.h>
|                         #include <limits.h>
| 
| int
| main (void)
| {
| __m128i a = _mm_set1_epi32(INT_MAX);
|                           __m128i b = _mm_set1_epi32(INT_MIN);
|                           b = _mm_min_epi32(a, b);
| 
|   ;
|   return 0;
| }
| 
configure:29292: result: no
configure:29410: checking whether C compiler accepts -ftree-vectorize
configure:29430: gcc -c -g -O2  -ftree-vectorize  conftest.c >&5
configure:29430: $? = 0
configure:29441: result: yes
configure:29460: : RNA_CFLAGS="$RNA_CFLAGS"
configure:29463: $? = 0
configure:29556: checking for mpfr.h
configure:29556: gcc -c -g -O2  conftest.c >&5
conftest.c:104:10: fatal error: 'mpfr.h' file not found
#include <mpfr.h>
         ^~~~~~~~
1 error generated.
configure:29556: $? = 1
configure: failed program was:
| /* confdefs.h */
| #define PACKAGE_NAME "ViennaRNA"
| #define PACKAGE_TARNAME "ViennaRNA"
| #define PACKAGE_VERSION "2.7.0"
| #define PACKAGE_STRING "ViennaRNA 2.7.0"
| #define PACKAGE_BUGREPORT "rna@tbi.univie.ac.at"
| #define PACKAGE_URL "https://www.tbi.univie.ac.at/RNA"
| #define HAVE_STDIO_H 1
| #define HAVE_STDLIB_H 1
| #define HAVE_STRING_H 1
| #define HAVE_INTTYPES_H 1
| #define HAVE_STDINT_H 1
| #define HAVE_STRINGS_H 1
| #define HAVE_SYS_STAT_H 1
| #define HAVE_SYS_TYPES_H 1
| #define HAVE_UNISTD_H 1
| #define HAVE_WCHAR_H 1
| #define STDC_HEADERS 1
| #define _ALL_SOURCE 1
| #define _DARWIN_C_SOURCE 1
| #define _GNU_SOURCE 1
| #define _HPUX_ALT_XOPEN_SOCKET_API 1
| #define _NETBSD_SOURCE 1
| #define _OPENBSD_SOURCE 1
| #define _POSIX_PTHREAD_SEMANTICS 1
| #define __STDC_WANT_IEC_60559_ATTRIBS_EXT__ 1
| #define __STDC_WANT_IEC_60559_BFP_EXT__ 1
| #define __STDC_WANT_IEC_60559_DFP_EXT__ 1
| #define __STDC_WANT_IEC_60559_EXT__ 1
| #define __STDC_WANT_IEC_60559_FUNCS_EXT__ 1
| #define __STDC_WANT_IEC_60559_TYPES_EXT__ 1
| #define __STDC_WANT_LIB_EXT2__ 1
| #define __STDC_WANT_MATH_SPEC_FUNCS__ 1
| #define _TANDEM_SOURCE 1
| #define __EXTENSIONS__ 1
| #define PACKAGE "ViennaRNA"
| #define VERSION "2.7.0"
| #define UNUSED __attribute__ ((unused))
| #define HAVE_DLFCN_H 1
| #define LT_OBJDIR ".libs/"
| #define HAVE_LIBM 1
| #define HAVE__BOOL 1
| #define HAVE_STDBOOL_H 1
| #define HAVE_FLOAT_H 1
| #define HAVE_LIMITS_H 1
| #define HAVE_STDLIB_H 1
| #define HAVE_STRING_H 1
| #define HAVE_STRINGS_H 1
| #define HAVE_UNISTD_H 1
| #define HAVE_MATH_H 1
| #define HAVE_STDARG_H 1
| #define HAVE_MALLOC 1
| #define HAVE_REALLOC 1
| #define HAVE_FLOOR 1
| #define HAVE_STRDUP 1
| #define HAVE_STRSTR 1
| #define HAVE_STRCHR 1
| #define HAVE_STRRCHR 1
| #define HAVE_STRSTR 1
| #define HAVE_STRTOL 1
| #define HAVE_STRTOUL 1
| #define HAVE_POW 1
| #define HAVE_RINT 1
| #define HAVE_SQRT 1
| #define HAVE_ERAND48 1
| #define HAVE_MEMSET 1
| #define HAVE_MEMMOVE 1
| #define HAVE_ERAND48 1
| #define HAVE_ASPRINTF 1
| #define HAVE_VASPRINTF 1
| #define HAVE_C__GENERIC 1
| #define VRNA_WITH_SVM 1
| #define HAVE_PTHREAD_PRIO_INHERIT 1
| #define VRNA_WITH_PTHREADS 1
| /* end confdefs.h.  */
| #include <stddef.h>
| #ifdef HAVE_STDIO_H
| # include <stdio.h>
| #endif
| #ifdef HAVE_STDLIB_H
| # include <stdlib.h>
| #endif
| #ifdef HAVE_STRING_H
| # include <string.h>
| #endif
| #ifdef HAVE_INTTYPES_H
| # include <inttypes.h>
| #endif
| #ifdef HAVE_STDINT_H
| # include <stdint.h>
| #endif
| #ifdef HAVE_STRINGS_H
| # include <strings.h>
| #endif
| #ifdef HAVE_SYS_TYPES_H
| # include <sys/types.h>
| #endif
| #ifdef HAVE_SYS_STAT_H
| # include <sys/stat.h>
| #endif
| #ifdef HAVE_UNISTD_H
| # include <unistd.h>
| #endif
| #include <mpfr.h>
configure:29556: result: no
configure:29622: WARNING:
==========================
Failed to find mpfr.h!

You probably need to install the mpfr-devel package or similar
==========================
    
configure:29696: checking for ./src/ViennaRNA/plotting/naview/naview.c
configure:29699: result: yes
configure:29696: checking for ./src/ViennaRNA/plotting/naview/naview.h
configure:29699: result: yes
configure:29756: : RNA_CPPFLAGS="$RNA_CPPFLAGS"
configure:29759: $? = 0
configure:29861: : RNA_CPPFLAGS="$RNA_CPPFLAGS"
configure:29864: $? = 0
configure:29969: checking for ./interfaces/Makefile.am
configure:29972: result: yes
configure:30004: checking for swig
configure:30043: result: no
configure:30004: checking for swig3.0
configure:30043: result: no
configure:30004: checking for swig2.0
configure:30043: result: no
configure:30167: checking for ./interfaces/Perl/Makefile.am
configure:30170: result: yes
configure:30208: checking for ./interfaces/Perl/RNA_wrap.cpp
configure:30211: result: yes
configure:30223: checking for ./interfaces/Perl/RNA.pm
configure:30226: result: yes
configure:30256: checking for /opt/homebrew/bin/perl
configure:30292: result: /opt/homebrew/bin/perl
configure:30310: checking for Perl prefix
configure:30315: result: /opt/homebrew/opt/perl
configure:30323: checking for Perl siteprefix
configure:30328: result: /opt/homebrew/opt/perl
configure:30336: checking for Perl vendorprefix
configure:30341: result: 
configure:30349: checking for Perl extension include path
configure:30354: result: /opt/homebrew/opt/perl/lib/perl5/5.38/darwin-thread-multi-2level/CORE
configure:30362: checking for Perl extension target directory
configure:30367: result: /opt/homebrew/opt/perl/lib/perl5/site_perl/5.38/darwin-thread-multi-2level
configure:30376: checking for architecture dependent Perl extension site target directory
configure:30381: result: /opt/homebrew/opt/perl/lib/perl5/site_perl/5.38/darwin-thread-multi-2level
configure:30389: checking for architecture dependent Perl extension vendor target directory
configure:30394: result: 
configure:30402: checking for architecture independent Perl extension site target directory
configure:30407: result: /opt/homebrew/opt/perl/lib/perl5/site_perl/5.38
configure:30415: checking for architecture independent Perl extension vendor target directory
configure:30420: result: 
configure:30428: checking for Perl extensions C preprocessor flags
configure:30433: result: -fno-common -DPERL_DARWIN -mmacosx-version-min=14.2 -DNO_POSIX_2008_LOCALE -fno-strict-aliasing -pipe -fstack-protector-strong
configure:30441: checking for Perl extensions linker flags
configure:30454: result: -mmacosx-version-min=14.2 -bundle -undefined dynamic_lookup -fstack-protector-strong
configure:30462: checking for Perl dynamic library extension
configure:30467: result: .bundle
configure:30855: checking for ./interfaces/Python/Makefile.am
configure:30858: result: yes
configure:30896: checking for ./interfaces/Python/RNA_wrap.cpp
configure:30899: result: yes
configure:30911: checking for ./interfaces/Python/RNA.py
configure:30914: result: yes
configure:30945: checking for python3
configure:30968: found /Users/mateusaragao/interpretable-splicing-visualization/myenv/bin/python3
configure:30981: result: /Users/mateusaragao/interpretable-splicing-visualization/myenv/bin/python3
configure:30999: checking for Python3 include path
configure:31004: result: /Library/Frameworks/Python.framework/Versions/3.10/include/python3.10
configure:31008: checking for /Library/Frameworks/Python.framework/Versions/3.10/include/python3.10/Python.h
configure:31012: result: yes
configure:31015: checking for Python3 ldflags
configure:31028: result: -bundle -undefined dynamic_lookup
configure:31031: checking for Python3 extension linker
configure:31036: result: clang -bundle -undefined dynamic_lookup -arch arm64 -arch x86_64 -g
configure:31039: checking for directory to install Python3 scripts in
configure:31050: result: ${prefix}/lib/python3.10/site-packages
configure:31054: checking for directory to install architecture dependent python3 things in
configure:31064: result: ${exec_prefix}/lib/python3.10/site-packages
configure:31068: checking for Python3 module extension
configure:31073: result: .cpython-310-darwin.so
configure:31076: checking for Python3 tag for cached compiled scripts
configure:31081: result: cpython-310
configure:31084: checking for Python3 extension of cached and optimized bytecode
configure:31090: result: cpython-310.opt-1.pyc
configure:31328: checking for doxygen
configure:31365: result: no
configure:31375: checking for dot
configure:31398: found /opt/homebrew/bin/dot
configure:31412: result: /opt/homebrew/bin/dot
configure:31422: checking for grep
configure:31445: found /usr/bin/grep
configure:31459: result: /usr/bin/grep
configure:31469: checking for perl
configure:31492: found /opt/homebrew/bin/perl
configure:31506: result: /opt/homebrew/bin/perl
configure:31518: checking for sphinx-build
configure:31554: result: no
configure:31518: checking for sphinx-build3
configure:31554: result: no
configure:31605: checking for doc/doxygen/xml/index.xml
configure:31608: result: yes
configure:31628: WARNING: sphinx-build is required to build the reference manual
configure:31672: WARNING: Could not find pdflatex!
configure:31674: WARNING: deactivating automatic (re)generation of reference manual!
configure:31798: WARNING: makeindex command not found on your system!
configure:31800: WARNING: deactivating automatic (re)generation of reference manual!
configure:31813: WARNING: bibtex command not found on your system!
configure:31815: WARNING: deactivating automatic (re)generation of reference manual!
configure:31856: checking for doc/RNAlib-2.7.0.pdf
configure:31859: result: yes
configure:31888: checking for doc/build/html/index.html
configure:31891: result: yes
configure:32149: WARNING: Could not find pdflatex!
configure:32151: WARNING: deactivating automatic (re)generation of CLA!
configure:32241: checking for doc/CLA/ViennaRNA-CLA-Individual.pdf
configure:32244: result: yes
configure:32255: checking for doc/CLA/ViennaRNA-CLA-Entity.pdf
configure:32258: result: yes
configure:32652: checking for check >= 0.9.4
configure:32659: $PKG_CONFIG --exists --print-errors "check >= 0.9.4"
Package check was not found in the pkg-config search path.
Perhaps you should add the directory containing `check.pc'
to the PKG_CONFIG_PATH environment variable
No package 'check' found
configure:32662: $? = 1
configure:32676: $PKG_CONFIG --exists --print-errors "check >= 0.9.4"
Package check was not found in the pkg-config search path.
Perhaps you should add the directory containing `check.pc'
to the PKG_CONFIG_PATH environment variable
No package 'check' found
configure:32679: $? = 1
configure:32693: result: no
No package 'check' found
configure:32710: WARNING: check not found -- will not build C-library Unit tests
configure:32751: checking for diff
configure:32774: found /usr/bin/diff
configure:32787: result: /usr/bin/diff
configure:32920: checking for xxd
configure:32943: found /usr/bin/xxd
configure:32957: result: /usr/bin/xxd
configure:32978: checking for gengetopt
configure:33015: result: no
configure:33036: checking for help2man
configure:33073: result: no
configure:33367: checking whether g++ -std=gnu++11 supports C++17 features with -std=c++17
configure:34168: g++ -std=gnu++11 -std=c++17 -c -g -O2  conftest.cpp >&5
configure:34168: $? = 0
configure:34180: result: yes
configure:34225: checking for ./src/dlib-19.24/dlib/all/source.cpp
configure:34228: result: yes
configure:34346: checking for ./src/Kinfold/Makefile.am
configure:34349: result: yes
configure:34415: checking for ./src/RNAforester/Makefile.am
configure:34418: result: yes
configure:34627: checking for ./src/RNAlocmin/Makefile.am
configure:34630: result: yes
configure:34696: checking for ./src/RNAxplorer/Makefile.am
configure:34699: result: yes
configure:34732: checking for openblas/lapacke.h
configure:34732: gcc -c -g -O2  conftest.c >&5
conftest.c:109:10: fatal error: 'openblas/lapacke.h' file not found
#include <openblas/lapacke.h>
         ^~~~~~~~~~~~~~~~~~~~
1 error generated.
configure:34732: $? = 1
configure: failed program was:
| /* confdefs.h */
| #define PACKAGE_NAME "ViennaRNA"
| #define PACKAGE_TARNAME "ViennaRNA"
| #define PACKAGE_VERSION "2.7.0"
| #define PACKAGE_STRING "ViennaRNA 2.7.0"
| #define PACKAGE_BUGREPORT "rna@tbi.univie.ac.at"
| #define PACKAGE_URL "https://www.tbi.univie.ac.at/RNA"
| #define HAVE_STDIO_H 1
| #define HAVE_STDLIB_H 1
| #define HAVE_STRING_H 1
| #define HAVE_INTTYPES_H 1
| #define HAVE_STDINT_H 1
| #define HAVE_STRINGS_H 1
| #define HAVE_SYS_STAT_H 1
| #define HAVE_SYS_TYPES_H 1
| #define HAVE_UNISTD_H 1
| #define HAVE_WCHAR_H 1
| #define STDC_HEADERS 1
| #define _ALL_SOURCE 1
| #define _DARWIN_C_SOURCE 1
| #define _GNU_SOURCE 1
| #define _HPUX_ALT_XOPEN_SOCKET_API 1
| #define _NETBSD_SOURCE 1
| #define _OPENBSD_SOURCE 1
| #define _POSIX_PTHREAD_SEMANTICS 1
| #define __STDC_WANT_IEC_60559_ATTRIBS_EXT__ 1
| #define __STDC_WANT_IEC_60559_BFP_EXT__ 1
| #define __STDC_WANT_IEC_60559_DFP_EXT__ 1
| #define __STDC_WANT_IEC_60559_EXT__ 1
| #define __STDC_WANT_IEC_60559_FUNCS_EXT__ 1
| #define __STDC_WANT_IEC_60559_TYPES_EXT__ 1
| #define __STDC_WANT_LIB_EXT2__ 1
| #define __STDC_WANT_MATH_SPEC_FUNCS__ 1
| #define _TANDEM_SOURCE 1
| #define __EXTENSIONS__ 1
| #define PACKAGE "ViennaRNA"
| #define VERSION "2.7.0"
| #define UNUSED __attribute__ ((unused))
| #define HAVE_DLFCN_H 1
| #define LT_OBJDIR ".libs/"
| #define HAVE_LIBM 1
| #define HAVE__BOOL 1
| #define HAVE_STDBOOL_H 1
| #define HAVE_FLOAT_H 1
| #define HAVE_LIMITS_H 1
| #define HAVE_STDLIB_H 1
| #define HAVE_STRING_H 1
| #define HAVE_STRINGS_H 1
| #define HAVE_UNISTD_H 1
| #define HAVE_MATH_H 1
| #define HAVE_STDARG_H 1
| #define HAVE_MALLOC 1
| #define HAVE_REALLOC 1
| #define HAVE_FLOOR 1
| #define HAVE_STRDUP 1
| #define HAVE_STRSTR 1
| #define HAVE_STRCHR 1
| #define HAVE_STRRCHR 1
| #define HAVE_STRSTR 1
| #define HAVE_STRTOL 1
| #define HAVE_STRTOUL 1
| #define HAVE_POW 1
| #define HAVE_RINT 1
| #define HAVE_SQRT 1
| #define HAVE_ERAND48 1
| #define HAVE_MEMSET 1
| #define HAVE_MEMMOVE 1
| #define HAVE_ERAND48 1
| #define HAVE_ASPRINTF 1
| #define HAVE_VASPRINTF 1
| #define HAVE_C__GENERIC 1
| #define VRNA_WITH_SVM 1
| #define HAVE_PTHREAD_PRIO_INHERIT 1
| #define VRNA_WITH_PTHREADS 1
| #define VRNA_WITH_NAVIEW_LAYOUT 1
| #define VRNA_LOG_NO_DEBUG_RNALIB 1
| #define WITH_PERL_INTERFACE 1
| #define WITH_PYTHON_INTERFACE 1
| #define HAVE_CXX17 1
| /* end confdefs.h.  */
| #include <stddef.h>
| #ifdef HAVE_STDIO_H
| # include <stdio.h>
| #endif
| #ifdef HAVE_STDLIB_H
| # include <stdlib.h>
| #endif
| #ifdef HAVE_STRING_H
| # include <string.h>
| #endif
| #ifdef HAVE_INTTYPES_H
| # include <inttypes.h>
| #endif
| #ifdef HAVE_STDINT_H
| # include <stdint.h>
| #endif
| #ifdef HAVE_STRINGS_H
| # include <strings.h>
| #endif
| #ifdef HAVE_SYS_TYPES_H
| # include <sys/types.h>
| #endif
| #ifdef HAVE_SYS_STAT_H
| # include <sys/stat.h>
| #endif
| #ifdef HAVE_UNISTD_H
| # include <unistd.h>
| #endif
| #include <openblas/lapacke.h>
configure:34732: result: no
configure:34732: checking for lapacke/lapacke.h
configure:34732: gcc -c -g -O2  conftest.c >&5
conftest.c:109:10: fatal error: 'lapacke/lapacke.h' file not found
#include <lapacke/lapacke.h>
         ^~~~~~~~~~~~~~~~~~~
1 error generated.
configure:34732: $? = 1
configure: failed program was:
| /* confdefs.h */
| #define PACKAGE_NAME "ViennaRNA"
| #define PACKAGE_TARNAME "ViennaRNA"
| #define PACKAGE_VERSION "2.7.0"
| #define PACKAGE_STRING "ViennaRNA 2.7.0"
| #define PACKAGE_BUGREPORT "rna@tbi.univie.ac.at"
| #define PACKAGE_URL "https://www.tbi.univie.ac.at/RNA"
| #define HAVE_STDIO_H 1
| #define HAVE_STDLIB_H 1
| #define HAVE_STRING_H 1
| #define HAVE_INTTYPES_H 1
| #define HAVE_STDINT_H 1
| #define HAVE_STRINGS_H 1
| #define HAVE_SYS_STAT_H 1
| #define HAVE_SYS_TYPES_H 1
| #define HAVE_UNISTD_H 1
| #define HAVE_WCHAR_H 1
| #define STDC_HEADERS 1
| #define _ALL_SOURCE 1
| #define _DARWIN_C_SOURCE 1
| #define _GNU_SOURCE 1
| #define _HPUX_ALT_XOPEN_SOCKET_API 1
| #define _NETBSD_SOURCE 1
| #define _OPENBSD_SOURCE 1
| #define _POSIX_PTHREAD_SEMANTICS 1
| #define __STDC_WANT_IEC_60559_ATTRIBS_EXT__ 1
| #define __STDC_WANT_IEC_60559_BFP_EXT__ 1
| #define __STDC_WANT_IEC_60559_DFP_EXT__ 1
| #define __STDC_WANT_IEC_60559_EXT__ 1
| #define __STDC_WANT_IEC_60559_FUNCS_EXT__ 1
| #define __STDC_WANT_IEC_60559_TYPES_EXT__ 1
| #define __STDC_WANT_LIB_EXT2__ 1
| #define __STDC_WANT_MATH_SPEC_FUNCS__ 1
| #define _TANDEM_SOURCE 1
| #define __EXTENSIONS__ 1
| #define PACKAGE "ViennaRNA"
| #define VERSION "2.7.0"
| #define UNUSED __attribute__ ((unused))
| #define HAVE_DLFCN_H 1
| #define LT_OBJDIR ".libs/"
| #define HAVE_LIBM 1
| #define HAVE__BOOL 1
| #define HAVE_STDBOOL_H 1
| #define HAVE_FLOAT_H 1
| #define HAVE_LIMITS_H 1
| #define HAVE_STDLIB_H 1
| #define HAVE_STRING_H 1
| #define HAVE_STRINGS_H 1
| #define HAVE_UNISTD_H 1
| #define HAVE_MATH_H 1
| #define HAVE_STDARG_H 1
| #define HAVE_MALLOC 1
| #define HAVE_REALLOC 1
| #define HAVE_FLOOR 1
| #define HAVE_STRDUP 1
| #define HAVE_STRSTR 1
| #define HAVE_STRCHR 1
| #define HAVE_STRRCHR 1
| #define HAVE_STRSTR 1
| #define HAVE_STRTOL 1
| #define HAVE_STRTOUL 1
| #define HAVE_POW 1
| #define HAVE_RINT 1
| #define HAVE_SQRT 1
| #define HAVE_ERAND48 1
| #define HAVE_MEMSET 1
| #define HAVE_MEMMOVE 1
| #define HAVE_ERAND48 1
| #define HAVE_ASPRINTF 1
| #define HAVE_VASPRINTF 1
| #define HAVE_C__GENERIC 1
| #define VRNA_WITH_SVM 1
| #define HAVE_PTHREAD_PRIO_INHERIT 1
| #define VRNA_WITH_PTHREADS 1
| #define VRNA_WITH_NAVIEW_LAYOUT 1
| #define VRNA_LOG_NO_DEBUG_RNALIB 1
| #define WITH_PERL_INTERFACE 1
| #define WITH_PYTHON_INTERFACE 1
| #define HAVE_CXX17 1
| /* end confdefs.h.  */
| #include <stddef.h>
| #ifdef HAVE_STDIO_H
| # include <stdio.h>
| #endif
| #ifdef HAVE_STDLIB_H
| # include <stdlib.h>
| #endif
| #ifdef HAVE_STRING_H
| # include <string.h>
| #endif
| #ifdef HAVE_INTTYPES_H
| # include <inttypes.h>
| #endif
| #ifdef HAVE_STDINT_H
| # include <stdint.h>
| #endif
| #ifdef HAVE_STRINGS_H
| # include <strings.h>
| #endif
| #ifdef HAVE_SYS_TYPES_H
| # include <sys/types.h>
| #endif
| #ifdef HAVE_SYS_STAT_H
| # include <sys/stat.h>
| #endif
| #ifdef HAVE_UNISTD_H
| # include <unistd.h>
| #endif
| #include <lapacke/lapacke.h>
configure:34732: result: no
configure:34732: checking for lapacke.h
configure:34732: gcc -c -g -O2  conftest.c >&5
conftest.c:109:10: fatal error: 'lapacke.h' file not found
#include <lapacke.h>
         ^~~~~~~~~~~
1 error generated.
configure:34732: $? = 1
configure: failed program was:
| /* confdefs.h */
| #define PACKAGE_NAME "ViennaRNA"
| #define PACKAGE_TARNAME "ViennaRNA"
| #define PACKAGE_VERSION "2.7.0"
| #define PACKAGE_STRING "ViennaRNA 2.7.0"
| #define PACKAGE_BUGREPORT "rna@tbi.univie.ac.at"
| #define PACKAGE_URL "https://www.tbi.univie.ac.at/RNA"
| #define HAVE_STDIO_H 1
| #define HAVE_STDLIB_H 1
| #define HAVE_STRING_H 1
| #define HAVE_INTTYPES_H 1
| #define HAVE_STDINT_H 1
| #define HAVE_STRINGS_H 1
| #define HAVE_SYS_STAT_H 1
| #define HAVE_SYS_TYPES_H 1
| #define HAVE_UNISTD_H 1
| #define HAVE_WCHAR_H 1
| #define STDC_HEADERS 1
| #define _ALL_SOURCE 1
| #define _DARWIN_C_SOURCE 1
| #define _GNU_SOURCE 1
| #define _HPUX_ALT_XOPEN_SOCKET_API 1
| #define _NETBSD_SOURCE 1
| #define _OPENBSD_SOURCE 1
| #define _POSIX_PTHREAD_SEMANTICS 1
| #define __STDC_WANT_IEC_60559_ATTRIBS_EXT__ 1
| #define __STDC_WANT_IEC_60559_BFP_EXT__ 1
| #define __STDC_WANT_IEC_60559_DFP_EXT__ 1
| #define __STDC_WANT_IEC_60559_EXT__ 1
| #define __STDC_WANT_IEC_60559_FUNCS_EXT__ 1
| #define __STDC_WANT_IEC_60559_TYPES_EXT__ 1
| #define __STDC_WANT_LIB_EXT2__ 1
| #define __STDC_WANT_MATH_SPEC_FUNCS__ 1
| #define _TANDEM_SOURCE 1
| #define __EXTENSIONS__ 1
| #define PACKAGE "ViennaRNA"
| #define VERSION "2.7.0"
| #define UNUSED __attribute__ ((unused))
| #define HAVE_DLFCN_H 1
| #define LT_OBJDIR ".libs/"
| #define HAVE_LIBM 1
| #define HAVE__BOOL 1
| #define HAVE_STDBOOL_H 1
| #define HAVE_FLOAT_H 1
| #define HAVE_LIMITS_H 1
| #define HAVE_STDLIB_H 1
| #define HAVE_STRING_H 1
| #define HAVE_STRINGS_H 1
| #define HAVE_UNISTD_H 1
| #define HAVE_MATH_H 1
| #define HAVE_STDARG_H 1
| #define HAVE_MALLOC 1
| #define HAVE_REALLOC 1
| #define HAVE_FLOOR 1
| #define HAVE_STRDUP 1
| #define HAVE_STRSTR 1
| #define HAVE_STRCHR 1
| #define HAVE_STRRCHR 1
| #define HAVE_STRSTR 1
| #define HAVE_STRTOL 1
| #define HAVE_STRTOUL 1
| #define HAVE_POW 1
| #define HAVE_RINT 1
| #define HAVE_SQRT 1
| #define HAVE_ERAND48 1
| #define HAVE_MEMSET 1
| #define HAVE_MEMMOVE 1
| #define HAVE_ERAND48 1
| #define HAVE_ASPRINTF 1
| #define HAVE_VASPRINTF 1
| #define HAVE_C__GENERIC 1
| #define VRNA_WITH_SVM 1
| #define HAVE_PTHREAD_PRIO_INHERIT 1
| #define VRNA_WITH_PTHREADS 1
| #define VRNA_WITH_NAVIEW_LAYOUT 1
| #define VRNA_LOG_NO_DEBUG_RNALIB 1
| #define WITH_PERL_INTERFACE 1
| #define WITH_PYTHON_INTERFACE 1
| #define HAVE_CXX17 1
| /* end confdefs.h.  */
| #include <stddef.h>
| #ifdef HAVE_STDIO_H
| # include <stdio.h>
| #endif
| #ifdef HAVE_STDLIB_H
| # include <stdlib.h>
| #endif
| #ifdef HAVE_STRING_H
| # include <string.h>
| #endif
| #ifdef HAVE_INTTYPES_H
| # include <inttypes.h>
| #endif
| #ifdef HAVE_STDINT_H
| # include <stdint.h>
| #endif
| #ifdef HAVE_STRINGS_H
| # include <strings.h>
| #endif
| #ifdef HAVE_SYS_TYPES_H
| # include <sys/types.h>
| #endif
| #ifdef HAVE_SYS_STAT_H
| # include <sys/stat.h>
| #endif
| #ifdef HAVE_UNISTD_H
| # include <unistd.h>
| #endif
| #include <lapacke.h>
configure:34732: result: no
configure:34754: WARNING:
========================================
Unable to detect all lapack requirements
to build the subpackage RNAxplorer!

  (missing lapacke.h)

Deactivating build of RNAxplorer...
========================================
configure:34960: checking that generated files are newer than configure
configure:34966: result: done
configure:35145: creating ./config.status

## ---------------------- ##
## Running config.status. ##
## ---------------------- ##

This file was extended by ViennaRNA config.status 2.7.0, which was
generated by GNU Autoconf 2.72.  Invocation command line was

  CONFIG_FILES    = 
  CONFIG_HEADERS  = 
  CONFIG_LINKS    = 
  CONFIG_COMMANDS = 
  $ ./config.status 

on 10-17-61-211.dynapool.wireless.nyu.edu

config.status:1820: creating packaging/macosx/Makefile
config.status:1820: creating packaging/macosx/Distribution.xml
config.status:1820: creating packaging/macosx/resources/welcome.txt
config.status:1820: creating src/ViennaRNA/plotting/naview/Makefile
config.status:1820: creating interfaces/Perl/Makefile
config.status:1820: creating interfaces/Perl/version.i
config.status:1820: creating interfaces/Python/Makefile
config.status:1820: creating interfaces/Python/version.i
config.status:1820: creating interfaces/Python/RNA/__init__.py
config.status:1820: creating setup.py
config.status:1820: creating setup.cfg
config.status:1820: creating pyproject.toml
config.status:1820: creating doc/doxygen/doxygen.conf
config.status:1820: creating doc/conf.py
config.status:1820: creating doc/source/conf.py
config.status:1820: creating doc/source/install.rst
config.status:1820: creating tests/Makefile
config.status:1820: creating tests/RNApath.py
config.status:1820: creating tests/RNAHelpers.pm
config.status:1820: creating tests/test-env.sh
config.status:1820: creating src/ViennaRNA/static/templates_postscript.h
config.status:1820: creating src/ViennaRNA/static/templates_svg.h
config.status:1820: creating src/ViennaRNA/static/energy_parameter_sets.h
config.status:1820: creating interfaces/parameter_sets.i
config.status:1820: creating src/ViennaRNA/vrna_config.h
config.status:1820: creating misc/Makefile
config.status:1820: creating interfaces/Makefile
config.status:1820: creating Makefile
config.status:1820: creating RNAlib2.pc
config.status:1820: creating src/Utils/Makefile
config.status:1820: creating src/bin/Makefile
config.status:1820: creating src/Makefile
config.status:1820: creating src/ViennaRNA/Makefile
config.status:1820: creating src/Utils/python_wrapper
config.status:1820: creating src/ViennaRNA/static/Makefile
config.status:1820: creating man/Makefile
config.status:1820: creating man/cmdlopt.sh
config.status:1820: creating doc/doxygen/Makefile
config.status:1820: creating doc/Makefile
config.status:1820: creating doc/source/man/Makefile
config.status:1820: creating doc/CLA/Makefile
config.status:1820: creating examples/Makefile
config.status:1820: creating packaging/viennarna.spec
config.status:1820: creating packaging/PKGBUILD
config.status:1820: creating packaging/win_installer_archlinux_i686.nsi
config.status:1820: creating packaging/win_installer_archlinux_x86_64.nsi
config.status:1820: creating packaging/win_installer_fedora_i686.nsi
config.status:1820: creating packaging/win_installer_fedora_x86_64.nsi
config.status:1820: creating config.h
config.status:2049: executing depfiles commands
config.status:2126: cd src/ViennaRNA/plotting/naview       && sed -e '/# am--include-marker/d' Makefile         | make -f - am--depfiles
config.status:2131: $? = 0
config.status:2126: cd interfaces/Perl       && sed -e '/# am--include-marker/d' Makefile         | make -f - am--depfiles
config.status:2131: $? = 0
config.status:2126: cd interfaces/Python       && sed -e '/# am--include-marker/d' Makefile         | make -f - am--depfiles
config.status:2131: $? = 0
config.status:2126: cd tests       && sed -e '/# am--include-marker/d' Makefile         | make -f - am--depfiles
config.status:2131: $? = 0
config.status:2126: cd src/Utils       && sed -e '/# am--include-marker/d' Makefile         | make -f - am--depfiles
config.status:2131: $? = 0
config.status:2126: cd src/bin       && sed -e '/# am--include-marker/d' Makefile         | make -f - am--depfiles
config.status:2131: $? = 0
config.status:2126: cd src/ViennaRNA       && sed -e '/# am--include-marker/d' Makefile         | make -f - am--depfiles
config.status:2131: $? = 0
config.status:2049: executing libtool commands
configure:37919: === configuring in src/Kinfold (/Users/mateusaragao/interpretable-splicing-visualization/src/ViennaRNA-2.7.0/src/Kinfold)
configure:37980: running /bin/sh ./configure --disable-option-checking '--prefix=/usr/local'  '--disable-lto' 'CC=gcc' 'CXX=g++ -std=gnu++11' 'CFLAGS=-g -O2' 'CXXFLAGS=-g -O2' 'AR=ar' 'RANLIB=ranlib' 'NM=/usr/bin/nm -B' 'VRNA_CFLAGS=-I$(top_srcdir)/../../src/ViennaRNA -I$(top_srcdir)/../../src -DVRNA_WITH_NAVIEW_LAYOUT -DVRNA_LOG_NO_DEBUG_RNALIB' 'VRNA_LIBS=-fno-strict-aliasing -L$(top_builddir)/../../src/ViennaRNA -lRNA -lpthread -lstdc++' --cache-file=/dev/null --srcdir=.
configure:37919: === configuring in src/RNAforester (/Users/mateusaragao/interpretable-splicing-visualization/src/ViennaRNA-2.7.0/src/RNAforester)
configure:37980: running /bin/sh ./configure --disable-option-checking '--prefix=/usr/local'  '--disable-lto' 'CC=gcc' 'CXX=g++ -std=gnu++11' 'CFLAGS=-g -O2' 'CXXFLAGS=-g -O2' 'AR=ar' 'RANLIB=ranlib' 'NM=/usr/bin/nm -B' 'VRNA_CFLAGS=-I$(top_srcdir)/../../src/ViennaRNA -I$(top_srcdir)/../../src -DVRNA_WITH_NAVIEW_LAYOUT -DVRNA_LOG_NO_DEBUG_RNALIB' 'VRNA_LIBS=-fno-strict-aliasing -L$(top_builddir)/../../src/ViennaRNA -lRNA -lpthread -lstdc++' --cache-file=/dev/null --srcdir=.
configure:37919: === configuring in src/RNAlocmin (/Users/mateusaragao/interpretable-splicing-visualization/src/ViennaRNA-2.7.0/src/RNAlocmin)
configure:37980: running /bin/sh ./configure --disable-option-checking '--prefix=/usr/local'  '--disable-lto' 'CC=gcc' 'CXX=g++ -std=gnu++11' 'CFLAGS=-g -O2' 'CXXFLAGS=-g -O2' 'AR=ar' 'RANLIB=ranlib' 'NM=/usr/bin/nm -B' 'VRNA_CFLAGS=-I$(top_srcdir)/../../src/ViennaRNA -I$(top_srcdir)/../../src -DVRNA_WITH_NAVIEW_LAYOUT -DVRNA_LOG_NO_DEBUG_RNALIB' 'VRNA_LIBS=-fno-strict-aliasing -L$(top_builddir)/../../src/ViennaRNA -lRNA -lpthread -lstdc++' --cache-file=/dev/null --srcdir=.
configure:38641:

======================================
    [1mViennaRNA Package 2.7.0[m
======================================

Successfully configured with the following options:

Sub Packages
------------
  * Kinfold                   : [32;1myes[m
  * RNAforester               : [32;1myes[m
  * Analyse{Dists,Seqs}       : [31;1mno[m
  * RNAlocmin                 : [32;1myes[m
  * Kinwalker                 : [31;1mno[m
  * RNAxplorer                : [31;1mno[m (missing lapacke.h)

Extra Libraries
---------------
  * Support Vector Machine    : [32;1myes[m
  * GNU Scientific Library    : [31;1mno[m
  * GNU MPFR                  : [31;1mno[m

Features
--------
  * Use hash for NR Sampling  : [31;1mno[m
  * C11 features              : [32;1myes[m
  * TTY colors                : [32;1myes[m
  * Float Precision(PF}       : [31;1mno[m
  * Deprecation Warnings      : [31;1mno[m
  * Debug Log Messages        : [31;1mno[m

Optimizations
-------------
  * Auto Vectorization        : [32;1myes[m
  * Explicit SIMD Extension   : [32;1myes[m 
  * Link Time Optimization    : [31;1mno[m
  * POSIX Threads             : [32;1myes[m
  * OpenMP                    : [31;1mno[m

Scripting Language Interfaces
-----------------------------
  * Perl 5                    : [32;1myes[m
  * Python 3.x                : [32;1myes[m
  * Python 2.x                : [31;1mno[m

Documentation
-------------
  * Reference Manual (PDF)    : [32;1myes[m 
  * Reference Manual (HTML)   : [32;1myes[m 
  * CLA (PDF)                 : [32;1myes[m 

Unit Tests
----------
  * Executable Programs       : [32;1myes[m
  * C-Library                 : [31;1mno[m
  * Perl 5 Interface          : [32;1myes[m
  * Python 3.x Interface      : [32;1myes[m
  * Python 2.x Interface      : [31;1mno[m

MacOS X
-------
  * Universal Binary          : [31;1mno[m
  * Installer                 : [31;1mno[m
  * SDK                       : [31;1mno[m

Install Directories
-------------------
  * Executables               : [34;1m/usr/local/bin[m
  * Libraries                 : [34;1m/usr/local/lib[m
  * Header files              : [34;1m/usr/local/include[m
  * Extra Data                : [34;1m/usr/local/share[m
  * Man pages                 : [34;1m/usr/local/share/man[m
  * Documentation             : [34;1m/usr/local/share/doc/ViennaRNA[m
      (HTML)                  : [34;1m/usr/local/share/doc/ViennaRNA/html[m
      (PDF)                   : [34;1m/usr/local/share/doc/ViennaRNA[m
  * Perl5 Interface           : [34;1m[m
      (binaries)              : [34;1m/usr/local/lib/perl5/site_perl/5.38/darwin-thread-multi-2level[m
      (scripts)               : [34;1m/usr/local/lib/perl5/site_perl/5.38[m
  * Python 3.x Interface      : [34;1m[m
      (binaries)              : [34;1m/usr/local/lib/python3.10/site-packages[m
      (scripts)               : [34;1m/usr/local/lib/python3.10/site-packages[m
  * Python 2.x Interface      : [31;1mNot to be installed [m
      (binaries)              : [34;1m[m
      (scripts)               : [34;1m[m

[1mYou can run 'make', 'make check', and 'make install' now![m

## ---------------- ##
## Cache variables. ##
## ---------------- ##

ac_cv_build=aarch64-apple-darwin23.3.0
ac_cv_c__Generic=yes
ac_cv_c_compiler_gnu=yes
ac_cv_c_const=yes
ac_cv_c_inline=inline
ac_cv_cxx_compiler_gnu=yes
ac_cv_env_CCC_set=
ac_cv_env_CCC_value=
ac_cv_env_CC_set=
ac_cv_env_CC_value=
ac_cv_env_CFLAGS_set=
ac_cv_env_CFLAGS_value=
ac_cv_env_CHECK_CFLAGS_set=
ac_cv_env_CHECK_CFLAGS_value=
ac_cv_env_CHECK_LIBS_set=
ac_cv_env_CHECK_LIBS_value=
ac_cv_env_CPPFLAGS_set=
ac_cv_env_CPPFLAGS_value=
ac_cv_env_CPP_set=
ac_cv_env_CPP_value=
ac_cv_env_CXXCPP_set=
ac_cv_env_CXXCPP_value=
ac_cv_env_CXXFLAGS_set=
ac_cv_env_CXXFLAGS_value=
ac_cv_env_CXX_set=
ac_cv_env_CXX_value=
ac_cv_env_DIFF_set=
ac_cv_env_DIFF_value=
ac_cv_env_F77_set=
ac_cv_env_F77_value=
ac_cv_env_FFLAGS_set=
ac_cv_env_FFLAGS_value=
ac_cv_env_GENGETOPT_set=
ac_cv_env_GENGETOPT_value=
ac_cv_env_HELP2MAN_set=
ac_cv_env_HELP2MAN_value=
ac_cv_env_LDFLAGS_set=
ac_cv_env_LDFLAGS_value=
ac_cv_env_LIBS_set=
ac_cv_env_LIBS_value=
ac_cv_env_LT_SYS_LIBRARY_PATH_set=
ac_cv_env_LT_SYS_LIBRARY_PATH_value=
ac_cv_env_PERL_EXT_CPPFLAGS_set=
ac_cv_env_PERL_EXT_CPPFLAGS_value=
ac_cv_env_PERL_EXT_INC_set=
ac_cv_env_PERL_EXT_INC_value=
ac_cv_env_PERL_EXT_LDFLAGS_set=
ac_cv_env_PERL_EXT_LDFLAGS_value=
ac_cv_env_PERL_EXT_LIB_set=
ac_cv_env_PERL_EXT_LIB_value=
ac_cv_env_PERL_EXT_PREFIX_set=
ac_cv_env_PERL_EXT_PREFIX_value=
ac_cv_env_PERL_EXT_SITEARCH_set=
ac_cv_env_PERL_EXT_SITEARCH_value=
ac_cv_env_PERL_EXT_SITELIB_set=
ac_cv_env_PERL_EXT_SITELIB_value=
ac_cv_env_PERL_EXT_SITEPREFIX_set=
ac_cv_env_PERL_EXT_SITEPREFIX_value=
ac_cv_env_PERL_EXT_VENDORARCH_set=
ac_cv_env_PERL_EXT_VENDORARCH_value=
ac_cv_env_PERL_EXT_VENDORLIB_set=
ac_cv_env_PERL_EXT_VENDORLIB_value=
ac_cv_env_PERL_EXT_VENDORPREFIX_set=
ac_cv_env_PERL_EXT_VENDORPREFIX_value=
ac_cv_env_PERL_SO_set=
ac_cv_env_PERL_SO_value=
ac_cv_env_PERL_set=
ac_cv_env_PERL_value=
ac_cv_env_PKG_CONFIG_LIBDIR_set=
ac_cv_env_PKG_CONFIG_LIBDIR_value=
ac_cv_env_PKG_CONFIG_PATH_set=
ac_cv_env_PKG_CONFIG_PATH_value=
ac_cv_env_PKG_CONFIG_set=
ac_cv_env_PKG_CONFIG_value=
ac_cv_env_PYTHON2_DIR_set=
ac_cv_env_PYTHON2_DIR_value=
ac_cv_env_PYTHON2_EXECDIR_set=
ac_cv_env_PYTHON2_EXECDIR_value=
ac_cv_env_PYTHON2_set=
ac_cv_env_PYTHON2_value=
ac_cv_env_PYTHON3_DIR_set=
ac_cv_env_PYTHON3_DIR_value=
ac_cv_env_PYTHON3_EXECDIR_set=
ac_cv_env_PYTHON3_EXECDIR_value=
ac_cv_env_PYTHON3_set=
ac_cv_env_PYTHON3_value=
ac_cv_env_SWIG_set=
ac_cv_env_SWIG_value=
ac_cv_env_USER_AR_set=
ac_cv_env_USER_AR_value=
ac_cv_env_USER_NM_set=
ac_cv_env_USER_NM_value=
ac_cv_env_USER_RANLIB_set=
ac_cv_env_USER_RANLIB_value=
ac_cv_env_XXD_set=
ac_cv_env_XXD_value=
ac_cv_env_build_alias_set=
ac_cv_env_build_alias_value=
ac_cv_env_host_alias_set=
ac_cv_env_host_alias_value=
ac_cv_env_target_alias_set=
ac_cv_env_target_alias_value=
ac_cv_f77_compiler_gnu=yes
ac_cv_func_asprintf=yes
ac_cv_func_erand48=yes
ac_cv_func_floor=yes
ac_cv_func_malloc_0_nonnull=yes
ac_cv_func_memmove=yes
ac_cv_func_memset=yes
ac_cv_func_pow=yes
ac_cv_func_realloc_0_nonnull=yes
ac_cv_func_rint=yes
ac_cv_func_sqrt=yes
ac_cv_func_strchr=yes
ac_cv_func_strdup=yes
ac_cv_func_strrchr=yes
ac_cv_func_strstr=yes
ac_cv_func_strtod=yes
ac_cv_func_strtol=yes
ac_cv_func_strtoul=yes
ac_cv_func_vasprintf=yes
ac_cv_header_dlfcn_h=yes
ac_cv_header_float_h=yes
ac_cv_header_inttypes_h=yes
ac_cv_header_lapacke_h=no
ac_cv_header_lapacke_lapacke_h=no
ac_cv_header_limits_h=yes
ac_cv_header_malloc_h=no
ac_cv_header_math_h=yes
ac_cv_header_minix_config_h=no
ac_cv_header_mpfr_h=no
ac_cv_header_openblas_lapacke_h=no
ac_cv_header_stdarg_h=yes
ac_cv_header_stdbool_h=yes
ac_cv_header_stdint_h=yes
ac_cv_header_stdio_h=yes
ac_cv_header_stdlib_h=yes
ac_cv_header_string_h=yes
ac_cv_header_strings_h=yes
ac_cv_header_sys_stat_h=yes
ac_cv_header_sys_types_h=yes
ac_cv_header_unistd_h=yes
ac_cv_header_wchar_h=yes
ac_cv_host=aarch64-apple-darwin23.3.0
ac_cv_lib_gsl_gsl_blas_dgemm=no
ac_cv_lib_gslcblas_cblas_dgemm=no
ac_cv_lib_m_exp=yes
ac_cv_objext=o
ac_cv_path_DIFF=/usr/bin/diff
ac_cv_path_EGREP='/usr/bin/grep -E'
ac_cv_path_EGREP_TRADITIONAL='/usr/bin/grep -E'
ac_cv_path_FGREP='/usr/bin/grep -F'
ac_cv_path_GENGETOPT=no
ac_cv_path_GREP=/usr/bin/grep
ac_cv_path_HELP2MAN=no
ac_cv_path_PERL=/opt/homebrew/bin/perl
ac_cv_path_PYTHON3=/Users/mateusaragao/interpretable-splicing-visualization/myenv/bin/python3
ac_cv_path_SED=/usr/bin/sed
ac_cv_path_XXD=/usr/bin/xxd
ac_cv_path_ac_pt_PKG_CONFIG=/opt/homebrew/bin/pkg-config
ac_cv_path_bibtex=no
ac_cv_path_dot=/opt/homebrew/bin/dot
ac_cv_path_doxygen=no
ac_cv_path_grep=/usr/bin/grep
ac_cv_path_install='/usr/bin/install -c'
ac_cv_path_lt_DD=/bin/dd
ac_cv_path_makeindex=no
ac_cv_path_pdflatex=no
ac_cv_path_perl=/opt/homebrew/bin/perl
ac_cv_prog_AWK=awk
ac_cv_prog_CPP='gcc -E'
ac_cv_prog_CXXCPP='g++ -std=gnu++11 -E'
ac_cv_prog_FILECMD=file
ac_cv_prog_ac_ct_AR=ar
ac_cv_prog_ac_ct_CC=gcc
ac_cv_prog_ac_ct_CXX=g++
ac_cv_prog_ac_ct_DSYMUTIL=dsymutil
ac_cv_prog_ac_ct_F77=gfortran
ac_cv_prog_ac_ct_LIPO=lipo
ac_cv_prog_ac_ct_NMEDIT=nmedit
ac_cv_prog_ac_ct_OBJDUMP=objdump
ac_cv_prog_ac_ct_OTOOL=otool
ac_cv_prog_ac_ct_RANLIB=ranlib
ac_cv_prog_ac_ct_STRIP=strip
ac_cv_prog_cc_c11=
ac_cv_prog_cc_g=yes
ac_cv_prog_cc_stdc=
ac_cv_prog_cxx_cxx11=-std=gnu++11
ac_cv_prog_cxx_g=yes
ac_cv_prog_cxx_stdcxx=-std=gnu++11
ac_cv_prog_f77_g=yes
ac_cv_prog_make_make_set=yes
ac_cv_safe_to_define___extensions__=yes
ac_cv_should_define__xopen_source=no
ac_cv_type__Bool=yes
ac_cv_type_size_t=yes
am_cv_CC_dependencies_compiler_type=gcc3
am_cv_CXX_dependencies_compiler_type=gcc3
am_cv_ar_interface=ar
am_cv_filesystem_timestamp_resolution=2
am_cv_make_support_nested_variables=yes
am_cv_prog_cc_c_o=yes
am_cv_prog_tar_ustar=gnutar
am_cv_sleep_fractional_seconds=yes
am_cv_xargs_n_works=yes
ax_cv_PTHREAD_CLANG=yes
ax_cv_PTHREAD_CLANG_NO_WARN_FLAG=no
ax_cv_PTHREAD_JOINABLE_ATTR=PTHREAD_CREATE_JOINABLE
ax_cv_PTHREAD_PRIO_INHERIT=yes
ax_cv_PTHREAD_SPECIAL_FLAGS=no
ax_cv_c_compiler_vendor=clang
ax_cv_c_openmp=unknown
ax_cv_check_cflags___fno_strict_aliasing=yes
ax_cv_check_cflags___ftree_vectorize=yes
ax_cv_check_cxxflags___fno_strict_aliasing=yes
ax_cv_check_ldflags___fno_strict_aliasing=yes
ax_cv_cxx_compile_cxx17__std_cpp17=yes
lt_cv_apple_cc_single_mod=no
lt_cv_ar_at_file=no
lt_cv_deplibs_check_method=pass_all
lt_cv_file_magic_cmd='$MAGIC_CMD'
lt_cv_file_magic_test_file=
lt_cv_ld_exported_symbols_list=yes
lt_cv_ld_force_load=yes
lt_cv_ld_reload_flag=-r
lt_cv_nm_interface='BSD nm'
lt_cv_objdir=.libs
lt_cv_path_LD=/Applications/Xcode.app/Contents/Developer/Toolchains/XcodeDefault.xctoolchain/usr/bin/ld
lt_cv_path_LDCXX=/Applications/Xcode.app/Contents/Developer/Toolchains/XcodeDefault.xctoolchain/usr/bin/ld
lt_cv_path_NM='/usr/bin/nm -B'
lt_cv_path_manifest_tool=no
lt_cv_prog_compiler_c_o=yes
lt_cv_prog_compiler_c_o_CXX=yes
lt_cv_prog_compiler_c_o_F77=yes
lt_cv_prog_compiler_pic='-fno-common -DPIC'
lt_cv_prog_compiler_pic_CXX='-fno-common -DPIC'
lt_cv_prog_compiler_pic_F77=-fno-common
lt_cv_prog_compiler_pic_works=yes
lt_cv_prog_compiler_pic_works_CXX=yes
lt_cv_prog_compiler_pic_works_F77=yes
lt_cv_prog_compiler_rtti_exceptions=yes
lt_cv_prog_compiler_static_works=no
lt_cv_prog_compiler_static_works_CXX=no
lt_cv_prog_compiler_static_works_F77=no
lt_cv_prog_gnu_ld=no
lt_cv_prog_gnu_ldcxx=no
lt_cv_sharedlib_from_linklib_cmd='printf %s\n'
lt_cv_support_no_fixup_chains=yes
lt_cv_sys_global_symbol_pipe='/usr/bin/sed -n -e '\''s/^.*[	 ]\([ABCDGIRSTW][ABCDGIRSTW]*\)[	 ][	 ]*_\([_A-Za-z][_A-Za-z0-9]*\)$/\1 _\2 \2/p'\'' | /usr/bin/sed '\''/ __gnu_lto/d'\'''
lt_cv_sys_global_symbol_to_c_name_address='/usr/bin/sed -n -e '\''s/^: \(.*\) .*$/  {"\1", (void *) 0},/p'\'' -e '\''s/^[ABCDGIRSTW][ABCDGIRSTW]* .* \(.*\)$/  {"\1", (void *) \&\1},/p'\'''
lt_cv_sys_global_symbol_to_c_name_address_lib_prefix='/usr/bin/sed -n -e '\''s/^: \(.*\) .*$/  {"\1", (void *) 0},/p'\'' -e '\''s/^[ABCDGIRSTW][ABCDGIRSTW]* .* \(lib.*\)$/  {"\1", (void *) \&\1},/p'\'' -e '\''s/^[ABCDGIRSTW][ABCDGIRSTW]* .* \(.*\)$/  {"lib\1", (void *) \&\1},/p'\'''
lt_cv_sys_global_symbol_to_cdecl='/usr/bin/sed -n -e '\''s/^T .* \(.*\)$/extern int \1();/p'\'' -e '\''s/^[ABCDGIRSTW][ABCDGIRSTW]* .* \(.*\)$/extern char \1;/p'\'''
lt_cv_sys_global_symbol_to_import=
lt_cv_sys_max_cmd_len=786432
lt_cv_to_host_file_cmd=func_convert_file_noop
lt_cv_to_tool_file_cmd=func_convert_file_noop
lt_cv_truncate_bin='/bin/dd bs=4096 count=1'

## ----------------- ##
## Output variables. ##
## ----------------- ##














































  $result = PyUnicode_FromString(str.c_str());
  $result = PyUnicode_FromString(str.c_str());
  $result = PyUnicode_FromString(str.c_str());
  $result = PyUnicode_FromString(str.c_str());
  $result = PyUnicode_FromString(str.c_str());
  $result = PyUnicode_FromString(str.c_str());
  $result = PyUnicode_FromString(str.c_str());
  $result = PyUnicode_FromString(str.c_str());
  $result = PyUnicode_FromString(str.c_str());
  $result = PyUnicode_FromString(str.c_str());
  $result = PyUnicode_FromString(str.c_str());
  $result = PyUnicode_FromString(str.c_str());
  $result = PyUnicode_FromString(str.c_str());
  std::string str( parameter_set_dna_mathews1999, parameter_set_dna_mathews1999 + sizeof (parameter_set_dna_mathews1999) / sizeof (parameter_set_dna_mathews1999[0]) );
  std::string str( parameter_set_dna_mathews1999, parameter_set_dna_mathews1999 + sizeof (parameter_set_dna_mathews1999) / sizeof (parameter_set_dna_mathews1999[0]) );
  std::string str( parameter_set_dna_mathews2004, parameter_set_dna_mathews2004 + sizeof (parameter_set_dna_mathews2004) / sizeof (parameter_set_dna_mathews2004[0]) );
  std::string str( parameter_set_dna_mathews2004, parameter_set_dna_mathews2004 + sizeof (parameter_set_dna_mathews2004) / sizeof (parameter_set_dna_mathews2004[0]) );
  std::string str( parameter_set_rna_andronescu2007, parameter_set_rna_andronescu2007 + sizeof (parameter_set_rna_andronescu2007) / sizeof (parameter_set_rna_andronescu2007[0]) );
  std::string str( parameter_set_rna_andronescu2007, parameter_set_rna_andronescu2007 + sizeof (parameter_set_rna_andronescu2007) / sizeof (parameter_set_rna_andronescu2007[0]) );
  std::string str( parameter_set_rna_langdon2018, parameter_set_rna_langdon2018 + sizeof (parameter_set_rna_langdon2018) / sizeof (parameter_set_rna_langdon2018[0]) );
  std::string str( parameter_set_rna_langdon2018, parameter_set_rna_langdon2018 + sizeof (parameter_set_rna_langdon2018) / sizeof (parameter_set_rna_langdon2018[0]) );
  std::string str( parameter_set_rna_misc_special_hairpins, parameter_set_rna_misc_special_hairpins + sizeof (parameter_set_rna_misc_special_hairpins) / sizeof (parameter_set_rna_misc_special_hairpins[0]) );
  std::string str( parameter_set_rna_misc_special_hairpins, parameter_set_rna_misc_special_hairpins + sizeof (parameter_set_rna_misc_special_hairpins) / sizeof (parameter_set_rna_misc_special_hairpins[0]) );
  std::string str( parameter_set_rna_mod_7DA_parameters, parameter_set_rna_mod_7DA_parameters + sizeof (parameter_set_rna_mod_7DA_parameters) / sizeof (parameter_set_rna_mod_7DA_parameters[0]) );
  std::string str( parameter_set_rna_mod_7DA_parameters, parameter_set_rna_mod_7DA_parameters + sizeof (parameter_set_rna_mod_7DA_parameters) / sizeof (parameter_set_rna_mod_7DA_parameters[0]) );
  std::string str( parameter_set_rna_mod_dihydrouridine_parameters, parameter_set_rna_mod_dihydrouridine_parameters + sizeof (parameter_set_rna_mod_dihydrouridine_parameters) / sizeof (parameter_set_rna_mod_dihydrouridine_parameters[0]) );
  std::string str( parameter_set_rna_mod_dihydrouridine_parameters, parameter_set_rna_mod_dihydrouridine_parameters + sizeof (parameter_set_rna_mod_dihydrouridine_parameters) / sizeof (parameter_set_rna_mod_dihydrouridine_parameters[0]) );
  std::string str( parameter_set_rna_mod_inosine_parameters, parameter_set_rna_mod_inosine_parameters + sizeof (parameter_set_rna_mod_inosine_parameters) / sizeof (parameter_set_rna_mod_inosine_parameters[0]) );
  std::string str( parameter_set_rna_mod_inosine_parameters, parameter_set_rna_mod_inosine_parameters + sizeof (parameter_set_rna_mod_inosine_parameters) / sizeof (parameter_set_rna_mod_inosine_parameters[0]) );
  std::string str( parameter_set_rna_mod_m6A_parameters, parameter_set_rna_mod_m6A_parameters + sizeof (parameter_set_rna_mod_m6A_parameters) / sizeof (parameter_set_rna_mod_m6A_parameters[0]) );
  std::string str( parameter_set_rna_mod_m6A_parameters, parameter_set_rna_mod_m6A_parameters + sizeof (parameter_set_rna_mod_m6A_parameters) / sizeof (parameter_set_rna_mod_m6A_parameters[0]) );
  std::string str( parameter_set_rna_mod_pseudouridine_parameters, parameter_set_rna_mod_pseudouridine_parameters + sizeof (parameter_set_rna_mod_pseudouridine_parameters) / sizeof (parameter_set_rna_mod_pseudouridine_parameters[0]) );
  std::string str( parameter_set_rna_mod_pseudouridine_parameters, parameter_set_rna_mod_pseudouridine_parameters + sizeof (parameter_set_rna_mod_pseudouridine_parameters) / sizeof (parameter_set_rna_mod_pseudouridine_parameters[0]) );
  std::string str( parameter_set_rna_mod_purine_parameters, parameter_set_rna_mod_purine_parameters + sizeof (parameter_set_rna_mod_purine_parameters) / sizeof (parameter_set_rna_mod_purine_parameters[0]) );
  std::string str( parameter_set_rna_mod_purine_parameters, parameter_set_rna_mod_purine_parameters + sizeof (parameter_set_rna_mod_purine_parameters) / sizeof (parameter_set_rna_mod_purine_parameters[0]) );
  std::string str( parameter_set_rna_turner1999, parameter_set_rna_turner1999 + sizeof (parameter_set_rna_turner1999) / sizeof (parameter_set_rna_turner1999[0]) );
  std::string str( parameter_set_rna_turner1999, parameter_set_rna_turner1999 + sizeof (parameter_set_rna_turner1999) / sizeof (parameter_set_rna_turner1999[0]) );
  std::string str( parameter_set_rna_turner2004, parameter_set_rna_turner2004 + sizeof (parameter_set_rna_turner2004) / sizeof (parameter_set_rna_turner2004[0]) );
  std::string str( parameter_set_rna_turner2004, parameter_set_rna_turner2004 + sizeof (parameter_set_rna_turner2004) / sizeof (parameter_set_rna_turner2004[0]) );
  sv_setpv($result, str.c_str());
  sv_setpv($result, str.c_str());
  sv_setpv($result, str.c_str());
  sv_setpv($result, str.c_str());
  sv_setpv($result, str.c_str());
  sv_setpv($result, str.c_str());
  sv_setpv($result, str.c_str());
  sv_setpv($result, str.c_str());
  sv_setpv($result, str.c_str());
  sv_setpv($result, str.c_str());
  sv_setpv($result, str.c_str());
  sv_setpv($result, str.c_str());
  sv_setpv($result, str.c_str());
#include "misc/dna_mathews1999.hex"
#include "misc/dna_mathews2004.hex"
#include "misc/rna_andronescu2007.hex"
#include "misc/rna_langdon2018.hex"
#include "misc/rna_misc_special_hairpins.hex"
#include "misc/rna_mod_7DA_parameters.hex"
#include "misc/rna_mod_dihydrouridine_parameters.hex"
#include "misc/rna_mod_inosine_parameters.hex"
#include "misc/rna_mod_m6A_parameters.hex"
#include "misc/rna_mod_pseudouridine_parameters.hex"
#include "misc/rna_mod_purine_parameters.hex"
#include "misc/rna_turner1999.hex"
#include "misc/rna_turner2004.hex"
#include "postscript/aln_macro_base.hex"
#include "postscript/dot_plot_macro_base.hex"
#include "postscript/dot_plot_macro_linear_data.hex"
#include "postscript/dot_plot_macro_sc_motifs.hex"
#include "postscript/dot_plot_macro_sd.hex"
#include "postscript/dot_plot_macro_turn.hex"
#include "postscript/dot_plot_macro_ud.hex"
#include "postscript/structure_plot_macro_base.hex"
#include "postscript/structure_plot_macro_extras.hex"
#include "svg/structure_plot_footer.hex"
#include "svg/structure_plot_header.hex"
%typemap(varout) const unsigned char parameter_set_dna_mathews1999[] {
%typemap(varout) const unsigned char parameter_set_dna_mathews1999[] {
%typemap(varout) const unsigned char parameter_set_dna_mathews2004[] {
%typemap(varout) const unsigned char parameter_set_dna_mathews2004[] {
%typemap(varout) const unsigned char parameter_set_rna_andronescu2007[] {
%typemap(varout) const unsigned char parameter_set_rna_andronescu2007[] {
%typemap(varout) const unsigned char parameter_set_rna_langdon2018[] {
%typemap(varout) const unsigned char parameter_set_rna_langdon2018[] {
%typemap(varout) const unsigned char parameter_set_rna_misc_special_hairpins[] {
%typemap(varout) const unsigned char parameter_set_rna_misc_special_hairpins[] {
%typemap(varout) const unsigned char parameter_set_rna_mod_7DA_parameters[] {
%typemap(varout) const unsigned char parameter_set_rna_mod_7DA_parameters[] {
%typemap(varout) const unsigned char parameter_set_rna_mod_dihydrouridine_parameters[] {
%typemap(varout) const unsigned char parameter_set_rna_mod_dihydrouridine_parameters[] {
%typemap(varout) const unsigned char parameter_set_rna_mod_inosine_parameters[] {
%typemap(varout) const unsigned char parameter_set_rna_mod_inosine_parameters[] {
%typemap(varout) const unsigned char parameter_set_rna_mod_m6A_parameters[] {
%typemap(varout) const unsigned char parameter_set_rna_mod_m6A_parameters[] {
%typemap(varout) const unsigned char parameter_set_rna_mod_pseudouridine_parameters[] {
%typemap(varout) const unsigned char parameter_set_rna_mod_pseudouridine_parameters[] {
%typemap(varout) const unsigned char parameter_set_rna_mod_purine_parameters[] {
%typemap(varout) const unsigned char parameter_set_rna_mod_purine_parameters[] {
%typemap(varout) const unsigned char parameter_set_rna_turner1999[] {
%typemap(varout) const unsigned char parameter_set_rna_turner1999[] {
%typemap(varout) const unsigned char parameter_set_rna_turner2004[] {
%typemap(varout) const unsigned char parameter_set_rna_turner2004[] {
'
'
'
ACLOCAL='${SHELL} '\''/Users/mateusaragao/interpretable-splicing-visualization/src/ViennaRNA-2.7.0/config/missing'\'' aclocal-1.17'
AMDEPBACKSLASH='\'
AMDEP_FALSE='#'
AMDEP_TRUE=''
AMTAR='$${TAR-tar}'
AM_BACKSLASH='\'
AM_CFLAGS=''
AM_CPPFLAGS=''
AM_CXXFLAGS=''
AM_DEFAULT_V='$(AM_DEFAULT_VERBOSITY)'
AM_DEFAULT_VERBOSITY='0'
AM_LDFLAGS=''
AM_V='$(V)'
AR='ar'
AUTOCONF='${SHELL} '\''/Users/mateusaragao/interpretable-splicing-visualization/src/ViennaRNA-2.7.0/config/missing'\'' autoconf'
AUTOHEADER='${SHELL} '\''/Users/mateusaragao/interpretable-splicing-visualization/src/ViennaRNA-2.7.0/config/missing'\'' autoheader'
AUTOMAKE='${SHELL} '\''/Users/mateusaragao/interpretable-splicing-visualization/src/ViennaRNA-2.7.0/config/missing'\'' automake-1.17'
AWK='awk'
BIBTEX_CMD='no'
CC='gcc'
CCDEPMODE='depmode=gcc3'
CFLAGS='-g -O2'
CHECK_CFLAGS=''
CHECK_LIBS=''
CLA_CMD_LATEX='no -interaction=nonstopmode -halt-on-error'
CLA_DOCDIR='doc/CLA'
CLA_E_PDF_NAME='ViennaRNA-CLA-Entity.pdf'
CLA_E_PROJECT_NAME='ViennaRNA-CLA-Entity'
CLA_I_PDF_NAME='ViennaRNA-CLA-Individual.pdf'
CLA_I_PROJECT_NAME='ViennaRNA-CLA-Individual'
CLA_SRCDIR='.'
CLUSTER_DIR=''
CONFIG_DISABLE_C11_FEATURES=''
CONFIG_FLOAT_PF=''
CONFIG_GSL=''
CONFIG_LTO=''
CONFIG_NAVIEW_LAYOUT='#define VRNA_WITH_NAVIEW_LAYOUT'
CONFIG_NR_SAMPLING=''
CONFIG_OPENMP=''
CONFIG_SVM='#define VRNA_WITH_SVM'
CONFIG_TTY_COLORS=''
CPP='gcc -E'
CPPFLAGS=''
CSCOPE='cscope'
CTAGS='ctags'
CXX='g++ -std=gnu++11 -std=c++17'
CXXCPP='g++ -std=gnu++11 -E -std=c++17'
CXXDEPMODE='depmode=gcc3'
CXXFLAGS='-g -O2'
CYGPATH_W='echo'
DEFS='-DHAVE_CONFIG_H'
DEPDIR='.deps'
DEPRECATION_WARNING=''
DIFF='/usr/bin/diff'
DISABLE_C11_FEATURES=''
DLIB_CPPFLAGS='-I$(top_srcdir)/src/dlib-19.24 -DDLIB_NO_GUI_SUPPORT'
DLIB_DIR='dlib-19.24'
DLIB_VERSION='19.24'
DLLTOOL='false'
DOXYGEN_CONF='doxygen.conf'
DOXYGEN_DOCDIR='doc/doxygen'
DOXYGEN_HAVE_DOT='YES'
DOXYGEN_PROJECT_NAME='RNAlib-2.7.0'
DOXYGEN_SRCDIR='.'
DSYMUTIL='dsymutil'
DUMPBIN=''
ECHO_C='\c'
ECHO_N=''
ECHO_T=''
EGREP='/usr/bin/grep -E'
ENERGY_PARAMETER_CONST='
ETAGS='etags'
EXEEXT=''
F77='gfortran'
FFLAGS='-g -O2'
FGREP='/usr/bin/grep -F'
FILECMD='file'
FLOAT_PF_FLAG=''
GENGETOPT='no'
GREP='/usr/bin/grep'
GSL_LIBS=''
HAS_SWIG_FALSE=''
HAS_SWIG_TRUE='#'
HAVE_CXX17='1'
HDIUTIL=''
HELP2MAN='no'
INSTALL_DATA='${INSTALL} -m 644'
INSTALL_PROGRAM='${INSTALL}'
INSTALL_SCRIPT='${INSTALL}'
INSTALL_STRIP_PROGRAM='$(install_sh) -c -s'
ISODATE='2024-10-21'
LATEX_CMD='no'
LD='/Applications/Xcode.app/Contents/Developer/Toolchains/XcodeDefault.xctoolchain/usr/bin/ld'
LDFLAGS=''
LIBGOMPFLAG=''
LIBOBJS=''
LIBS='-lm '
LIBSVM_DIR='libsvm-3.35'
LIBTOOL='$(SHELL) $(top_builddir)/libtool'
LIBTOOL_DEPS='./config//ltmain.sh'
LIPO='lipo'
LN_S='ln -s'
LTLIBOBJS=''
LTO_CFLAGS=''
LTO_CXXFLAGS=''
LTO_LDFLAGS=''
LT_SYS_LIBRARY_PATH=''
MACOSX_INSTALLER=''
MAKEINDEX_CMD='no'
MAKEINFO='${SHELL} '\''/Users/mateusaragao/interpretable-splicing-visualization/src/ViennaRNA-2.7.0/config/missing'\'' makeinfo'
MAKE_CLUSTER_FALSE=''
MAKE_CLUSTER_TRUE='#'
MAKE_FORESTER_FALSE='#'
MAKE_FORESTER_TRUE=''
MAKE_KINFOLD_FALSE='#'
MAKE_KINFOLD_TRUE=''
MAKE_RNALOCMIN_FALSE='#'
MAKE_RNALOCMIN_TRUE=''
MAKE_RNAXPLORER_FALSE=''
MAKE_RNAXPLORER_TRUE='#'
MANIFEST_TOOL=':'
MKDIR_P='mkdir -p'
MPFR_LIBS=''
NAVIEW_DIR='plotting/naview'
NM='/usr/bin/nm -B'
NMEDIT='nmedit'
OBJDUMP='objdump'
OBJEXT='o'
OMP_LIBS=''
OPENMP_CFLAGS=''
OPENMP_CXXFLAGS=''
OTOOL64=':'
OTOOL='otool'
OUR_AR=''
OUR_NM=''
OUR_RANLIB=''
PACKAGE='ViennaRNA'
PACKAGE_BUGREPORT='rna@tbi.univie.ac.at'
PACKAGE_NAME='ViennaRNA'
PACKAGE_STRING='ViennaRNA 2.7.0'
PACKAGE_TARNAME='ViennaRNA'
PACKAGE_URL='https://www.tbi.univie.ac.at/RNA'
PACKAGE_VERSION='2.7.0'
PARAMETER_FILES='misc/dna_mathews1999.par misc/dna_mathews2004.par misc/rna_andronescu2007.par misc/rna_langdon2018.par misc/rna_misc_special_hairpins.par misc/rna_turner1999.par misc/rna_turner2004.par misc/rna_mod_7DA_parameters.json misc/rna_mod_inosine_parameters.json misc/rna_mod_m6A_parameters.json misc/rna_mod_pseudouridine_parameters.json misc/rna_mod_purine_parameters.json misc/rna_mod_dihydrouridine_parameters.json '
PARAMETER_FILES_HEX='misc/dna_mathews1999.hex misc/dna_mathews2004.hex misc/rna_andronescu2007.hex misc/rna_langdon2018.hex misc/rna_misc_special_hairpins.hex misc/rna_turner1999.hex misc/rna_turner2004.hex misc/rna_mod_7DA_parameters.hex misc/rna_mod_inosine_parameters.hex misc/rna_mod_m6A_parameters.hex misc/rna_mod_pseudouridine_parameters.hex misc/rna_mod_purine_parameters.hex misc/rna_mod_dihydrouridine_parameters.hex '
PATH_SEPARATOR=':'
PERL='/opt/homebrew/bin/perl'
PERL_ARCH_RELATIVE_INSTALL_DIR='/lib/perl5/site_perl/5.38/darwin-thread-multi-2level'
PERL_EXT_CPPFLAGS='-fno-common -DPERL_DARWIN -mmacosx-version-min=14.2 -DNO_POSIX_2008_LOCALE -fno-strict-aliasing -pipe -fstack-protector-strong'
PERL_EXT_INC='/opt/homebrew/opt/perl/lib/perl5/5.38/darwin-thread-multi-2level/CORE'
PERL_EXT_LDFLAGS='-mmacosx-version-min=14.2 -bundle -undefined dynamic_lookup -fstack-protector-strong'
PERL_EXT_LIB='/opt/homebrew/opt/perl/lib/perl5/site_perl/5.38/darwin-thread-multi-2level'
PERL_EXT_PREFIX='/opt/homebrew/opt/perl'
PERL_EXT_SITEARCH='/opt/homebrew/opt/perl/lib/perl5/site_perl/5.38/darwin-thread-multi-2level'
PERL_EXT_SITELIB='/opt/homebrew/opt/perl/lib/perl5/site_perl/5.38'
PERL_EXT_SITEPREFIX='/opt/homebrew/opt/perl'
PERL_EXT_VENDORARCH=''
PERL_EXT_VENDORLIB=''
PERL_EXT_VENDORPREFIX=''
PERL_INTERFACE='Perl'
PERL_LIB_RELATIVE_INSTALL_DIR='/lib/perl5/site_perl/5.38'
PERL_SO='.bundle'
PKGBUILD=''
PKGPYEXEC2DIR=''
PKGPYTHON2DIR=''
PKG_CONFIG='/opt/homebrew/bin/pkg-config'
PKG_CONFIG_LIBDIR=''
PKG_CONFIG_PATH=''
POW_LIB=''
PRODUCTBUILD=''
PS_TEMPLATE_CONST='
PS_TEMPLATE_FILES='postscript/structure_plot_macro_base.ps postscript/structure_plot_macro_extras.ps postscript/dot_plot_macro_base.ps postscript/dot_plot_macro_turn.ps postscript/dot_plot_macro_sd.ps postscript/dot_plot_macro_ud.ps postscript/dot_plot_macro_sc_motifs.ps postscript/dot_plot_macro_linear_data.ps postscript/aln_macro_base.ps '
PS_TEMPLATE_FILES_HEX='postscript/structure_plot_macro_base.hex postscript/structure_plot_macro_extras.hex postscript/dot_plot_macro_base.hex postscript/dot_plot_macro_turn.hex postscript/dot_plot_macro_sd.hex postscript/dot_plot_macro_ud.hex postscript/dot_plot_macro_sc_motifs.hex postscript/dot_plot_macro_linear_data.hex postscript/aln_macro_base.hex '
PTHREAD_CC='gcc'
PTHREAD_CFLAGS='-pthread'
PTHREAD_CXX='g++ -std=gnu++11'
PTHREAD_LIBS='-lpthread'
PYEXEC2DIR=''
PYTHON2=''
PYTHON2DIR=''
PYTHON2_DIR=''
PYTHON2_EXECDIR=''
PYTHON2_INC=''
PYTHON2_INTERFACE=''
PYTHON2_LD=''
PYTHON2_LDFLAGS=''
PYTHON2_SO=''
PYTHON3='/Users/mateusaragao/interpretable-splicing-visualization/myenv/bin/python3'
PYTHON3_CACHE_OPT1_EXT='cpython-310.opt-1.pyc'
PYTHON3_CACHE_TAG='cpython-310'
PYTHON3_DIR='${prefix}/lib/python3.10/site-packages'
PYTHON3_EXECDIR='${exec_prefix}/lib/python3.10/site-packages'
PYTHON3_INC='/Library/Frameworks/Python.framework/Versions/3.10/include/python3.10'
PYTHON3_LD='clang -bundle -undefined dynamic_lookup -arch arm64 -arch x86_64 -g'
PYTHON3_LDFLAGS='-bundle -undefined dynamic_lookup'
PYTHON3_SO='.cpython-310-darwin.so'
PYTHON_INTERFACE='Python'
RANLIB='ranlib'
REFDOC_PREDEF_FLOAT_PF=''
REFDOC_PREDEF_SVM='VRNA_WITH_SVM'
REFERENCE_MANUAL_PDF_NAME='RNAlib-2.7.0.pdf'
REFERENCE_MANUAL_TAGFILE='RNAlib-2.7.0.tag'
RNA_CFLAGS='-fno-strict-aliasing -ftree-vectorize'
RNA_CPPFLAGS='-DVRNA_WITH_NAVIEW_LAYOUT -DVRNA_LOG_NO_DEBUG_RNALIB'
RNA_CXXFLAGS='-fno-strict-aliasing'
RNA_LDFLAGS='-fno-strict-aliasing'
SED='/usr/bin/sed'
SETUPCFG_GSL_LIBS=''
SETUPCFG_GSL_MACRO=''
SETUPCFG_MPFR_LIBS=''
SETUPCFG_MPFR_MACRO=''
SETUPCFG_NAVIEW_MACRO='naview_macro  = VRNA_WITH_NAVIEW_LAYOUT'
SETUPCFG_OPENMP_FLAGS=''
SETUPCFG_OPENMP_MACRO=''
SETUPCFG_SVM_LIBS='svm_libs  = stdc++'
SETUPCFG_SVM_MACRO='svm_macro = VRNA_WITH_SVM'
SETUPCFG_SW_GSL='False'
SETUPCFG_SW_MPFR='False'
SETUPCFG_SW_NAVIEW='True'
SETUPCFG_SW_OPENMP='False'
SETUPCFG_SW_SIMD='True'
SETUPCFG_SW_SVM='True'
SET_MAKE=''
SHELL='/bin/sh'
SIMD_AVX512_FLAGS=''
SIMD_SSE41_FLAGS=''
SPHINXBUILD='no'
SPHINX_CMD_BIBTEX='no'
SPHINX_CMD_LATEX='no -interaction=nonstopmode -halt-on-error'
SPHINX_CMD_MAKEINDEX='no'
SPHINX_SRCDIR='doc/source'
STRIP='strip'
SVG_TEMPLATE_CONST='
SVG_TEMPLATE_FILES='svg/structure_plot_header.svg svg/structure_plot_footer.svg '
SVG_TEMPLATE_FILES_HEX='svg/structure_plot_header.hex svg/structure_plot_footer.hex '
SVM_LIBS='-lstdc++'
SVM_VERSION='3.35'
SWIG=''
SWIG_ENERGY_PARAMETER_CONST_PERL5='
SWIG_ENERGY_PARAMETER_CONST_PYTHON='
SWIG_LIB=''
USER_AR=''
USER_NM=''
USER_RANLIB=''
VERSION='2.7.0'
VRNA_AM_SWITCH_BUILD_MANPAGES_FALSE=''
VRNA_AM_SWITCH_BUILD_MANPAGES_TRUE='#'
VRNA_AM_SWITCH_GSL_FALSE=''
VRNA_AM_SWITCH_GSL_TRUE='#'
VRNA_AM_SWITCH_HAS_GENGETOPT_FALSE=''
VRNA_AM_SWITCH_HAS_GENGETOPT_TRUE='#'
VRNA_AM_SWITCH_HAS_XXD_FALSE='#'
VRNA_AM_SWITCH_HAS_XXD_TRUE=''
VRNA_AM_SWITCH_LTO_FALSE='#'
VRNA_AM_SWITCH_LTO_TRUE=''
VRNA_AM_SWITCH_MPFR_FALSE=''
VRNA_AM_SWITCH_MPFR_TRUE='#'
VRNA_AM_SWITCH_NAVIEW_FALSE='#'
VRNA_AM_SWITCH_NAVIEW_TRUE=''
VRNA_AM_SWITCH_PTHREADS_FALSE='#'
VRNA_AM_SWITCH_PTHREADS_TRUE=''
VRNA_AM_SWITCH_SIMD_AVX512_FALSE=''
VRNA_AM_SWITCH_SIMD_AVX512_TRUE='#'
VRNA_AM_SWITCH_SIMD_SSE41_FALSE=''
VRNA_AM_SWITCH_SIMD_SSE41_TRUE='#'
VRNA_AM_SWITCH_STATIC_EXECUTABLES_FALSE=''
VRNA_AM_SWITCH_STATIC_EXECUTABLES_TRUE='#'
VRNA_AM_SWITCH_SVM_FALSE='#'
VRNA_AM_SWITCH_SVM_TRUE=''
VRNA_CFLAGS=' -I$(top_srcdir)/../../src/ViennaRNA -I$(top_srcdir)/../../src -DVRNA_WITH_NAVIEW_LAYOUT -DVRNA_LOG_NO_DEBUG_RNALIB'
VRNA_LIBS=' -fno-strict-aliasing -L$(top_builddir)/../../src/ViennaRNA -lRNA   -lpthread  -lstdc++'
VRNA_VERSION_MAJOR='2'
VRNA_VERSION_MINOR='7'
VRNA_VERSION_PATCH='0'
WITH_CHECK_FALSE=''
WITH_CHECK_TRUE='#'
WITH_CLA_BUILD_FALSE=''
WITH_CLA_BUILD_TRUE='#'
WITH_CLA_FALSE='#'
WITH_CLA_PDF_FALSE='#'
WITH_CLA_PDF_TRUE=''
WITH_CLA_TRUE=''
WITH_COLOR_MAKE_FALSE='#'
WITH_COLOR_MAKE_TRUE=''
WITH_EXECUTABLE_TESTS_FALSE='#'
WITH_EXECUTABLE_TESTS_TRUE=''
WITH_MACOSX_INSTALLER_FALSE=''
WITH_MACOSX_INSTALLER_TRUE='#'
WITH_PERL_TESTS_FALSE='#'
WITH_PERL_TESTS_TRUE=''
WITH_PYTHON2_TESTS_FALSE=''
WITH_PYTHON2_TESTS_TRUE='#'
WITH_PYTHON_TESTS_FALSE='#'
WITH_PYTHON_TESTS_TRUE=''
WITH_REFERENCE_MANUAL_BUILD_FALSE=''
WITH_REFERENCE_MANUAL_BUILD_TRUE='#'
WITH_REFERENCE_MANUAL_FALSE='#'
WITH_REFERENCE_MANUAL_HTML_FALSE='#'
WITH_REFERENCE_MANUAL_HTML_TRUE=''
WITH_REFERENCE_MANUAL_PDF_FALSE='#'
WITH_REFERENCE_MANUAL_PDF_TRUE=''
WITH_REFERENCE_MANUAL_TRUE=''
WITH_REFERENCE_MANUAL_XML_FALSE='#'
WITH_REFERENCE_MANUAL_XML_TRUE=''
WITH_TTY_COLORS_FALSE='#'
WITH_TTY_COLORS_TRUE=''
WITH_UNIT_TESTS_FALSE='#'
WITH_UNIT_TESTS_TRUE=''
XXD='/usr/bin/xxd'
ac_ct_AR='ar'
ac_ct_CC='gcc'
ac_ct_CXX='g++'
ac_ct_DUMPBIN=''
ac_ct_F77='gfortran'
am__EXEEXT_FALSE=''
am__EXEEXT_TRUE='#'
am__fastdepCC_FALSE='#'
am__fastdepCC_TRUE=''
am__fastdepCXX_FALSE='#'
am__fastdepCXX_TRUE=''
am__include='include'
am__isrc=''
am__leading_dot='.'
am__nodep='_no'
am__quote=''
am__rm_f_notfound=''
am__tar='tar --format=ustar -chf - "$$tardir"'
am__untar='tar -xf -'
am__v_CCLD_0='@[ -t 1 ] && printf "  \033[01;34mCCLD\033[00m     %s\n" $@ || echo "  CCLD     $@";'
am__v_CC_0='@[ -t 1 ] && printf "  \033[01;34mCC\033[00m       %s\n" $@ || echo "  CC       $@";'
am__v_CXXLD_0='@[ -t 1 ] && printf "  \033[01;34mCXXLD\033[00m    %s\n" $@ || echo "  CXXLD    $@";'
am__v_CXX_0='@[ -t 1 ] && printf "  \033[01;34mCXX\033[00m      %s\n" $@ || echo "  CXX      $@";'
am__v_GEN_0='@[ -t 1 ] && printf "  \033[01;34mGEN\033[00m      %s\n" $@ || echo "  GEN      $@";'
am__xargs_n='xargs -n'
ax_pthread_config=''
bibtex='no'
bindir='${exec_prefix}/bin'
build='aarch64-apple-darwin23.3.0'
build_alias=''
build_cpu='aarch64'
build_os='darwin23.3.0'
build_vendor='apple'
datadir='${datarootdir}'
datarootdir='${prefix}/share'
docdir='${datarootdir}/doc/${PACKAGE_TARNAME}'
dot='/opt/homebrew/bin/dot'
doxygen='no'
dvidir='${docdir}'
exec_prefix='${prefix}'
grep='/usr/bin/grep'
host='aarch64-apple-darwin23.3.0'
host_alias=''
host_cpu='aarch64'
host_os='darwin23.3.0'
host_vendor='apple'
htmldir='${datarootdir}/doc/${PACKAGE_TARNAME}/html'
includedir='${prefix}/include'
infodir='${datarootdir}/info'
install_sh='${SHELL} /Users/mateusaragao/interpretable-splicing-visualization/src/ViennaRNA-2.7.0/config/install-sh'
libdir='${exec_prefix}/lib'
libexecdir='${exec_prefix}/libexec'
localedir='${datarootdir}/locale'
localstatedir='${prefix}/var'
makeindex='no'
mandir='${datarootdir}/man'
mkdir_p='$(MKDIR_P)'
oldincludedir='/usr/include'
pdfdir='${docdir}'
pdflatex='no'
perl='/opt/homebrew/bin/perl'
prefix='/usr/local'
program_transform_name='s,x,x,'
psdir='${docdir}'
py2execdir=''
py3execdir='${exec_prefix}/lib/python3.10/site-packages'
py3execdir_expanded='NONE/lib/python3.10/site-packages'
python2dir=''
python3dir='${prefix}/lib/python3.10/site-packages'
python3dir_expanded='NONE/lib/python3.10/site-packages'
runstatedir='${localstatedir}/run'
sbindir='${exec_prefix}/sbin'
sharedstatedir='${prefix}/com'
static const char SVG_structure_plot_footer[] = {
static const char SVG_structure_plot_header[] = {
static const unsigned char PS_aln_macro_base[] = {
static const unsigned char PS_dot_plot_macro_base[] = {
static const unsigned char PS_dot_plot_macro_linear_data[] = {
static const unsigned char PS_dot_plot_macro_sc_motifs[] = {
static const unsigned char PS_dot_plot_macro_sd[] = {
static const unsigned char PS_dot_plot_macro_turn[] = {
static const unsigned char PS_dot_plot_macro_ud[] = {
static const unsigned char PS_structure_plot_macro_base[] = {
static const unsigned char PS_structure_plot_macro_extras[] = {
static const unsigned char parameter_set_dna_mathews1999[] = {
static const unsigned char parameter_set_dna_mathews2004[] = {
static const unsigned char parameter_set_rna_andronescu2007[] = {
static const unsigned char parameter_set_rna_langdon2018[] = {
static const unsigned char parameter_set_rna_misc_special_hairpins[] = {
static const unsigned char parameter_set_rna_mod_7DA_parameters[] = {
static const unsigned char parameter_set_rna_mod_dihydrouridine_parameters[] = {
static const unsigned char parameter_set_rna_mod_inosine_parameters[] = {
static const unsigned char parameter_set_rna_mod_m6A_parameters[] = {
static const unsigned char parameter_set_rna_mod_pseudouridine_parameters[] = {
static const unsigned char parameter_set_rna_mod_purine_parameters[] = {
static const unsigned char parameter_set_rna_turner1999[] = {
static const unsigned char parameter_set_rna_turner2004[] = {
subdirs=' src/Kinfold src/RNAforester src/RNAlocmin'
sysconfdir='${prefix}/etc'
target_alias=''
}
}
}
}
}
}
}
}
}
}
}
}
}
}
}
}
}
}
}
}
}
}
}
}
}'
}'
};
};
};
};
};
};
};
};
};
};
};
};
};
};
};
};
};
};
};
};
};
};
};
};

## ----------- ##
## confdefs.h. ##
## ----------- ##

/* confdefs.h */
#define PACKAGE_NAME "ViennaRNA"
#define PACKAGE_TARNAME "ViennaRNA"
#define PACKAGE_VERSION "2.7.0"
#define PACKAGE_STRING "ViennaRNA 2.7.0"
#define PACKAGE_BUGREPORT "rna@tbi.univie.ac.at"
#define PACKAGE_URL "https://www.tbi.univie.ac.at/RNA"
#define HAVE_STDIO_H 1
#define HAVE_STDLIB_H 1
#define HAVE_STRING_H 1
#define HAVE_INTTYPES_H 1
#define HAVE_STDINT_H 1
#define HAVE_STRINGS_H 1
#define HAVE_SYS_STAT_H 1
#define HAVE_SYS_TYPES_H 1
#define HAVE_UNISTD_H 1
#define HAVE_WCHAR_H 1
#define STDC_HEADERS 1
#define _ALL_SOURCE 1
#define _DARWIN_C_SOURCE 1
#define _GNU_SOURCE 1
#define _HPUX_ALT_XOPEN_SOCKET_API 1
#define _NETBSD_SOURCE 1
#define _OPENBSD_SOURCE 1
#define _POSIX_PTHREAD_SEMANTICS 1
#define __STDC_WANT_IEC_60559_ATTRIBS_EXT__ 1
#define __STDC_WANT_IEC_60559_BFP_EXT__ 1
#define __STDC_WANT_IEC_60559_DFP_EXT__ 1
#define __STDC_WANT_IEC_60559_EXT__ 1
#define __STDC_WANT_IEC_60559_FUNCS_EXT__ 1
#define __STDC_WANT_IEC_60559_TYPES_EXT__ 1
#define __STDC_WANT_LIB_EXT2__ 1
#define __STDC_WANT_MATH_SPEC_FUNCS__ 1
#define _TANDEM_SOURCE 1
#define __EXTENSIONS__ 1
#define PACKAGE "ViennaRNA"
#define VERSION "2.7.0"
#define UNUSED __attribute__ ((unused))
#define HAVE_DLFCN_H 1
#define LT_OBJDIR ".libs/"
#define HAVE_LIBM 1
#define HAVE__BOOL 1
#define HAVE_STDBOOL_H 1
#define HAVE_FLOAT_H 1
#define HAVE_LIMITS_H 1
#define HAVE_STDLIB_H 1
#define HAVE_STRING_H 1
#define HAVE_STRINGS_H 1
#define HAVE_UNISTD_H 1
#define HAVE_MATH_H 1
#define HAVE_STDARG_H 1
#define HAVE_MALLOC 1
#define HAVE_REALLOC 1
#define HAVE_FLOOR 1
#define HAVE_STRDUP 1
#define HAVE_STRSTR 1
#define HAVE_STRCHR 1
#define HAVE_STRRCHR 1
#define HAVE_STRSTR 1
#define HAVE_STRTOL 1
#define HAVE_STRTOUL 1
#define HAVE_POW 1
#define HAVE_RINT 1
#define HAVE_SQRT 1
#define HAVE_ERAND48 1
#define HAVE_MEMSET 1
#define HAVE_MEMMOVE 1
#define HAVE_ERAND48 1
#define HAVE_ASPRINTF 1
#define HAVE_VASPRINTF 1
#define HAVE_C__GENERIC 1
#define VRNA_WITH_SVM 1
#define HAVE_PTHREAD_PRIO_INHERIT 1
#define VRNA_WITH_PTHREADS 1
#define VRNA_WITH_NAVIEW_LAYOUT 1
#define VRNA_LOG_NO_DEBUG_RNALIB 1
#define WITH_PERL_INTERFACE 1
#define WITH_PYTHON_INTERFACE 1
#define HAVE_CXX17 1
#define VRNA_VERSION "2.7.0"

configure: exit 0
