This file contains any messages produced by compilers while
running configure, to aid debugging if configure makes a mistake.

It was created by configure, which was
generated by GNU Autoconf 2.72.  Invocation command line was

  $ ./configure --disable-option-checking --prefix=/usr/local --disable-lto CC=gcc 'CXX=g++ -std=gnu++11' 'CFLAGS=-g -O2' 'CXXFLAGS=-g -O2' AR=ar RANLIB=ranlib 'NM=/usr/bin/nm -B' 'VRNA_CFLAGS=-I$(top_srcdir)/../../src/ViennaRNA -I$(top_srcdir)/../../src -DVRNA_WITH_NAVIEW_LAYOUT -DVRNA_LOG_NO_DEBUG_RNALIB' 'VRNA_LIBS=-fno-strict-aliasing -L$(top_builddir)/../../src/ViennaRNA -lRNA -lpthread -lstdc++' --cache-file=/dev/null --srcdir=.

## --------- ##
## Platform. ##
## --------- ##

hostname = 10-17-61-211.dynapool.wireless.nyu.edu
uname -m = arm64
uname -r = 23.3.0
uname -s = Darwin
uname -v = Darwin Kernel Version 23.3.0: Wed Dec 20 21:31:00 PST 2023; root:xnu-10002.81.5~7/RELEASE_ARM64_T6020

/usr/bin/uname -p = arm
/bin/uname -X     = unknown

/bin/arch              = unknown
/usr/bin/arch -k       = unknown
/usr/convex/getsysinfo = unknown
/usr/bin/hostinfo      = Mach kernel version:
	 Darwin Kernel Version 23.3.0: Wed Dec 20 21:31:00 PST 2023; root:xnu-10002.81.5~7/RELEASE_ARM64_T6020
Kernel configured for up to 10 processors.
10 processors are physically available.
10 processors are logically available.
Processor type: arm64e (ARM64E)
Processors active: 0 1 2 3 4 5 6 7 8 9
Primary memory available: 16.00 gigabytes
Default processor set: 590 tasks, 2471 threads, 10 processors
Load average: 2.06, Mach factor: 7.93
/bin/machine           = unknown
/usr/bin/oslevel       = unknown
/bin/universe          = unknown

PATH: /Users/mateusaragao/.vscode/extensions/ms-python.python-2024.2.1/pythonFiles/deactivate/zsh/
PATH: /Users/mateusaragao/interpretable-splicing-visualization/myenv/bin/
PATH: /opt/homebrew/bin/
PATH: /opt/homebrew/sbin/
PATH: /Users/mateusaragao/.vscode/extensions/ms-python.python-2024.2.1/pythonFiles/deactivate/zsh/
PATH: /Users/mateusaragao/interpretable-splicing-visualization/myenv/bin/
PATH: /Library/Frameworks/Python.framework/Versions/3.10/bin/
PATH: /opt/homebrew/bin/
PATH: /opt/homebrew/sbin/
PATH: /Library/Frameworks/Python.framework/Versions/3.11/bin/
PATH: /usr/local/bin/
PATH: /System/Cryptexes/App/usr/bin/
PATH: /usr/bin/
PATH: /bin/
PATH: /usr/sbin/
PATH: /sbin/
PATH: /var/run/com.apple.security.cryptexd/codex.system/bootstrap/usr/local/bin/
PATH: /var/run/com.apple.security.cryptexd/codex.system/bootstrap/usr/bin/
PATH: /var/run/com.apple.security.cryptexd/codex.system/bootstrap/usr/appleinternal/bin/
PATH: /Library/Apple/usr/bin/
PATH: /usr/local/go/bin/
PATH: /Users/mateusaragao/.vscode/extensions/ms-python.python-2024.2.1/pythonFiles/deactivate/zsh/
PATH: /Users/mateusaragao/interpretable-splicing-visualization/myenv/bin/
PATH: /opt/homebrew/Caskroom/miniconda/base/bin/
PATH: /opt/homebrew/Caskroom/miniconda/base/condabin/
PATH: /opt/homebrew/bin/
PATH: /opt/homebrew/sbin/
PATH: /Library/Frameworks/Python.framework/Versions/3.10/bin/
PATH: /Library/Frameworks/Python.framework/Versions/3.11/bin/


## ----------- ##
## Core tests. ##
## ----------- ##

configure:2588: looking for aux files: install-sh config.guess config.sub
configure:2601:  trying ./
configure:2612:   ./install-sh found
configure:2630:   ./config.guess found
configure:2630:   ./config.sub found
configure:2758: checking build system type
configure:2774: result: aarch64-apple-darwin23.3.0
configure:2794: checking host system type
configure:2809: result: aarch64-apple-darwin23.3.0
configure:2928: checking for gcc
configure:2961: result: gcc
configure:3320: checking for C compiler version
configure:3329: gcc --version >&5
Apple clang version 15.0.0 (clang-1500.1.0.2.5)
Target: arm64-apple-darwin23.3.0
Thread model: posix
InstalledDir: /Applications/Xcode.app/Contents/Developer/Toolchains/XcodeDefault.xctoolchain/usr/bin
configure:3340: $? = 0
configure:3329: gcc -v >&5
Apple clang version 15.0.0 (clang-1500.1.0.2.5)
Target: arm64-apple-darwin23.3.0
Thread model: posix
InstalledDir: /Applications/Xcode.app/Contents/Developer/Toolchains/XcodeDefault.xctoolchain/usr/bin
configure:3340: $? = 0
configure:3329: gcc -V >&5
clang: error: argument to '-V' is missing (expected 1 value)
clang: error: no input files
configure:3340: $? = 1
configure:3329: gcc -qversion >&5
clang: error: unknown argument '-qversion'; did you mean '--version'?
clang: error: no input files
configure:3340: $? = 1
configure:3329: gcc -version >&5
clang: error: unknown argument '-version'; did you mean '--version'?
clang: error: no input files
configure:3340: $? = 1
configure:3360: checking whether the C compiler works
configure:3382: gcc -g -O2   conftest.c  >&5
configure:3386: $? = 0
configure:3437: result: yes
configure:3441: checking for C compiler default output file name
configure:3443: result: a.out
configure:3449: checking for suffix of executables
configure:3456: gcc -o conftest -g -O2   conftest.c  >&5
configure:3460: $? = 0
configure:3484: result: 
configure:3508: checking whether we are cross compiling
configure:3516: gcc -o conftest -g -O2   conftest.c  >&5
configure:3520: $? = 0
configure:3527: ./conftest
configure:3531: $? = 0
configure:3546: result: no
configure:3552: checking for suffix of object files
configure:3575: gcc -c -g -O2  conftest.c >&5
configure:3579: $? = 0
configure:3603: result: o
configure:3607: checking whether the compiler supports GNU C
configure:3627: gcc -c -g -O2  conftest.c >&5
configure:3627: $? = 0
configure:3639: result: yes
configure:3650: checking whether gcc accepts -g
configure:3671: gcc -c -g  conftest.c >&5
configure:3671: $? = 0
configure:3718: result: yes
configure:3738: checking for gcc option to enable C11 features
configure:3753: gcc  -c -g -O2  conftest.c >&5
configure:3753: $? = 0
configure:3772: result: none needed
configure:3895: checking how to run the C preprocessor
configure:3921: gcc -E  conftest.c
configure:3921: $? = 0
configure:3937: gcc -E  conftest.c
conftest.c:10:10: fatal error: 'ac_nonexistent.h' file not found
#include <ac_nonexistent.h>
         ^~~~~~~~~~~~~~~~~~
1 error generated.
configure:3937: $? = 1
configure: failed program was:
| /* confdefs.h */
| #define PACKAGE_NAME ""
| #define PACKAGE_TARNAME ""
| #define PACKAGE_VERSION ""
| #define PACKAGE_STRING ""
| #define PACKAGE_BUGREPORT ""
| #define PACKAGE_URL ""
| #define UNIX 1
| /* end confdefs.h.  */
| #include <ac_nonexistent.h>
configure:3966: result: gcc -E
configure:3980: gcc -E  conftest.c
configure:3980: $? = 0
configure:3996: gcc -E  conftest.c
conftest.c:10:10: fatal error: 'ac_nonexistent.h' file not found
#include <ac_nonexistent.h>
         ^~~~~~~~~~~~~~~~~~
1 error generated.
configure:3996: $? = 1
configure: failed program was:
| /* confdefs.h */
| #define PACKAGE_NAME ""
| #define PACKAGE_TARNAME ""
| #define PACKAGE_VERSION ""
| #define PACKAGE_STRING ""
| #define PACKAGE_BUGREPORT ""
| #define PACKAGE_URL ""
| #define UNIX 1
| /* end confdefs.h.  */
| #include <ac_nonexistent.h>
configure:4158: checking for C++ compiler version
configure:4167: g++ -std=gnu++11 --version >&5
Apple clang version 15.0.0 (clang-1500.1.0.2.5)
Target: arm64-apple-darwin23.3.0
Thread model: posix
InstalledDir: /Applications/Xcode.app/Contents/Developer/Toolchains/XcodeDefault.xctoolchain/usr/bin
configure:4178: $? = 0
configure:4167: g++ -std=gnu++11 -v >&5
Apple clang version 15.0.0 (clang-1500.1.0.2.5)
Target: arm64-apple-darwin23.3.0
Thread model: posix
InstalledDir: /Applications/Xcode.app/Contents/Developer/Toolchains/XcodeDefault.xctoolchain/usr/bin
configure:4178: $? = 0
configure:4167: g++ -std=gnu++11 -V >&5
clang: error: argument to '-V' is missing (expected 1 value)
clang: error: no input files
configure:4178: $? = 1
configure:4167: g++ -std=gnu++11 -qversion >&5
clang: error: unknown argument '-qversion'; did you mean '--version'?
clang: error: no input files
configure:4178: $? = 1
configure:4182: checking whether the compiler supports GNU C++
configure:4202: g++ -std=gnu++11 -c -g -O2  conftest.cpp >&5
configure:4202: $? = 0
configure:4214: result: yes
configure:4225: checking whether g++ -std=gnu++11 accepts -g
configure:4246: g++ -std=gnu++11 -c -g  conftest.cpp >&5
configure:4246: $? = 0
configure:4293: result: yes
configure:4313: checking for g++ -std=gnu++11 option to enable C++11 features
configure:4328: g++ -std=gnu++11  -c -g -O2  conftest.cpp >&5
conftest.cpp:176:25: warning: empty parentheses interpreted as a function declaration [-Wvexing-parse]
  cxx11test::delegate d2();
                        ^~
conftest.cpp:176:25: note: remove parentheses to declare a variable
  cxx11test::delegate d2();
                        ^~
1 warning generated.
configure:4328: $? = 0
configure:4347: result: none needed
configure:4431: checking for a BSD-compatible install
configure:4505: result: /usr/bin/install -c
configure:4518: checking for find
configure:4539: found /usr/bin/find
configure:4552: result: find
configure:4562: checking for makedepend
configure:4596: result: :
configure:4605: checking for dlopen in -ldl
configure:4634: gcc -o conftest -g -O2   conftest.c -ldl   >&5
configure:4634: $? = 0
configure:4646: result: yes
configure:4786: checking for X
configure:4824: gcc -o conftest -g -O2   conftest.c -lX11  >&5
conftest.c:10:10: fatal error: 'X11/Xlib.h' file not found
#include <X11/Xlib.h>
         ^~~~~~~~~~~~
1 error generated.
configure:4824: $? = 1
configure: failed program was:
| /* confdefs.h */
| #define PACKAGE_NAME ""
| #define PACKAGE_TARNAME ""
| #define PACKAGE_VERSION ""
| #define PACKAGE_STRING ""
| #define PACKAGE_BUGREPORT ""
| #define PACKAGE_URL ""
| #define UNIX 1
| /* end confdefs.h.  */
| #include <X11/Xlib.h>
| int
| main (void)
| {
| XrmInitialize ()
|   ;
|   return 0;
| }
configure:4926: gcc -E  conftest.c
conftest.c:10:10: fatal error: 'X11/Xlib.h' file not found
#include <X11/Xlib.h>
         ^~~~~~~~~~~~
1 error generated.
configure:4926: $? = 1
configure: failed program was:
| /* confdefs.h */
| #define PACKAGE_NAME ""
| #define PACKAGE_TARNAME ""
| #define PACKAGE_VERSION ""
| #define PACKAGE_STRING ""
| #define PACKAGE_BUGREPORT ""
| #define PACKAGE_URL ""
| #define UNIX 1
| /* end confdefs.h.  */
| #include <X11/Xlib.h>
configure:4959: gcc -o conftest -g -O2   conftest.c -lX11  >&5
conftest.c:10:10: fatal error: 'X11/Xlib.h' file not found
#include <X11/Xlib.h>
         ^~~~~~~~~~~~
1 error generated.
configure:4959: $? = 1
configure: failed program was:
| /* confdefs.h */
| #define PACKAGE_NAME ""
| #define PACKAGE_TARNAME ""
| #define PACKAGE_VERSION ""
| #define PACKAGE_STRING ""
| #define PACKAGE_BUGREPORT ""
| #define PACKAGE_URL ""
| #define UNIX 1
| /* end confdefs.h.  */
| #include <X11/Xlib.h>
| int
| main (void)
| {
| XrmInitialize ()
|   ;
|   return 0;
| }
configure:5003: result: no
configure:5601: checking for main in -lm
configure:5621: gcc -o conftest -g -O2  -I/usr/local/include   conftest.c -lm   -L/usr/local/lib >&5
configure:5621: $? = 0
configure:5633: result: yes
configure:5645: checking for main in -lX11
configure:5665: gcc -o conftest -g -O2  -I/usr/local/include   conftest.c -lX11   -L/usr/local/lib -lm >&5
ld: library 'X11' not found
clang: error: linker command failed with exit code 1 (use -v to see invocation)
configure:5665: $? = 1
configure: failed program was:
| /* confdefs.h */
| #define PACKAGE_NAME ""
| #define PACKAGE_TARNAME ""
| #define PACKAGE_VERSION ""
| #define PACKAGE_STRING ""
| #define PACKAGE_BUGREPORT ""
| #define PACKAGE_URL ""
| #define UNIX 1
| #define X_DISPLAY_MISSING 1
| #define DO_PS 1
| #define DO_FIG 1
| /* end confdefs.h.  */
| 
| 
| int
| main (void)
| {
| return main ();
|   ;
|   return 0;
| }
configure:5677: result: no
configure:5685: checking for main in -lXext
configure:5705: gcc -o conftest -g -O2  -I/usr/local/include   conftest.c -lXext   -L/usr/local/lib -lm >&5
ld: library 'Xext' not found
clang: error: linker command failed with exit code 1 (use -v to see invocation)
configure:5705: $? = 1
configure: failed program was:
| /* confdefs.h */
| #define PACKAGE_NAME ""
| #define PACKAGE_TARNAME ""
| #define PACKAGE_VERSION ""
| #define PACKAGE_STRING ""
| #define PACKAGE_BUGREPORT ""
| #define PACKAGE_URL ""
| #define UNIX 1
| #define X_DISPLAY_MISSING 1
| #define DO_PS 1
| #define DO_FIG 1
| /* end confdefs.h.  */
| 
| 
| int
| main (void)
| {
| return main ();
|   ;
|   return 0;
| }
configure:5717: result: no
configure:5725: checking for main in -lgd
configure:5745: gcc -o conftest -g -O2  -I/usr/local/include   conftest.c -lgd   -L/usr/local/lib -lm >&5
ld: library 'gd' not found
clang: error: linker command failed with exit code 1 (use -v to see invocation)
configure:5745: $? = 1
configure: failed program was:
| /* confdefs.h */
| #define PACKAGE_NAME ""
| #define PACKAGE_TARNAME ""
| #define PACKAGE_VERSION ""
| #define PACKAGE_STRING ""
| #define PACKAGE_BUGREPORT ""
| #define PACKAGE_URL ""
| #define UNIX 1
| #define X_DISPLAY_MISSING 1
| #define DO_PS 1
| #define DO_FIG 1
| /* end confdefs.h.  */
| 
| 
| int
| main (void)
| {
| return main ();
|   ;
|   return 0;
| }
configure:5757: result: no
configure:5858: checking for grep that handles long lines and -e
configure:5924: result: /usr/bin/grep
configure:5929: checking for egrep
configure:5999: result: /usr/bin/grep -E
configure:6011: checking for stdio.h
configure:6011: gcc -c -g -O2  -I/usr/local/include  conftest.c >&5
configure:6011: $? = 0
configure:6011: result: yes
configure:6011: checking for stdlib.h
configure:6011: gcc -c -g -O2  -I/usr/local/include  conftest.c >&5
configure:6011: $? = 0
configure:6011: result: yes
configure:6011: checking for string.h
configure:6011: gcc -c -g -O2  -I/usr/local/include  conftest.c >&5
configure:6011: $? = 0
configure:6011: result: yes
configure:6011: checking for inttypes.h
configure:6011: gcc -c -g -O2  -I/usr/local/include  conftest.c >&5
configure:6011: $? = 0
configure:6011: result: yes
configure:6011: checking for stdint.h
configure:6011: gcc -c -g -O2  -I/usr/local/include  conftest.c >&5
configure:6011: $? = 0
configure:6011: result: yes
configure:6011: checking for strings.h
configure:6011: gcc -c -g -O2  -I/usr/local/include  conftest.c >&5
configure:6011: $? = 0
configure:6011: result: yes
configure:6011: checking for sys/stat.h
configure:6011: gcc -c -g -O2  -I/usr/local/include  conftest.c >&5
configure:6011: $? = 0
configure:6011: result: yes
configure:6011: checking for sys/types.h
configure:6011: gcc -c -g -O2  -I/usr/local/include  conftest.c >&5
configure:6011: $? = 0
configure:6011: result: yes
configure:6011: checking for unistd.h
configure:6011: gcc -c -g -O2  -I/usr/local/include  conftest.c >&5
configure:6011: $? = 0
configure:6011: result: yes
configure:6036: checking for limits.h
configure:6036: gcc -c -g -O2  -I/usr/local/include  conftest.c >&5
configure:6036: $? = 0
configure:6036: result: yes
configure:6198: creating ./config.status

## ---------------------- ##
## Running config.status. ##
## ---------------------- ##

This file was extended by config.status, which was
generated by GNU Autoconf 2.72.  Invocation command line was

  CONFIG_FILES    = 
  CONFIG_HEADERS  = 
  CONFIG_LINKS    = 
  CONFIG_COMMANDS = 
  $ ./config.status 

on 10-17-61-211.dynapool.wireless.nyu.edu

config.status:758: creating Makefile
config.status:758: creating demo/Makefile
config.status:758: creating g2_perl/Makefile.PL
config.status:758: creating g2_python/Makefile

## ---------------- ##
## Cache variables. ##
## ---------------- ##

ac_cv_build=aarch64-apple-darwin23.3.0
ac_cv_c_compiler_gnu=yes
ac_cv_cxx_compiler_gnu=yes
ac_cv_env_CCC_set=
ac_cv_env_CCC_value=
ac_cv_env_CC_set=set
ac_cv_env_CC_value=gcc
ac_cv_env_CFLAGS_set=set
ac_cv_env_CFLAGS_value='-g -O2'
ac_cv_env_CPPFLAGS_set=
ac_cv_env_CPPFLAGS_value=
ac_cv_env_CPP_set=
ac_cv_env_CPP_value=
ac_cv_env_CXXFLAGS_set=set
ac_cv_env_CXXFLAGS_value='-g -O2'
ac_cv_env_CXX_set=set
ac_cv_env_CXX_value='g++ -std=gnu++11'
ac_cv_env_LDFLAGS_set=
ac_cv_env_LDFLAGS_value=
ac_cv_env_LIBS_set=
ac_cv_env_LIBS_value=
ac_cv_env_XMKMF_set=
ac_cv_env_XMKMF_value=
ac_cv_env_build_alias_set=
ac_cv_env_build_alias_value=
ac_cv_env_host_alias_set=
ac_cv_env_host_alias_value=
ac_cv_env_target_alias_set=
ac_cv_env_target_alias_value=
ac_cv_have_x=have_x=no
ac_cv_header_inttypes_h=yes
ac_cv_header_limits_h=yes
ac_cv_header_stdint_h=yes
ac_cv_header_stdio_h=yes
ac_cv_header_stdlib_h=yes
ac_cv_header_string_h=yes
ac_cv_header_strings_h=yes
ac_cv_header_sys_stat_h=yes
ac_cv_header_sys_types_h=yes
ac_cv_header_unistd_h=yes
ac_cv_host=aarch64-apple-darwin23.3.0
ac_cv_lib_X11_main=no
ac_cv_lib_Xext_main=no
ac_cv_lib_dl_dlopen=yes
ac_cv_lib_gd_main=no
ac_cv_lib_m_main=yes
ac_cv_objext=o
ac_cv_path_EGREP='/usr/bin/grep -E'
ac_cv_path_EGREP_TRADITIONAL='/usr/bin/grep -E'
ac_cv_path_GREP=/usr/bin/grep
ac_cv_path_install='/usr/bin/install -c'
ac_cv_prog_CPP='gcc -E'
ac_cv_prog_FIND=find
ac_cv_prog_MAKEDEPEND=:
ac_cv_prog_ac_ct_CC=gcc
ac_cv_prog_cc_c11=
ac_cv_prog_cc_g=yes
ac_cv_prog_cc_stdc=
ac_cv_prog_cxx_cxx11=
ac_cv_prog_cxx_g=yes
ac_cv_prog_cxx_stdcxx=

## ----------------- ##
## Output variables. ##
## ----------------- ##

AR='ar'
CC='gcc'
CFLAGS='-g -O2  -I/usr/local/include'
CPP='gcc -E'
CPPFLAGS=''
CXX='g++ -std=gnu++11'
CXXFLAGS='-g -O2'
DEFS='-DPACKAGE_NAME=\"\" -DPACKAGE_TARNAME=\"\" -DPACKAGE_VERSION=\"\" -DPACKAGE_STRING=\"\" -DPACKAGE_BUGREPORT=\"\" -DPACKAGE_URL=\"\" -DUNIX=1 -DX_DISPLAY_MISSING=1 -DDO_PS=1 -DDO_FIG=1 -DHAVE_STDIO_H=1 -DHAVE_STDLIB_H=1 -DHAVE_STRING_H=1 -DHAVE_INTTYPES_H=1 -DHAVE_STDINT_H=1 -DHAVE_STRINGS_H=1 -DHAVE_SYS_STAT_H=1 -DHAVE_SYS_TYPES_H=1 -DHAVE_UNISTD_H=1 -DSTDC_HEADERS=1 -DHAVE_LIMITS_H=1'
DO_FIG=''
DO_GD='#'
DO_GIF='#'
DO_PS=''
DO_WIN32='#'
DO_X11='#'
DO_XDBE='#'
ECHO_C='\c'
ECHO_N=''
ECHO_T=''
EGREP='/usr/bin/grep -E'
EXEEXT=''
FIND='find'
GREP='/usr/bin/grep'
INSTALL_DATA='${INSTALL} -m 644'
INSTALL_PROGRAM='${INSTALL}'
INSTALL_SCRIPT='${INSTALL}'
LDFLAGS=''
LD_SHARED=''
LD_SHARED_EXT='so'
LD_SHARED_FLAGS=''
LD_SHARED_OPT=''
LIBOBJS=''
LIBS=' -L/usr/local/lib -lm'
LTLIBOBJS=''
MAKEDEPEND=':'
OBJEXT='o'
PACKAGE_BUGREPORT=''
PACKAGE_NAME=''
PACKAGE_STRING=''
PACKAGE_TARNAME=''
PACKAGE_URL=''
PACKAGE_VERSION=''
PATH_SEPARATOR=':'
RANLIB='ranlib'
SHELL='/bin/sh'
XMKMF=''
X_CFLAGS=''
X_EXTRA_LIBS=''
X_LIBS=''
X_PRE_LIBS=''
ac_ct_CC='gcc'
ac_ct_CXX=''
bindir='${exec_prefix}/bin'
build='aarch64-apple-darwin23.3.0'
build_alias=''
build_cpu='aarch64'
build_os='darwin23.3.0'
build_vendor='apple'
datadir='${datarootdir}'
datarootdir='${prefix}/share'
docdir='${datarootdir}/doc/${PACKAGE}'
dvidir='${docdir}'
exec_prefix='${prefix}'
host='aarch64-apple-darwin23.3.0'
host_alias=''
host_cpu='aarch64'
host_os='darwin23.3.0'
host_vendor='apple'
htmldir='${docdir}'
includedir='${prefix}/include'
infodir='${datarootdir}/info'
libdir='${exec_prefix}/lib'
libexecdir='${exec_prefix}/libexec'
localedir='${datarootdir}/locale'
localstatedir='${prefix}/var'
mandir='${datarootdir}/man'
oldincludedir='/usr/include'
pdfdir='${docdir}'
prefix='/usr/local'
program_transform_name='s,x,x,'
psdir='${docdir}'
runstatedir='${localstatedir}/run'
sbindir='${exec_prefix}/sbin'
sharedstatedir='${prefix}/com'
sysconfdir='${prefix}/etc'
target_alias=''

## ----------- ##
## confdefs.h. ##
## ----------- ##

/* confdefs.h */
#define PACKAGE_NAME ""
#define PACKAGE_TARNAME ""
#define PACKAGE_VERSION ""
#define PACKAGE_STRING ""
#define PACKAGE_BUGREPORT ""
#define PACKAGE_URL ""
#define UNIX 1
#define X_DISPLAY_MISSING 1
#define DO_PS 1
#define DO_FIG 1
#define HAVE_STDIO_H 1
#define HAVE_STDLIB_H 1
#define HAVE_STRING_H 1
#define HAVE_INTTYPES_H 1
#define HAVE_STDINT_H 1
#define HAVE_STRINGS_H 1
#define HAVE_SYS_STAT_H 1
#define HAVE_SYS_TYPES_H 1
#define HAVE_UNISTD_H 1
#define STDC_HEADERS 1
#define HAVE_LIMITS_H 1

configure: exit 0
